{"numTotalTestSuites":175,"numPassedTestSuites":175,"numFailedTestSuites":0,"numPendingTestSuites":0,"numTotalTests":648,"numPassedTests":644,"numFailedTests":0,"numPendingTests":4,"numTodoTests":0,"snapshot":{"added":0,"failure":false,"filesAdded":0,"filesRemoved":0,"filesRemovedList":[],"filesUnmatched":0,"filesUpdated":0,"matched":0,"total":0,"unchecked":0,"uncheckedKeysByFile":[],"unmatched":0,"updated":0,"didUpdate":false},"startTime":1785507899769,"success":true,"testResults":[{"assertionResults":[{"ancestorTitles":["retired edit-boundary packed-payload guard"],"fullName":"retired edit-boundary packed-payload guard keeps the importable guard free of a shebang for Windows Node 20","status":"passed","title":"keeps the importable guard free of a shebang for Windows Node 20","duration":1.7259000000000242,"failureMessages":[],"meta":{}},{"ancestorTitles":["retired edit-boundary packed-payload guard"],"fullName":"retired edit-boundary packed-payload guard allows exact migration payloads and historical docs while runtime surfaces stay clean","status":"passed","title":"allows exact migration payloads and historical docs while runtime surfaces stay clean","duration":42.43299999999999,"failureMessages":[],"meta":{}},{"ancestorTitles":["retired edit-boundary packed-payload guard"],"fullName":"retired edit-boundary packed-payload guard rejects a bare retired CLI command surface","status":"passed","title":"rejects a bare retired CLI command surface","duration":35.574400000000026,"failureMessages":[],"meta":{}},{"ancestorTitles":["retired edit-boundary packed-payload guard"],"fullName":"retired edit-boundary packed-payload guard rejects a bare retired AgentCommand method surface","status":"passed","title":"rejects a bare retired AgentCommand method surface","duration":32.27529999999996,"failureMessages":[],"meta":{}},{"ancestorTitles":["retired edit-boundary packed-payload guard"],"fullName":"retired edit-boundary packed-payload guard rejects a bare retired completion entry surface","status":"passed","title":"rejects a bare retired completion entry surface","duration":28.793000000000006,"failureMessages":[],"meta":{}},{"ancestorTitles":["retired edit-boundary packed-payload guard"],"fullName":"retired edit-boundary packed-payload guard rejects a bare retired public type export surface","status":"passed","title":"rejects a bare retired public type export surface","duration":23.09530000000001,"failureMessages":[],"meta":{}},{"ancestorTitles":["retired edit-boundary packed-payload guard"],"fullName":"retired edit-boundary packed-payload guard rejects a bare retired public runtime export surface","status":"passed","title":"rejects a bare retired public runtime export surface","duration":32.3809,"failureMessages":[],"meta":{}},{"ancestorTitles":["retired edit-boundary packed-payload guard"],"fullName":"retired edit-boundary packed-payload guard rejects a bare retired adapter classification surface","status":"passed","title":"rejects a bare retired adapter classification surface","duration":28.705100000000016,"failureMessages":[],"meta":{}},{"ancestorTitles":["retired edit-boundary packed-payload guard"],"fullName":"retired edit-boundary packed-payload guard rejects a bare retired adapter implementation surface","status":"passed","title":"rejects a bare retired adapter implementation surface","duration":31.630800000000022,"failureMessages":[],"meta":{}},{"ancestorTitles":["retired edit-boundary packed-payload guard"],"fullName":"retired edit-boundary packed-payload guard rejects the forbidden live module dist/core/edit-boundary.d.ts from package metadata","status":"passed","title":"rejects the forbidden live module dist/core/edit-boundary.d.ts from package metadata","duration":19.763500000000022,"failureMessages":[],"meta":{}},{"ancestorTitles":["retired edit-boundary packed-payload guard"],"fullName":"retired edit-boundary packed-payload guard rejects the forbidden live module dist/core/edit-boundary.js from package metadata","status":"passed","title":"rejects the forbidden live module dist/core/edit-boundary.js from package metadata","duration":18.70079999999996,"failureMessages":[],"meta":{}},{"ancestorTitles":["retired edit-boundary packed-payload guard"],"fullName":"retired edit-boundary packed-payload guard rejects the forbidden live module dist/core/edit-boundary-hooks.d.ts from package metadata","status":"passed","title":"rejects the forbidden live module dist/core/edit-boundary-hooks.d.ts from package metadata","duration":15.84069999999997,"failureMessages":[],"meta":{}},{"ancestorTitles":["retired edit-boundary packed-payload guard"],"fullName":"retired edit-boundary packed-payload guard rejects the forbidden live module dist/core/edit-boundary-hooks.js from package metadata","status":"passed","title":"rejects the forbidden live module dist/core/edit-boundary-hooks.js from package metadata","duration":18.98580000000004,"failureMessages":[],"meta":{}},{"ancestorTitles":["retired edit-boundary packed-payload guard"],"fullName":"retired edit-boundary packed-payload guard requires retirement cleanup from dist/core/init.js","status":"passed","title":"requires retirement cleanup from dist/core/init.js","duration":20.847600000000057,"failureMessages":[],"meta":{}},{"ancestorTitles":["retired edit-boundary packed-payload guard"],"fullName":"retired edit-boundary packed-payload guard requires retirement cleanup from dist/core/update.js","status":"passed","title":"requires retirement cleanup from dist/core/update.js","duration":21.094900000000052,"failureMessages":[],"meta":{}}],"startTime":1785508172166,"endTime":1785508172539.095,"status":"passed","message":"","name":"E:/AI/ChatAI/Agents/VibeCodingProjects/workflow/Reference/OpenSpec-code-wt-pr121-review/test/retired-edit-boundary-package-check.test.ts"},{"assertionResults":[{"ancestorTitles":["config ui command"],"fullName":"config ui command adopts the resident daemon, prints the /config URL with its token, and opens the browser by default","status":"passed","title":"adopts the resident daemon, prints the /config URL with its token, and opens the browser by default","duration":985.9637999999999,"failureMessages":[],"meta":{}},{"ancestorTitles":["config ui command"],"fullName":"config ui command prints a one-line deprecation notice naming `rasen ui` (design D1)","status":"passed","title":"prints a one-line deprecation notice naming `rasen ui` (design D1)","duration":469.21490000000017,"failureMessages":[],"meta":{}},{"ancestorTitles":["config ui command"],"fullName":"config ui command prints the install hint when the UI package is not resolved","status":"passed","title":"prints the install hint when the UI package is not resolved","duration":455.5601999999999,"failureMessages":[],"meta":{}},{"ancestorTitles":["config ui command"],"fullName":"config ui command --no-open suppresses the browser","status":"passed","title":"--no-open suppresses the browser","duration":490.8367000000003,"failureMessages":[],"meta":{}},{"ancestorTitles":["config ui command"],"fullName":"config ui command spawns a daemon when nothing listens and prints its URL","status":"passed","title":"spawns a daemon when nothing listens and prints its URL","duration":439.65660000000025,"failureMessages":[],"meta":{}},{"ancestorTitles":["config ui command"],"fullName":"config ui command fails without touching a foreign listener","status":"passed","title":"fails without touching a foreign listener","duration":473.28049999999985,"failureMessages":[],"meta":{}},{"ancestorTitles":["config ui command"],"fullName":"config ui command rejects a non-numeric --port without starting anything","status":"passed","title":"rejects a non-numeric --port without starting anything","duration":217.51139999999987,"failureMessages":[],"meta":{}}],"startTime":1785508153961,"endTime":1785508157492.5115,"status":"passed","message":"","name":"E:/AI/ChatAI/Agents/VibeCodingProjects/workflow/Reference/OpenSpec-code-wt-pr121-review/test/commands/config-ui.test.ts"},{"assertionResults":[{"ancestorTitles":["declared store fallback (3.2)"],"fullName":"declared store fallback (3.2) runs the externalized-planning journey without --store anywhere","status":"passed","title":"runs the externalized-planning journey without --store anywhere","duration":8619.2616,"failureMessages":[],"meta":{}},{"ancestorTitles":["declared store fallback (3.2)"],"fullName":"declared store fallback (3.2) composes with 3.1: the declared root surfaces the store own references","status":"passed","title":"composes with 3.1: the declared root surfaces the store own references","duration":1929.3244000000013,"failureMessages":[],"meta":{}},{"ancestorTitles":["declared store fallback (3.2)"],"fullName":"declared store fallback (3.2) refuses init in a pointer repo and creates nothing, then converts cleanly","status":"passed","title":"refuses init in a pointer repo and creates nothing, then converts cleanly","duration":3120.9079999999994,"failureMessages":[],"meta":{}},{"ancestorTitles":["declared store fallback (3.2)"],"fullName":"declared store fallback (3.2) installs an explicit tool through an alias of the exact pointer root","status":"passed","title":"installs an explicit tool through an alias of the exact pointer root","duration":1539.6154999999999,"failureMessages":[],"meta":{}},{"ancestorTitles":["declared store fallback (3.2)"],"fullName":"declared store fallback (3.2) refuses init for malformed pointers and from pointer-repo subdirectories","status":"passed","title":"refuses init for malformed pointers and from pointer-repo subdirectories","duration":1770.1328999999987,"failureMessages":[],"meta":{}},{"ancestorTitles":["declared store fallback (3.2)"],"fullName":"declared store fallback (3.2) keeps real-root stdout byte-identical when a pointer is present, with one notice","status":"passed","title":"keeps real-root stdout byte-identical when a pointer is present, with one notice","duration":1711.323800000002,"failureMessages":[],"meta":{}}],"startTime":1785508130372,"endTime":1785508149062.3237,"status":"passed","message":"","name":"E:/AI/ChatAI/Agents/VibeCodingProjects/workflow/Reference/OpenSpec-code-wt-pr121-review/test/commands/declared-store-fallback.test.ts"},{"assertionResults":[{"ancestorTitles":["new change --pipeline across two worktrees of one project"],"fullName":"new change --pipeline across two worktrees of one project succeeds in both worktrees and keeps run-state in each execution root","status":"passed","title":"succeeds in both worktrees and keeps run-state in each execution root","duration":2590.8704,"failureMessages":[],"meta":{}},{"ancestorTitles":["new change --pipeline across two worktrees of one project"],"fullName":"new change --pipeline across two worktrees of one project pipeline resume finds the new run-state location in each worktree","status":"passed","title":"pipeline resume finds the new run-state location in each worktree","duration":4600.7075,"failureMessages":[],"meta":{}}],"startTime":1785508160842,"endTime":1785508168033.7075,"status":"passed","message":"","name":"E:/AI/ChatAI/Agents/VibeCodingProjects/workflow/Reference/OpenSpec-code-wt-pr121-review/test/commands/new-change-worktree-collision.test.ts"},{"assertionResults":[{"ancestorTitles":["pipeline messages"],"fullName":"pipeline messages formats stable prompt and result keys in 'en'","status":"passed","title":"formats stable prompt and result keys in 'en'","duration":1.45799999999997,"failureMessages":[],"meta":{}},{"ancestorTitles":["pipeline messages"],"fullName":"pipeline messages formats stable prompt and result keys in 'ja'","status":"passed","title":"formats stable prompt and result keys in 'ja'","duration":0.2687999999999988,"failureMessages":[],"meta":{}},{"ancestorTitles":["pipeline messages"],"fullName":"pipeline messages formats stable prompt and result keys in 'zh-cn'","status":"passed","title":"formats stable prompt and result keys in 'zh-cn'","duration":0.1765999999999508,"failureMessages":[],"meta":{}},{"ancestorTitles":["pipeline messages"],"fullName":"pipeline messages formats typed transitive notices in 'en'","status":"passed","title":"formats typed transitive notices in 'en'","duration":0.3605999999999767,"failureMessages":[],"meta":{}},{"ancestorTitles":["pipeline messages"],"fullName":"pipeline messages formats typed transitive notices in 'ja'","status":"passed","title":"formats typed transitive notices in 'ja'","duration":0.16109999999997626,"failureMessages":[],"meta":{}},{"ancestorTitles":["pipeline messages"],"fullName":"pipeline messages formats typed transitive notices in 'zh-cn'","status":"passed","title":"formats typed transitive notices in 'zh-cn'","duration":0.14519999999998845,"failureMessages":[],"meta":{}},{"ancestorTitles":["pipeline messages"],"fullName":"pipeline messages formats the inheriting-store-config and unavailable-store notices","status":"passed","title":"formats the inheriting-store-config and unavailable-store notices","duration":0.6096999999999753,"failureMessages":[],"meta":{}},{"ancestorTitles":["pipeline messages"],"fullName":"pipeline messages formats typed command errors in 'en'","status":"passed","title":"formats typed command errors in 'en'","duration":0.3813999999999851,"failureMessages":[],"meta":{}},{"ancestorTitles":["pipeline messages"],"fullName":"pipeline messages formats typed command errors in 'ja'","status":"passed","title":"formats typed command errors in 'ja'","duration":0.1793999999999869,"failureMessages":[],"meta":{}},{"ancestorTitles":["pipeline messages"],"fullName":"pipeline messages formats typed command errors in 'zh-cn'","status":"passed","title":"formats typed command errors in 'zh-cn'","duration":0.15459999999995944,"failureMessages":[],"meta":{}},{"ancestorTitles":["pipeline messages"],"fullName":"pipeline messages localizes core error framing in 'en' while retaining raw detail","status":"passed","title":"localizes core error framing in 'en' while retaining raw detail","duration":0.16919999999998936,"failureMessages":[],"meta":{}},{"ancestorTitles":["pipeline messages"],"fullName":"pipeline messages localizes core error framing in 'ja' while retaining raw detail","status":"passed","title":"localizes core error framing in 'ja' while retaining raw detail","duration":0.14299999999997226,"failureMessages":[],"meta":{}},{"ancestorTitles":["pipeline messages"],"fullName":"pipeline messages localizes core error framing in 'zh-cn' while retaining raw detail","status":"passed","title":"localizes core error framing in 'zh-cn' while retaining raw detail","duration":0.09800000000001319,"failureMessages":[],"meta":{}},{"ancestorTitles":["pipeline messages"],"fullName":"pipeline messages localizes package descriptions but preserves project and user content in ja","status":"passed","title":"localizes package descriptions but preserves project and user content in ja","duration":0.5597999999999956,"failureMessages":[],"meta":{}},{"ancestorTitles":["pipeline messages"],"fullName":"pipeline messages localizes package descriptions but preserves project and user content in zh-cn","status":"passed","title":"localizes package descriptions but preserves project and user content in zh-cn","duration":0.11159999999995307,"failureMessages":[],"meta":{}}],"startTime":1785508158076,"endTime":1785508158081.1116,"status":"passed","message":"","name":"E:/AI/ChatAI/Agents/VibeCodingProjects/workflow/Reference/OpenSpec-code-wt-pr121-review/test/commands/pipeline-messages.test.ts"},{"assertionResults":[{"ancestorTitles":["ship workflow (delivery modes + evidence-based test gate)","registration"],"fullName":"ship workflow (delivery modes + evidence-based test gate) registration is registered as a skill template with the expected dirName and name","status":"passed","title":"is registered as a skill template with the expected dirName and name","duration":22.80659999999989,"failureMessages":[],"meta":{}},{"ancestorTitles":["ship workflow (delivery modes + evidence-based test gate)","instruction content"],"fullName":"ship workflow (delivery modes + evidence-based test gate) instruction content resolves exactly one of the three delivery modes","status":"passed","title":"resolves exactly one of the three delivery modes","duration":0.45039999999994507,"failureMessages":[],"meta":{}},{"ancestorTitles":["ship workflow (delivery modes + evidence-based test gate)","instruction content"],"fullName":"ship workflow (delivery modes + evidence-based test gate) instruction content never falls back to the repository default branch as the integration base","status":"passed","title":"never falls back to the repository default branch as the integration base","duration":0.2867999999999711,"failureMessages":[],"meta":{}},{"ancestorTitles":["ship workflow (delivery modes + evidence-based test gate)","instruction content"],"fullName":"ship workflow (delivery modes + evidence-based test gate) instruction content owns the commit, honoring hooks without bypass","status":"passed","title":"owns the commit, honoring hooks without bypass","duration":0.2518999999999778,"failureMessages":[],"meta":{}},{"ancestorTitles":["ship workflow (delivery modes + evidence-based test gate)","instruction content"],"fullName":"ship workflow (delivery modes + evidence-based test gate) instruction content merges the integration base only in pr mode","status":"passed","title":"merges the integration base only in pr mode","duration":0.19860000000005584,"failureMessages":[],"meta":{}},{"ancestorTitles":["ship workflow (delivery modes + evidence-based test gate)","instruction content"],"fullName":"ship workflow (delivery modes + evidence-based test gate) instruction content gates tests on evidence instead of running unconditionally","status":"passed","title":"gates tests on evidence instead of running unconditionally","duration":0.43259999999997945,"failureMessages":[],"meta":{}},{"ancestorTitles":["ship workflow (delivery modes + evidence-based test gate)","instruction content"],"fullName":"ship workflow (delivery modes + evidence-based test gate) instruction content delivers per mode, deferring local delivery to the portfolio level","status":"passed","title":"delivers per mode, deferring local delivery to the portfolio level","duration":0.21730000000002292,"failureMessages":[],"meta":{}},{"ancestorTitles":["ship workflow (delivery modes + evidence-based test gate)","instruction content"],"fullName":"ship workflow (delivery modes + evidence-based test gate) instruction content presents on-merge retention before the later archive action without running it inline","status":"passed","title":"presents on-merge retention before the later archive action without running it inline","duration":0.3067999999999529,"failureMessages":[],"meta":{}}],"startTime":1785508184403,"endTime":1785508184428.307,"status":"passed","message":"","name":"E:/AI/ChatAI/Agents/VibeCodingProjects/workflow/Reference/OpenSpec-code-wt-pr121-review/test/commands/ship.test.ts"},{"assertionResults":[{"ancestorTitles":["store identity CLI surface"],"fullName":"store identity CLI surface leaves the store metadata and the registry byte-identical across every read-only command","status":"passed","title":"leaves the store metadata and the registry byte-identical across every read-only command","duration":7487.0035,"failureMessages":[],"meta":{}},{"ancestorTitles":["store identity CLI surface"],"fullName":"store identity CLI surface reports an unavailable declared store in doctor and keeps running","status":"passed","title":"reports an unavailable declared store in doctor and keeps running","duration":976.5033000000012,"failureMessages":[],"meta":{}},{"ancestorTitles":["store identity CLI surface"],"fullName":"store identity CLI surface agrees between human and JSON output on codes and repair commands","status":"passed","title":"agrees between human and JSON output on codes and repair commands","duration":2917.7929999999997,"failureMessages":[],"meta":{}},{"ancestorTitles":["store identity CLI surface"],"fullName":"store identity CLI surface doctor and bootstrap --check agree on the same Stores and repairs","status":"passed","title":"doctor and bootstrap --check agree on the same Stores and repairs","duration":2288.045399999999,"failureMessages":[],"meta":{}},{"ancestorTitles":["store identity CLI surface"],"fullName":"store identity CLI surface stops a project-scoped config read whose declared store is unavailable","status":"passed","title":"stops a project-scoped config read whose declared store is unavailable","duration":1738.4930999999997,"failureMessages":[],"meta":{}},{"ancestorTitles":["store identity CLI surface"],"fullName":"store identity CLI surface exits non-zero from both doctors while still reporting the diagnosis","status":"passed","title":"exits non-zero from both doctors while still reporting the diagnosis","duration":3739.8731000000007,"failureMessages":[],"meta":{}},{"ancestorTitles":["store identity CLI surface"],"fullName":"store identity CLI surface keeps machine scope readable and fails project scope with a rendered error","status":"passed","title":"keeps machine scope readable and fails project scope with a rendered error","duration":2569.2003000000004,"failureMessages":[],"meta":{}},{"ancestorTitles":["store identity CLI surface","two stores sharing a display name"],"fullName":"store identity CLI surface two stores sharing a display name reports ambiguity with a placeholder repair, never a chosen candidate","status":"passed","title":"reports ambiguity with a placeholder repair, never a chosen candidate","duration":4257.6361,"failureMessages":[],"meta":{}},{"ancestorTitles":["store identity CLI surface","two stores sharing a display name"],"fullName":"store identity CLI surface two stores sharing a display name selects a store by permanent identity when the display name is ambiguous","status":"passed","title":"selects a store by permanent identity when the display name is ambiguous","duration":5763.5071000000025,"failureMessages":[],"meta":{}},{"ancestorTitles":["store identity CLI surface","two stores sharing a display name"],"fullName":"store identity CLI surface two stores sharing a display name warns, on both surfaces, that the display name has become ambiguous","status":"passed","title":"warns, on both surfaces, that the display name has become ambiguous","duration":4935.901900000001,"failureMessages":[],"meta":{}},{"ancestorTitles":["store identity CLI surface","two stores sharing a display name"],"fullName":"store identity CLI surface two stores sharing a display name unregisters by permanent identity, and refuses the ambiguous name","status":"passed","title":"unregisters by permanent identity, and refuses the ambiguous name","duration":5006.311399999999,"failureMessages":[],"meta":{}},{"ancestorTitles":["store identity CLI surface","two stores sharing a display name"],"fullName":"store identity CLI surface two stores sharing a display name diagnoses one twin by permanent identity","status":"passed","title":"diagnoses one twin by permanent identity","duration":3496.6198000000004,"failureMessages":[],"meta":{}},{"ancestorTitles":["store identity CLI surface","two stores sharing a display name"],"fullName":"store identity CLI surface two stores sharing a display name reports the display-name rename that re-registering performs","status":"passed","title":"reports the display-name rename that re-registering performs","duration":3430.2054999999964,"failureMessages":[],"meta":{}},{"ancestorTitles":["store identity CLI surface","two stores sharing a display name"],"fullName":"store identity CLI surface two stores sharing a display name refuses store setup on a repeated name without naming an arbitrary incumbent","status":"passed","title":"refuses store setup on a repeated name without naming an arbitrary incumbent","duration":3395.4884999999995,"failureMessages":[],"meta":{}},{"ancestorTitles":["store identity CLI surface","two stores sharing a display name"],"fullName":"store identity CLI surface two stores sharing a display name adds a project to a store named by permanent identity","status":"passed","title":"adds a project to a store named by permanent identity","duration":3800.7335999999996,"failureMessages":[],"meta":{}},{"ancestorTitles":["store identity CLI surface","two stores sharing a display name"],"fullName":"store identity CLI surface two stores sharing a display name adopts into a store named by permanent identity, recording a resolvable declaration","status":"passed","title":"adopts into a store named by permanent identity, recording a resolvable declaration","duration":6695.3022000000055,"failureMessages":[],"meta":{}},{"ancestorTitles":["store identity CLI surface","two stores sharing a display name"],"fullName":"store identity CLI surface two stores sharing a display name accepts a permanent identity as the upgrade-identity operand","status":"passed","title":"accepts a permanent identity as the upgrade-identity operand","duration":3511.8812999999936,"failureMessages":[],"meta":{}},{"ancestorTitles":["store identity CLI surface","two stores sharing a display name"],"fullName":"store identity CLI surface two stores sharing a display name tells two same-named stores apart when reporting an unknown one","status":"passed","title":"tells two same-named stores apart when reporting an unknown one","duration":3318.886400000003,"failureMessages":[],"meta":{}},{"ancestorTitles":["store identity CLI surface"],"fullName":"store identity CLI surface reports which entries keep the registry keyed by display name","status":"passed","title":"reports which entries keep the registry keyed by display name","duration":853.0929000000033,"failureMessages":[],"meta":{}},{"ancestorTitles":["store identity CLI surface"],"fullName":"store identity CLI surface previews exactly what the identity upgrade then writes","status":"passed","title":"previews exactly what the identity upgrade then writes","duration":3333.3503999999957,"failureMessages":[],"meta":{}},{"ancestorTitles":["store identity CLI surface"],"fullName":"store identity CLI surface previews and applies the identity upgrade from the CLI","status":"passed","title":"previews and applies the identity upgrade from the CLI","duration":2491.0655000000115,"failureMessages":[],"meta":{}}],"startTime":1785507900291,"endTime":1785507976299.0654,"status":"passed","message":"","name":"E:/AI/ChatAI/Agents/VibeCodingProjects/workflow/Reference/OpenSpec-code-wt-pr121-review/test/commands/store-identity-cli.test.ts"},{"assertionResults":[{"ancestorTitles":["ui command"],"fullName":"ui command is listed in --help as the management platform entry point (management-ui-command spec)","status":"passed","title":"is listed in --help as the management platform entry point (management-ui-command spec)","duration":681.2166,"failureMessages":[],"meta":{}},{"ancestorTitles":["ui command","default (adopt-or-spawn) form"],"fullName":"ui command default (adopt-or-spawn) form adopts a running same-version daemon without spawning","status":"passed","title":"adopts a running same-version daemon without spawning","duration":465.7908,"failureMessages":[],"meta":{}},{"ancestorTitles":["ui command","default (adopt-or-spawn) form"],"fullName":"ui command default (adopt-or-spawn) form spawns a daemon when nothing listens and prints its URL","status":"passed","title":"spawns a daemon when nothing listens and prints its URL","duration":438.4351999999999,"failureMessages":[],"meta":{}},{"ancestorTitles":["ui command","default (adopt-or-spawn) form"],"fullName":"ui command default (adopt-or-spawn) form review round 1 M1: replaces a stale-version daemon — kills it by its reported pid, waits for the port to free, then spawns fresh","status":"passed","title":"review round 1 M1: replaces a stale-version daemon — kills it by its reported pid, waits for the port to free, then spawns fresh","duration":391.31769999999983,"failureMessages":[],"meta":{}},{"ancestorTitles":["ui command","default (adopt-or-spawn) form"],"fullName":"ui command default (adopt-or-spawn) form review round 1 M1: fails, without spawning, when the stale daemon's port cannot be freed in time","status":"passed","title":"review round 1 M1: fails, without spawning, when the stale daemon's port cannot be freed in time","duration":423.01089999999976,"failureMessages":[],"meta":{}},{"ancestorTitles":["ui command","default (adopt-or-spawn) form"],"fullName":"ui command default (adopt-or-spawn) form fails without touching a foreign listener","status":"passed","title":"fails without touching a foreign listener","duration":431.7999,"failureMessages":[],"meta":{}},{"ancestorTitles":["ui command","default (adopt-or-spawn) form"],"fullName":"ui command default (adopt-or-spawn) form fails with remediation, no kill, when the adopted daemon token is unreadable","status":"passed","title":"fails with remediation, no kill, when the adopted daemon token is unreadable","duration":517.1614999999997,"failureMessages":[],"meta":{}},{"ancestorTitles":["ui command","--no-daemon (self-hosted foreground form)"],"fullName":"ui command --no-daemon (self-hosted foreground form) starts the management server, prints the root URL with the token fragment, and opens the browser by default","status":"passed","title":"starts the management server, prints the root URL with the token fragment, and opens the browser by default","duration":618.0155,"failureMessages":[],"meta":{}},{"ancestorTitles":["ui command","--no-daemon (self-hosted foreground form)"],"fullName":"ui command --no-daemon (self-hosted foreground form) prints the install hint when the UI package is not resolved","status":"passed","title":"prints the install hint when the UI package is not resolved","duration":666.6855999999998,"failureMessages":[],"meta":{}},{"ancestorTitles":["ui command","--no-daemon (self-hosted foreground form)"],"fullName":"ui command --no-daemon (self-hosted foreground form) --no-open suppresses the browser","status":"passed","title":"--no-open suppresses the browser","duration":543.7421000000004,"failureMessages":[],"meta":{}},{"ancestorTitles":["ui command","--no-daemon (self-hosted foreground form)"],"fullName":"ui command --no-daemon (self-hosted foreground form) passes --port through to the server start call","status":"passed","title":"passes --port through to the server start call","duration":525.4751999999999,"failureMessages":[],"meta":{}},{"ancestorTitles":["ui command","--no-daemon (self-hosted foreground form)"],"fullName":"ui command --no-daemon (self-hosted foreground form) reports a clear error on port collision (EADDRINUSE) and exits non-zero","status":"passed","title":"reports a clear error on port collision (EADDRINUSE) and exits non-zero","duration":521.1341000000002,"failureMessages":[],"meta":{}},{"ancestorTitles":["ui command"],"fullName":"ui command rejects a non-numeric --port without starting anything","status":"passed","title":"rejects a non-numeric --port without starting anything","duration":180.36319999999978,"failureMessages":[],"meta":{}},{"ancestorTitles":["ui command"],"fullName":"ui command rejects an out-of-range --port without starting anything","status":"passed","title":"rejects an out-of-range --port without starting anything","duration":185.58889999999974,"failureMessages":[],"meta":{}}],"startTime":1785508107750,"endTime":1785508114340.5889,"status":"passed","message":"","name":"E:/AI/ChatAI/Agents/VibeCodingProjects/workflow/Reference/OpenSpec-code-wt-pr121-review/test/commands/ui.test.ts"},{"assertionResults":[{"ancestorTitles":["top-level validate command"],"fullName":"top-level validate command prints a helpful hint when no args in non-interactive mode","status":"passed","title":"prints a helpful hint when no args in non-interactive mode","duration":836.7672,"failureMessages":[],"meta":{}},{"ancestorTitles":["top-level validate command"],"fullName":"top-level validate command validates all with --all and outputs JSON summary","status":"passed","title":"validates all with --all and outputs JSON summary","duration":925.548,"failureMessages":[],"meta":{}},{"ancestorTitles":["top-level validate command"],"fullName":"top-level validate command validates only specs with --specs and respects --concurrency","status":"passed","title":"validates only specs with --specs and respects --concurrency","duration":820.5025,"failureMessages":[],"meta":{}},{"ancestorTitles":["top-level validate command"],"fullName":"top-level validate command errors on ambiguous item names and suggests type override","status":"passed","title":"errors on ambiguous item names and suggests type override","duration":834.6106999999997,"failureMessages":[],"meta":{}},{"ancestorTitles":["top-level validate command"],"fullName":"top-level validate command accepts change proposals saved with CRLF line endings","status":"passed","title":"accepts change proposals saved with CRLF line endings","duration":807.4823000000001,"failureMessages":[],"meta":{}},{"ancestorTitles":["top-level validate command"],"fullName":"top-level validate command resolves and validates a scaffolded change without proposal.md (#1182)","status":"passed","title":"resolves and validates a scaffolded change without proposal.md (#1182)","duration":817.6531999999997,"failureMessages":[],"meta":{}},{"ancestorTitles":["top-level validate command"],"fullName":"top-level validate command a resolved-but-invalid proposal-less change exits non-zero, not \"Unknown item\" (#1182)","status":"passed","title":"a resolved-but-invalid proposal-less change exits non-zero, not \"Unknown item\" (#1182)","duration":875.1824999999999,"failureMessages":[],"meta":{}},{"ancestorTitles":["top-level validate command"],"fullName":"top-level validate command includes a sole proposal-less change in --all (not \"No items found\") (#1182)","status":"passed","title":"includes a sole proposal-less change in --all (not \"No items found\") (#1182)","duration":930.0187000000005,"failureMessages":[],"meta":{}},{"ancestorTitles":["top-level validate command"],"fullName":"top-level validate command respects --no-interactive flag passed via CLI","status":"passed","title":"respects --no-interactive flag passed via CLI","duration":856.1027000000004,"failureMessages":[],"meta":{}},{"ancestorTitles":["top-level validate command (pipelines)"],"fullName":"top-level validate command (pipelines) reports the three built-ins as valid with --type pipeline (bulk via --pipelines)","status":"passed","title":"reports the three built-ins as valid with --type pipeline (bulk via --pipelines)","duration":877.5898000000016,"failureMessages":[],"meta":{}},{"ancestorTitles":["top-level validate command (pipelines)"],"fullName":"top-level validate command (pipelines) includes pipelines under --all","status":"passed","title":"includes pipelines under --all","duration":872.6271000000015,"failureMessages":[],"meta":{}},{"ancestorTitles":["top-level validate command (pipelines)"],"fullName":"top-level validate command (pipelines) validates all pipelines with `--type pipeline` and no item name","status":"passed","title":"validates all pipelines with `--type pipeline` and no item name","duration":900.6151000000009,"failureMessages":[],"meta":{}},{"ancestorTitles":["top-level validate command (pipelines)"],"fullName":"top-level validate command (pipelines) reports valid:false for a pipeline with a dangling requires reference","status":"passed","title":"reports valid:false for a pipeline with a dangling requires reference","duration":828.7381000000005,"failureMessages":[],"meta":{}},{"ancestorTitles":["top-level validate command (pipelines)"],"fullName":"top-level validate command (pipelines) reports valid:false for a pipeline referencing an unknown skill","status":"passed","title":"reports valid:false for a pipeline referencing an unknown skill","duration":876.6017999999985,"failureMessages":[],"meta":{}},{"ancestorTitles":["top-level validate command (pipelines)"],"fullName":"top-level validate command (pipelines) reports a distinct error for a known workflow skill disabled by the profile","status":"passed","title":"reports a distinct error for a known workflow skill disabled by the profile","duration":1015.8631999999998,"failureMessages":[],"meta":{}},{"ancestorTitles":["top-level validate command (pipelines)"],"fullName":"top-level validate command (pipelines) enables required user workflow skills through dependency closure","status":"passed","title":"enables required user workflow skills through dependency closure","duration":1054.5827000000008,"failureMessages":[],"meta":{}}],"startTime":1785508063955,"endTime":1785508078086.5828,"status":"passed","message":"","name":"E:/AI/ChatAI/Agents/VibeCodingProjects/workflow/Reference/OpenSpec-code-wt-pr121-review/test/commands/validate.test.ts"},{"assertionResults":[{"ancestorTitles":["archive-accounting"],"fullName":"archive-accounting contains codeCommit and NOT a planning-root commit field","status":"passed","title":"contains codeCommit and NOT a planning-root commit field","duration":785.9069999999999,"failureMessages":[],"meta":{}},{"ancestorTitles":["archive-accounting"],"fullName":"archive-accounting records correct sha256 hashes for evidence files","status":"passed","title":"records correct sha256 hashes for evidence files","duration":106.89200000000005,"failureMessages":[],"meta":{}},{"ancestorTitles":["archive-accounting"],"fullName":"archive-accounting lists missing items when ship-log and verification-report are absent","status":"passed","title":"lists missing items when ship-log and verification-report are absent","duration":92.87850000000003,"failureMessages":[],"meta":{}},{"ancestorTitles":["archive-accounting"],"fullName":"archive-accounting does not list items as missing when they exist","status":"passed","title":"does not list items as missing when they exist","duration":92.61069999999995,"failureMessages":[],"meta":{}},{"ancestorTitles":["archive-accounting"],"fullName":"archive-accounting records null planningBranch and clean treeState for non-git roots","status":"passed","title":"records null planningBranch and clean treeState for non-git roots","duration":97.97090000000003,"failureMessages":[],"meta":{}},{"ancestorTitles":["archive-accounting"],"fullName":"archive-accounting records dirty treeState when the working tree has uncommitted changes","status":"passed","title":"records dirty treeState when the working tree has uncommitted changes","duration":709.1475,"failureMessages":[],"meta":{}},{"ancestorTitles":["archive-accounting"],"fullName":"archive-accounting writeArchiveJson writes a parseable file with all fields","status":"passed","title":"writeArchiveJson writes a parseable file with all fields","duration":716.5574000000001,"failureMessages":[],"meta":{}}],"startTime":1785508150298,"endTime":1785508152900.5574,"status":"passed","message":"","name":"E:/AI/ChatAI/Agents/VibeCodingProjects/workflow/Reference/OpenSpec-code-wt-pr121-review/test/core/archive-accounting.test.ts"},{"assertionResults":[{"ancestorTitles":["archive plan/apply engine"],"fullName":"archive plan/apply engine serializes a stable complete plan without mutating the tree","status":"passed","title":"serializes a stable complete plan without mutating the tree","duration":203.59759999999994,"failureMessages":[],"meta":{}},{"ancestorTitles":["archive plan/apply engine"],"fullName":"archive plan/apply engine round-trips a saved canonical plan token and rejects one-byte plan tampering","status":"passed","title":"round-trips a saved canonical plan token and rejects one-byte plan tampering","duration":238.5326,"failureMessages":[],"meta":{}},{"ancestorTitles":["archive plan/apply engine"],"fullName":"archive plan/apply engine treats non-default POSIX directory mode as portable payload metadata","status":"skipped","title":"treats non-default POSIX directory mode as portable payload metadata","failureMessages":[],"meta":{}},{"ancestorTitles":["archive plan/apply engine"],"fullName":"archive plan/apply engine stages, finalizes evidence, cleans, accounts, and removes active source last","status":"passed","title":"stages, finalizes evidence, cleans, accounts, and removes active source last","duration":773.7286999999999,"failureMessages":[],"meta":{}},{"ancestorTitles":["archive plan/apply engine"],"fullName":"archive plan/apply engine appends archive facts without changing any existing ship-log prefix byte","status":"passed","title":"appends archive facts without changing any existing ship-log prefix byte","duration":817.6295,"failureMessages":[],"meta":{}},{"ancestorTitles":["archive plan/apply engine"],"fullName":"archive plan/apply engine refuses a source that drifts after planning without creating a stage","status":"passed","title":"refuses a source that drifts after planning without creating a stage","duration":356.4668999999999,"failureMessages":[],"meta":{}},{"ancestorTitles":["archive plan/apply engine"],"fullName":"archive plan/apply engine projects keep-ephemera from a complete discovery and blocks target races","status":"passed","title":"projects keep-ephemera from a complete discovery and blocks target races","duration":545.1405999999997,"failureMessages":[],"meta":{}},{"ancestorTitles":["archive plan/apply engine"],"fullName":"archive plan/apply engine validates and applies complete handoff intent only inside the stage","status":"passed","title":"validates and applies complete handoff intent only inside the stage","duration":879.7436000000002,"failureMessages":[],"meta":{}},{"ancestorTitles":["archive plan/apply engine"],"fullName":"archive plan/apply engine builds complete empty and multi-handoff intent templates outside the active change","status":"passed","title":"builds complete empty and multi-handoff intent templates outside the active change","duration":32.28179999999975,"failureMessages":[],"meta":{}},{"ancestorTitles":["archive plan/apply engine"],"fullName":"archive plan/apply engine treats a malformed or incomplete sidecar as blocking without mutation","status":"passed","title":"treats a malformed or incomplete sidecar as blocking without mutation","duration":218.0718999999999,"failureMessages":[],"meta":{}},{"ancestorTitles":["archive plan/apply engine"],"fullName":"archive plan/apply engine validates contained probe directories against a full execution commit","status":"passed","title":"validates contained probe directories against a full execution commit","duration":917.0563999999995,"failureMessages":[],"meta":{}},{"ancestorTitles":["archive plan/apply engine"],"fullName":"archive plan/apply engine archives on a complete source-signal abort while preserving all ephemera","status":"passed","title":"archives on a complete source-signal abort while preserving all ephemera","duration":697.6616000000004,"failureMessages":[],"meta":{}},{"ancestorTitles":["archive plan/apply engine"],"fullName":"archive plan/apply engine captures nested QA, CSO, benchmark, verification, and duplicate report names by path","status":"passed","title":"captures nested QA, CSO, benchmark, verification, and duplicate report names by path","duration":1226.3256000000001,"failureMessages":[],"meta":{}},{"ancestorTitles":["archive plan/apply engine"],"fullName":"archive plan/apply engine retains a matching failed publication transaction and resumes it idempotently","status":"passed","title":"retains a matching failed publication transaction and resumes it idempotently","duration":1153.5271999999995,"failureMessages":[],"meta":{}},{"ancestorTitles":["archive plan/apply engine"],"fullName":"archive plan/apply engine resumes after a partial prepared-spec write without repeating completed actions","status":"passed","title":"resumes after a partial prepared-spec write without repeating completed actions","duration":1257.6569,"failureMessages":[],"meta":{}},{"ancestorTitles":["archive plan/apply engine"],"fullName":"archive plan/apply engine reconciles an exact create target after a crash between hard-link publication and progress flush","status":"passed","title":"reconciles an exact create target after a crash between hard-link publication and progress flush","duration":1053.3230000000003,"failureMessages":[],"meta":{}},{"ancestorTitles":["archive plan/apply engine"],"fullName":"archive plan/apply engine reconciles an exact update target after a crash between hard-link publication and progress flush","status":"passed","title":"reconciles an exact update target after a crash between hard-link publication and progress flush","duration":1213.8238999999994,"failureMessages":[],"meta":{}},{"ancestorTitles":["archive plan/apply engine"],"fullName":"archive plan/apply engine reconciles update cleanup after backup unlink but before completion flush","status":"passed","title":"reconciles update cleanup after backup unlink but before completion flush","duration":1100.7615999999998,"failureMessages":[],"meta":{}},{"ancestorTitles":["archive plan/apply engine"],"fullName":"archive plan/apply engine preserves a concurrent spec create at the no-replace publication boundary","status":"passed","title":"preserves a concurrent spec create at the no-replace publication boundary","duration":576.1265999999996,"failureMessages":[],"meta":{}},{"ancestorTitles":["archive plan/apply engine"],"fullName":"archive plan/apply engine preserves a concurrent spec update target and the claimed original","status":"passed","title":"preserves a concurrent spec update target and the claimed original","duration":549.5434000000005,"failureMessages":[],"meta":{}},{"ancestorTitles":["archive plan/apply engine"],"fullName":"archive plan/apply engine retains a claimed spec-delete quarantine when a child identity is swapped","status":"passed","title":"retains a claimed spec-delete quarantine when a child identity is swapped","duration":792.3173000000006,"failureMessages":[],"meta":{}}],"startTime":1785508092726,"endTime":1785508107330.3174,"status":"passed","message":"","name":"E:/AI/ChatAI/Agents/VibeCodingProjects/workflow/Reference/OpenSpec-code-wt-pr121-review/test/core/archive-engine.test.ts"},{"assertionResults":[{"ancestorTitles":["ArchiveCommand","execute"],"fullName":"ArchiveCommand execute applies an immutable token and never presents completed corruption as auto-resumable","status":"passed","title":"applies an immutable token and never presents completed corruption as auto-resumable","duration":823.4585999999999,"failureMessages":[],"meta":{}},{"ancestorTitles":["ArchiveCommand","execute"],"fullName":"ArchiveCommand execute returns a complete blocked preview with a nonzero status","status":"passed","title":"returns a complete blocked preview with a nonzero status","duration":167.6947,"failureMessages":[],"meta":{}},{"ancestorTitles":["ArchiveCommand","execute"],"fullName":"ArchiveCommand execute saves a fully serializable blocked plan when the requested source is missing","status":"passed","title":"saves a fully serializable blocked plan when the requested source is missing","duration":160.00990000000002,"failureMessages":[],"meta":{}},{"ancestorTitles":["ArchiveCommand","execute"],"fullName":"ArchiveCommand execute preserves a structured recoverable JSON result and same-token retry command","status":"passed","title":"preserves a structured recoverable JSON result and same-token retry command","duration":340.1704,"failureMessages":[],"meta":{}},{"ancestorTitles":["ArchiveCommand","execute"],"fullName":"ArchiveCommand execute should archive a change successfully","status":"passed","title":"should archive a change successfully","duration":651.3065000000006,"failureMessages":[],"meta":{}},{"ancestorTitles":["ArchiveCommand","execute"],"fullName":"ArchiveCommand execute should warn about incomplete tasks","status":"passed","title":"should warn about incomplete tasks","duration":617.6291000000001,"failureMessages":[],"meta":{}},{"ancestorTitles":["ArchiveCommand","execute"],"fullName":"ArchiveCommand execute detects incomplete tasks in nested glob tasks.md files (#1202 data-safety gate)","status":"passed","title":"detects incomplete tasks in nested glob tasks.md files (#1202 data-safety gate)","duration":768.4084000000003,"failureMessages":[],"meta":{}},{"ancestorTitles":["ArchiveCommand","execute"],"fullName":"ArchiveCommand execute should update specs when archiving (delta-based ADDED) and include change name in skeleton","status":"passed","title":"should update specs when archiving (delta-based ADDED) and include change name in skeleton","duration":691.1075000000001,"failureMessages":[],"meta":{}},{"ancestorTitles":["ArchiveCommand","execute"],"fullName":"ArchiveCommand execute should allow REMOVED requirements when creating new spec file (issue #403)","status":"passed","title":"should allow REMOVED requirements when creating new spec file (issue #403)","duration":767.8303000000014,"failureMessages":[],"meta":{}},{"ancestorTitles":["ArchiveCommand","execute"],"fullName":"ArchiveCommand execute should still error on MODIFIED when creating new spec file","status":"passed","title":"should still error on MODIFIED when creating new spec file","duration":160.21780000000035,"failureMessages":[],"meta":{}},{"ancestorTitles":["ArchiveCommand","execute"],"fullName":"ArchiveCommand execute should still error on RENAMED when creating new spec file","status":"passed","title":"should still error on RENAMED when creating new spec file","duration":165.4401999999991,"failureMessages":[],"meta":{}},{"ancestorTitles":["ArchiveCommand","execute"],"fullName":"ArchiveCommand execute should produce a blocked plan if change does not exist","status":"passed","title":"should produce a blocked plan if change does not exist","duration":153.1221000000005,"failureMessages":[],"meta":{}},{"ancestorTitles":["ArchiveCommand","execute"],"fullName":"ArchiveCommand execute should throw error if archive already exists","status":"passed","title":"should throw error if archive already exists","duration":191.28139999999985,"failureMessages":[],"meta":{}},{"ancestorTitles":["ArchiveCommand","execute"],"fullName":"ArchiveCommand execute should handle changes without tasks.md","status":"passed","title":"should handle changes without tasks.md","duration":536.203300000001,"failureMessages":[],"meta":{}},{"ancestorTitles":["ArchiveCommand","execute"],"fullName":"ArchiveCommand execute should handle changes without specs","status":"passed","title":"should handle changes without specs","duration":539.1109000000015,"failureMessages":[],"meta":{}},{"ancestorTitles":["ArchiveCommand","execute"],"fullName":"ArchiveCommand execute should skip spec updates when --skip-specs flag is used","status":"passed","title":"should skip spec updates when --skip-specs flag is used","duration":712.5887000000002,"failureMessages":[],"meta":{}},{"ancestorTitles":["ArchiveCommand","execute"],"fullName":"ArchiveCommand execute should skip validation when commander sets validate to false (--no-validate)","status":"passed","title":"should skip validation when commander sets validate to false (--no-validate)","duration":735.9478999999992,"failureMessages":[],"meta":{}},{"ancestorTitles":["ArchiveCommand","execute"],"fullName":"ArchiveCommand execute should proceed with archive when user declines spec updates","status":"passed","title":"should proceed with archive when user declines spec updates","duration":717.8759000000009,"failureMessages":[],"meta":{}},{"ancestorTitles":["ArchiveCommand","execute"],"fullName":"ArchiveCommand execute should support header trim-only normalization for matching","status":"passed","title":"should support header trim-only normalization for matching","duration":853.480599999999,"failureMessages":[],"meta":{}},{"ancestorTitles":["ArchiveCommand","execute"],"fullName":"ArchiveCommand execute should apply operations in order: RENAMED → REMOVED → MODIFIED → ADDED","status":"passed","title":"should apply operations in order: RENAMED → REMOVED → MODIFIED → ADDED","duration":879.338600000001,"failureMessages":[],"meta":{}},{"ancestorTitles":["ArchiveCommand","execute"],"fullName":"ArchiveCommand execute should delete a spec whose requirements are all REMOVED by the delta (zero-requirements deletion)","status":"passed","title":"should delete a spec whose requirements are all REMOVED by the delta (zero-requirements deletion)","duration":825.8666000000012,"failureMessages":[],"meta":{}},{"ancestorTitles":["ArchiveCommand","execute"],"fullName":"ArchiveCommand execute should NOT delete a spec that still has a surviving requirement (zero-req safety boundary)","status":"passed","title":"should NOT delete a spec that still has a surviving requirement (zero-req safety boundary)","duration":1007.3781000000017,"failureMessages":[],"meta":{}},{"ancestorTitles":["ArchiveCommand","execute"],"fullName":"ArchiveCommand execute should abort with error when MODIFIED/REMOVED reference non-existent requirements","status":"passed","title":"should abort with error when MODIFIED/REMOVED reference non-existent requirements","duration":207.3089,"failureMessages":[],"meta":{}},{"ancestorTitles":["ArchiveCommand","execute"],"fullName":"ArchiveCommand execute should abort stale MODIFIED blocks that would drop current scenarios (issue #1246)","status":"passed","title":"should abort stale MODIFIED blocks that would drop current scenarios (issue #1246)","duration":1115.4143000000004,"failureMessages":[],"meta":{}},{"ancestorTitles":["ArchiveCommand","execute"],"fullName":"ArchiveCommand execute should abort with a structural error when target spec hides requirements outside ## Requirements","status":"passed","title":"should abort with a structural error when target spec hides requirements outside ## Requirements","duration":191.60589999999866,"failureMessages":[],"meta":{}},{"ancestorTitles":["ArchiveCommand","execute"],"fullName":"ArchiveCommand execute should require MODIFIED to reference the NEW header when a rename exists (error format)","status":"passed","title":"should require MODIFIED to reference the NEW header when a rename exists (error format)","duration":933.9519,"failureMessages":[],"meta":{}},{"ancestorTitles":["ArchiveCommand","execute"],"fullName":"ArchiveCommand execute should process multiple specs atomically (any failure aborts all)","status":"passed","title":"should process multiple specs atomically (any failure aborts all)","duration":188.42719999999827,"failureMessages":[],"meta":{}},{"ancestorTitles":["ArchiveCommand","execute"],"fullName":"ArchiveCommand execute should display aggregated totals across multiple specs","status":"passed","title":"should display aggregated totals across multiple specs","duration":945.3313999999991,"failureMessages":[],"meta":{}},{"ancestorTitles":["ArchiveCommand","exit code on blocked archive (human mode)"],"fullName":"ArchiveCommand exit code on blocked archive (human mode) sets exit code 1 when delta spec validation fails","status":"passed","title":"sets exit code 1 when delta spec validation fails","duration":189.21240000000034,"failureMessages":[],"meta":{}},{"ancestorTitles":["ArchiveCommand","exit code on blocked archive (human mode)"],"fullName":"ArchiveCommand exit code on blocked archive (human mode) sets exit code 1 when spec rebuild fails (MODIFIED on new spec)","status":"passed","title":"sets exit code 1 when spec rebuild fails (MODIFIED on new spec)","duration":180.17569999999978,"failureMessages":[],"meta":{}},{"ancestorTitles":["ArchiveCommand","exit code on blocked archive (human mode)"],"fullName":"ArchiveCommand exit code on blocked archive (human mode) sets exit code 1 when rebuilt spec fails validateSpecContent","status":"passed","title":"sets exit code 1 when rebuilt spec fails validateSpecContent","duration":195.20360000000073,"failureMessages":[],"meta":{}},{"ancestorTitles":["ArchiveCommand","exit code on blocked archive (human mode)"],"fullName":"ArchiveCommand exit code on blocked archive (human mode) leaves exit code 0 on successful archive (no leak from prior test)","status":"passed","title":"leaves exit code 0 on successful archive (no leak from prior test)","duration":625.1754000000001,"failureMessages":[],"meta":{}},{"ancestorTitles":["ArchiveCommand","error handling"],"fullName":"ArchiveCommand error handling should report a blocked plan when the openspec directory does not exist","status":"passed","title":"should report a blocked plan when the openspec directory does not exist","duration":176.80940000000192,"failureMessages":[],"meta":{}},{"ancestorTitles":["ArchiveCommand","interactive mode"],"fullName":"ArchiveCommand interactive mode should use select prompt for change selection","status":"passed","title":"should use select prompt for change selection","duration":601.0025999999998,"failureMessages":[],"meta":{}},{"ancestorTitles":["ArchiveCommand","interactive mode"],"fullName":"ArchiveCommand interactive mode should use confirm prompt for task warnings","status":"passed","title":"should use confirm prompt for task warnings","duration":664.6650000000009,"failureMessages":[],"meta":{}},{"ancestorTitles":["ArchiveCommand","interactive mode"],"fullName":"ArchiveCommand interactive mode should cancel when user declines task warning","status":"passed","title":"should cancel when user declines task warning","duration":9.627199999998993,"failureMessages":[],"meta":{}},{"ancestorTitles":["ArchiveCommand","archive bookkeeping location (destination axis retired)"],"fullName":"ArchiveCommand archive bookkeeping location (destination axis retired) a config still carrying destination: external still archives in-repo","status":"passed","title":"a config still carrying destination: external still archives in-repo","duration":1541.1068000000014,"failureMessages":[],"meta":{}},{"ancestorTitles":["ArchiveCommand","archive bookkeeping location (destination axis retired)"],"fullName":"ArchiveCommand archive bookkeeping location (destination axis retired) a config still carrying destination: prune archives instead of deleting","status":"passed","title":"a config still carrying destination: prune archives instead of deleting","duration":1427.7698999999993,"failureMessages":[],"meta":{}},{"ancestorTitles":["ArchiveCommand","archive bookkeeping location (destination axis retired)"],"fullName":"ArchiveCommand archive bookkeeping location (destination axis retired) archives an uncommitted change directory — no destructive-destination precondition remains","status":"passed","title":"archives an uncommitted change directory — no destructive-destination precondition remains","duration":1488.1608000000015,"failureMessages":[],"meta":{}},{"ancestorTitles":["ArchiveCommand","archive bookkeeping location (destination axis retired)"],"fullName":"ArchiveCommand archive bookkeeping location (destination axis retired) default (no archive block) is unchanged: in-repo move","status":"passed","title":"default (no archive block) is unchanged: in-repo move","duration":1535.7769000000008,"failureMessages":[],"meta":{}},{"ancestorTitles":["ArchiveCommand","archive bookkeeping location (destination axis retired)"],"fullName":"ArchiveCommand archive bookkeeping location (destination axis retired) timing guard refuses on-merge + pr-delivered ship log without --yes","status":"passed","title":"timing guard refuses on-merge + pr-delivered ship log without --yes","duration":217.71619999999893,"failureMessages":[],"meta":{}},{"ancestorTitles":["ArchiveCommand","archive bookkeeping location (destination axis retired)"],"fullName":"ArchiveCommand archive bookkeeping location (destination axis retired) timing guard reads the ship log from the evidence directory first","status":"passed","title":"timing guard reads the ship log from the evidence directory first","duration":182.3586000000032,"failureMessages":[],"meta":{}},{"ancestorTitles":["ArchiveCommand","archive bookkeeping location (destination axis retired)"],"fullName":"ArchiveCommand archive bookkeeping location (destination axis retired) timing guard proceeds with --yes treating it as the merge confirmation","status":"passed","title":"timing guard proceeds with --yes treating it as the merge confirmation","duration":688.4018000000033,"failureMessages":[],"meta":{}},{"ancestorTitles":["ArchiveCommand","archive bookkeeping location (destination axis retired)"],"fullName":"ArchiveCommand archive bookkeeping location (destination axis retired) timing guard does not fire for a push-mode ship log","status":"passed","title":"timing guard does not fire for a push-mode ship log","duration":694.9687000000013,"failureMessages":[],"meta":{}},{"ancestorTitles":["ArchiveCommand","archive bookkeeping location (destination axis retired)"],"fullName":"ArchiveCommand archive bookkeeping location (destination axis retired) timing guard does not fire under in-ship timing even for a pr-mode ship log","status":"passed","title":"timing guard does not fire under in-ship timing even for a pr-mode ship log","duration":645.8364000000001,"failureMessages":[],"meta":{}},{"ancestorTitles":["ArchiveCommand","quality capture and retention (archive no longer codifies)"],"fullName":"ArchiveCommand quality capture and retention (archive no longer codifies) preserves existing quality-rules byte-for-byte and never appends [RULE] markers","status":"passed","title":"preserves existing quality-rules byte-for-byte and never appends [RULE] markers","duration":728.5622000000003,"failureMessages":[],"meta":{}},{"ancestorTitles":["ArchiveCommand","quality capture and retention (archive no longer codifies)"],"fullName":"ArchiveCommand quality capture and retention (archive no longer codifies) does not create a quality-rules key when the project has none","status":"passed","title":"does not create a quality-rules key when the project has none","duration":688.0748000000021,"failureMessages":[],"meta":{}},{"ancestorTitles":["ArchiveCommand","quality capture and retention (archive no longer codifies)"],"fullName":"ArchiveCommand quality capture and retention (archive no longer codifies) does not report an extracted-rule count in its summary output","status":"passed","title":"does not report an extracted-rule count in its summary output","duration":690.2705999999962,"failureMessages":[],"meta":{}},{"ancestorTitles":["ArchiveCommand","quality capture and retention (archive no longer codifies)"],"fullName":"ArchiveCommand quality capture and retention (archive no longer codifies) archives a report-mode retro.md as ordinary change content","status":"passed","title":"archives a report-mode retro.md as ordinary change content","duration":658.0376000000033,"failureMessages":[],"meta":{}}],"startTime":1785507982896,"endTime":1785508012775.0376,"status":"passed","message":"","name":"E:/AI/ChatAI/Agents/VibeCodingProjects/workflow/Reference/OpenSpec-code-wt-pr121-review/test/core/archive.test.ts"},{"assertionResults":[{"ancestorTitles":["InitCommand","hook configuration hints"],"fullName":"InitCommand hook configuration hints prints optional hook snippets without installing a write hook","status":"passed","title":"prints optional hook snippets without installing a write hook","duration":626.3897999999999,"failureMessages":[],"meta":{}},{"ancestorTitles":["InitCommand","execute with --tools flag"],"fullName":"InitCommand execute with --tools flag should create Rasen directory structure","status":"passed","title":"should create Rasen directory structure","duration":552.1318999999999,"failureMessages":[],"meta":{}},{"ancestorTitles":["InitCommand","execute with --tools flag"],"fullName":"InitCommand execute with --tools flag should create config.yaml with default schema","status":"passed","title":"should create config.yaml with default schema","duration":542.2495999999996,"failureMessages":[],"meta":{}},{"ancestorTitles":["InitCommand","execute with --tools flag"],"fullName":"InitCommand execute with --tools flag should create full profile skills for Claude Code by default","status":"passed","title":"should create full profile skills for Claude Code by default","duration":584.2534999999998,"failureMessages":[],"meta":{}},{"ancestorTitles":["InitCommand","execute with --tools flag"],"fullName":"InitCommand execute with --tools flag should create full profile skills for Claude Code by default and no command files","status":"passed","title":"should create full profile skills for Claude Code by default and no command files","duration":567.8864999999996,"failureMessages":[],"meta":{}},{"ancestorTitles":["InitCommand","execute with --tools flag"],"fullName":"InitCommand execute with --tools flag should create only core profile skills with --profile core","status":"passed","title":"should create only core profile skills with --profile core","duration":396.84000000000015,"failureMessages":[],"meta":{}},{"ancestorTitles":["InitCommand","execute with --tools flag"],"fullName":"InitCommand execute with --tools flag should create skills in Codex skills directory","status":"passed","title":"should create skills in Codex skills directory","duration":579.6224000000002,"failureMessages":[],"meta":{}},{"ancestorTitles":["InitCommand","execute with --tools flag"],"fullName":"InitCommand execute with --tools flag should install Codex skills at an externalized repository root without creating local planning directories","status":"passed","title":"should install Codex skills at an externalized repository root without creating local planning directories","duration":431.21060000000034,"failureMessages":[],"meta":{}},{"ancestorTitles":["InitCommand","execute with --tools flag"],"fullName":"InitCommand execute with --tools flag should install Hermes skills to the resolved Hermes home, not project-local .hermes/","status":"passed","title":"should install Hermes skills to the resolved Hermes home, not project-local .hermes/","duration":602.7285000000002,"failureMessages":[],"meta":{}},{"ancestorTitles":["InitCommand","execute with --tools flag"],"fullName":"InitCommand execute with --tools flag installs Hermes skills with no command surface (retired for every tool)","status":"passed","title":"installs Hermes skills with no command surface (retired for every tool)","duration":613.4764999999998,"failureMessages":[],"meta":{}},{"ancestorTitles":["InitCommand","execute with --tools flag"],"fullName":"InitCommand execute with --tools flag should reject an unadapted tool (Windsurf) with a \"not yet adapted\" message","status":"passed","title":"should reject an unadapted tool (Windsurf) with a \"not yet adapted\" message","duration":25.944900000000416,"failureMessages":[],"meta":{}},{"ancestorTitles":["InitCommand","execute with --tools flag"],"fullName":"InitCommand execute with --tools flag should create skills for multiple tools at once","status":"passed","title":"should create skills for multiple tools at once","duration":995.5758999999998,"failureMessages":[],"meta":{}},{"ancestorTitles":["InitCommand","execute with --tools flag"],"fullName":"InitCommand execute with --tools flag should select only adapted tools with --tools all option","status":"passed","title":"should select only adapted tools with --tools all option","duration":1264.2188000000006,"failureMessages":[],"meta":{}},{"ancestorTitles":["InitCommand","execute with --tools flag"],"fullName":"InitCommand execute with --tools flag should skip tool configuration with --tools none option","status":"passed","title":"should skip tool configuration with --tools none option","duration":269.76320000000123,"failureMessages":[],"meta":{}},{"ancestorTitles":["InitCommand","execute with --tools flag"],"fullName":"InitCommand execute with --tools flag should throw error for invalid tool names","status":"passed","title":"should throw error for invalid tool names","duration":19.836199999999735,"failureMessages":[],"meta":{}},{"ancestorTitles":["InitCommand","execute with --tools flag"],"fullName":"InitCommand execute with --tools flag should reject a known but unadapted tool with a \"not yet adapted\" message","status":"passed","title":"should reject a known but unadapted tool with a \"not yet adapted\" message","duration":22.477199999999357,"failureMessages":[],"meta":{}},{"ancestorTitles":["InitCommand","execute with --tools flag"],"fullName":"InitCommand execute with --tools flag should handle comma-separated tool names with spaces","status":"passed","title":"should handle comma-separated tool names with spaces","duration":1295.3490999999995,"failureMessages":[],"meta":{}},{"ancestorTitles":["InitCommand","execute with --tools flag"],"fullName":"InitCommand execute with --tools flag should reject combining reserved keywords with explicit tool ids","status":"passed","title":"should reject combining reserved keywords with explicit tool ids","duration":33.73899999999958,"failureMessages":[],"meta":{}},{"ancestorTitles":["InitCommand","execute with --tools flag"],"fullName":"InitCommand execute with --tools flag should not create config.yaml if it already exists","status":"passed","title":"should not create config.yaml if it already exists","duration":1073.3925,"failureMessages":[],"meta":{}},{"ancestorTitles":["InitCommand","execute with --tools flag"],"fullName":"InitCommand execute with --tools flag should handle non-existent target directory","status":"passed","title":"should handle non-existent target directory","duration":851.9454999999998,"failureMessages":[],"meta":{}},{"ancestorTitles":["InitCommand","execute with --tools flag"],"fullName":"InitCommand execute with --tools flag should work in extend mode (re-running init)","status":"passed","title":"should work in extend mode (re-running init)","duration":1176.7890000000007,"failureMessages":[],"meta":{}},{"ancestorTitles":["InitCommand","execute with --tools flag"],"fullName":"InitCommand execute with --tools flag should refresh skills on re-run for the same tool","status":"passed","title":"should refresh skills on re-run for the same tool","duration":1023.8951000000015,"failureMessages":[],"meta":{}},{"ancestorTitles":["InitCommand","skill content validation"],"fullName":"InitCommand skill content validation should generate valid SKILL.md with YAML frontmatter","status":"passed","title":"should generate valid SKILL.md with YAML frontmatter","duration":599.9318999999996,"failureMessages":[],"meta":{}},{"ancestorTitles":["InitCommand","skill content validation"],"fullName":"InitCommand skill content validation should include explore mode instructions","status":"passed","title":"should include explore mode instructions","duration":594.8501000000015,"failureMessages":[],"meta":{}},{"ancestorTitles":["InitCommand","skill content validation"],"fullName":"InitCommand skill content validation should include propose skill instructions","status":"passed","title":"should include propose skill instructions","duration":552.1877000000004,"failureMessages":[],"meta":{}},{"ancestorTitles":["InitCommand","skill content validation"],"fullName":"InitCommand skill content validation should include apply-change skill instructions","status":"passed","title":"should include apply-change skill instructions","duration":530.5904999999984,"failureMessages":[],"meta":{}},{"ancestorTitles":["InitCommand","skill content validation"],"fullName":"InitCommand skill content validation should embed generatedBy version in skill files","status":"passed","title":"should embed generatedBy version in skill files","duration":533.0482999999986,"failureMessages":[],"meta":{}},{"ancestorTitles":["InitCommand","command generation (retired)"],"fullName":"InitCommand command generation (retired) never generates a Claude Code command file — skills are the only delivery surface","status":"passed","title":"never generates a Claude Code command file — skills are the only delivery surface","duration":551.5247999999992,"failureMessages":[],"meta":{}},{"ancestorTitles":["InitCommand","command generation (retired)"],"fullName":"InitCommand command generation (retired) never generates a Codex command file — skills are the only delivery surface","status":"passed","title":"never generates a Codex command file — skills are the only delivery surface","duration":596.8208000000013,"failureMessages":[],"meta":{}},{"ancestorTitles":["InitCommand","error handling"],"fullName":"InitCommand error handling should provide helpful error for insufficient permissions","status":"passed","title":"should provide helpful error for insufficient permissions","duration":6.83179999999993,"failureMessages":[],"meta":{}},{"ancestorTitles":["InitCommand","error handling"],"fullName":"InitCommand error handling should throw error in non-interactive mode without --tools flag and no detected tools","status":"passed","title":"should throw error in non-interactive mode without --tools flag and no detected tools","duration":19.78310000000056,"failureMessages":[],"meta":{}},{"ancestorTitles":["InitCommand - profile and detection features"],"fullName":"InitCommand - profile and detection features should use --profile flag to override global config","status":"passed","title":"should use --profile flag to override global config","duration":371.38950000000114,"failureMessages":[],"meta":{}},{"ancestorTitles":["InitCommand - profile and detection features"],"fullName":"InitCommand - profile and detection features should drop a retired workflow id (ff) from a stored custom profile with a warning, and still succeed","status":"passed","title":"should drop a retired workflow id (ff) from a stored custom profile with a warning, and still succeed","duration":308.2980000000025,"failureMessages":[],"meta":{}},{"ancestorTitles":["InitCommand - profile and detection features"],"fullName":"InitCommand - profile and detection features should heal a retired ff install (skill dir + command file) on init, and no-op when absent","status":"passed","title":"should heal a retired ff install (skill dir + command file) on init, and no-op when absent","duration":964.425299999999,"failureMessages":[],"meta":{}},{"ancestorTitles":["InitCommand - profile and detection features"],"fullName":"InitCommand - profile and detection features should reject invalid --profile values","status":"passed","title":"should reject invalid --profile values","duration":12.613999999997759,"failureMessages":[],"meta":{}},{"ancestorTitles":["InitCommand - profile and detection features"],"fullName":"InitCommand - profile and detection features should use detected tools in non-interactive mode when no --tools flag","status":"passed","title":"should use detected tools in non-interactive mode when no --tools flag","duration":563.8541000000005,"failureMessages":[],"meta":{}},{"ancestorTitles":["InitCommand - profile and detection features"],"fullName":"InitCommand - profile and detection features should leave legacy artifacts untouched and print a coexistence notice","status":"passed","title":"should leave legacy artifacts untouched and print a coexistence notice","duration":560.5040999999983,"failureMessages":[],"meta":{}},{"ancestorTitles":["InitCommand - profile and detection features"],"fullName":"InitCommand - profile and detection features should preselect configured tools but not directory-detected tools in extend mode","status":"passed","title":"should preselect configured tools but not directory-detected tools in extend mode","duration":424.47109999999884,"failureMessages":[],"meta":{}},{"ancestorTitles":["InitCommand - profile and detection features"],"fullName":"InitCommand - profile and detection features should preselect detected tools for first-time interactive setup","status":"passed","title":"should preselect detected tools for first-time interactive setup","duration":605.5907000000007,"failureMessages":[],"meta":{}},{"ancestorTitles":["InitCommand - profile and detection features"],"fullName":"InitCommand - profile and detection features should respect custom profile from global config","status":"passed","title":"should respect custom profile from global config","duration":270.3026000000027,"failureMessages":[],"meta":{}},{"ancestorTitles":["InitCommand - profile and detection features"],"fullName":"InitCommand - profile and detection features installs the retro wrapper and its complete runner for a profile with neither ship nor auto","status":"passed","title":"installs the retro wrapper and its complete runner for a profile with neither ship nor auto","duration":278.0258000000031,"failureMessages":[],"meta":{}},{"ancestorTitles":["InitCommand - profile and detection features"],"fullName":"InitCommand - profile and detection features should migrate a pre-retirement commands-only extend mode to custom profile, restoring skills and cleaning up the stale command file","status":"passed","title":"should migrate a pre-retirement commands-only extend mode to custom profile, restoring skills and cleaning up the stale command file","duration":414.3224000000009,"failureMessages":[],"meta":{}},{"ancestorTitles":["InitCommand - profile and detection features"],"fullName":"InitCommand - profile and detection features should not prompt for confirmation when applying custom profile in interactive init","status":"passed","title":"should not prompt for confirmation when applying custom profile in interactive init","duration":261.22539999999935,"failureMessages":[],"meta":{}},{"ancestorTitles":["InitCommand - profile and detection features"],"fullName":"InitCommand - profile and detection features never generates command files regardless of profile (the surface is fully retired)","status":"passed","title":"never generates command files regardless of profile (the surface is fully retired)","duration":342.8623000000007,"failureMessages":[],"meta":{}},{"ancestorTitles":["InitCommand - profile and detection features"],"fullName":"InitCommand - profile and detection features reads a stored config with a retired delivery value without error, still installing skills only","status":"passed","title":"reads a stored config with a retired delivery value without error, still installing skills only","duration":372.0981999999967,"failureMessages":[],"meta":{}},{"ancestorTitles":["InitCommand - profile and detection features"],"fullName":"InitCommand - profile and detection features never removes skill dirs, and cleans up any pre-retirement command files, under a legacy commands-first config value","status":"passed","title":"never removes skill dirs, and cleans up any pre-retirement command files, under a legacy commands-first config value","duration":595.8053,"failureMessages":[],"meta":{}},{"ancestorTitles":["InitCommand - profile and detection features"],"fullName":"InitCommand - profile and detection features cleans up a command file left behind by a prior (pre-retirement) run on re-init","status":"passed","title":"cleans up a command file left behind by a prior (pre-retirement) run on re-init","duration":600.7623999999996,"failureMessages":[],"meta":{}},{"ancestorTitles":["InitCommand machine-home registration"],"fullName":"InitCommand machine-home registration registers the project and creates its machine home on fresh init","status":"passed","title":"registers the project and creates its machine home on fresh init","duration":599.9652999999998,"failureMessages":[],"meta":{}},{"ancestorTitles":["InitCommand machine-home registration"],"fullName":"InitCommand machine-home registration preserves projectId, registry entry, and home directory on re-init","status":"passed","title":"preserves projectId, registry entry, and home directory on re-init","duration":1063.7649999999994,"failureMessages":[],"meta":{}},{"ancestorTitles":["InitCommand machine-home registration"],"fullName":"InitCommand machine-home registration downgrades a registry write failure to a warning without failing init","status":"passed","title":"downgrades a registry write failure to a warning without failing init","duration":402.5050999999985,"failureMessages":[],"meta":{}},{"ancestorTitles":["InitCommand machine-home registration","tools manifest persistence (project-install-manifest)"],"fullName":"InitCommand machine-home registration tools manifest persistence (project-install-manifest) writes tools: [claude] to config.yaml after init with --tools claude","status":"passed","title":"writes
[...]
,"title":"analyzes a session by explicit main-transcript path, applying dual TTL pricing across main + subagent","duration":12.161799999999971,"failureMessages":[],"meta":{}},{"ancestorTitles":["runAudit (Claude path)"],"fullName":"runAudit (Claude path) discovers and analyzes a session by id prefix under --projects-dir","status":"passed","title":"discovers and analyzes a session by id prefix under --projects-dir","duration":5.308999999999969,"failureMessages":[],"meta":{}},{"ancestorTitles":["runAudit (Claude path)"],"fullName":"runAudit (Claude path) rejects an ambiguous session id prefix, naming the matches","status":"passed","title":"rejects an ambiguous session id prefix, naming the matches","duration":5.201600000000099,"failureMessages":[],"meta":{}},{"ancestorTitles":["runAudit (Claude path)"],"fullName":"runAudit (Claude path) rejects an unknown runtime with every audit-capable runtime in the error","status":"passed","title":"rejects an unknown runtime with every audit-capable runtime in the error","duration":1.188099999999963,"failureMessages":[],"meta":{}},{"ancestorTitles":["runAudit (Claude path)"],"fullName":"runAudit (Claude path) honors an explicit --out override over the default analytics path","status":"passed","title":"honors an explicit --out override over the default analytics path","duration":4.4500000000000455,"failureMessages":[],"meta":{}},{"ancestorTitles":["runAudit (Claude path)"],"fullName":"runAudit (Claude path) resolves the default output path under <globalDataDir>/analytics using runtime and the complete session id","status":"passed","title":"resolves the default output path under <globalDataDir>/analytics using runtime and the complete session id","duration":6.132799999999975,"failureMessages":[],"meta":{}}],"startTime":1785508159946,"endTime":1785508159985.1328,"status":"passed","message":"","name":"E:/AI/ChatAI/Agents/VibeCodingProjects/workflow/Reference/OpenSpec-code-wt-pr121-review/test/core/token-audit/audit.test.ts"},{"assertionResults":[{"ancestorTitles":["token-audit fail-soft format-drift pin","Claude runtime"],"fullName":"token-audit fail-soft format-drift pin Claude runtime the valid fixture produces the exact hand-computed totals","status":"passed","title":"the valid fixture produces the exact hand-computed totals","duration":15.920000000000073,"failureMessages":[],"meta":{}},{"ancestorTitles":["token-audit fail-soft format-drift pin","Claude runtime"],"fullName":"token-audit fail-soft format-drift pin Claude runtime a missing message.usage object does NOT throw — the line is skipped and the audit continues (M2)","status":"passed","title":"a missing message.usage object does NOT throw — the line is skipped and the audit continues (M2)","duration":4.332899999999995,"failureMessages":[],"meta":{}},{"ancestorTitles":["token-audit fail-soft format-drift pin","Claude runtime"],"fullName":"token-audit fail-soft format-drift pin Claude runtime a non-numeric usage token field throws TranscriptFormatError, not an unhandled exception","status":"passed","title":"a non-numeric usage token field throws TranscriptFormatError, not an unhandled exception","duration":4.244100000000003,"failureMessages":[],"meta":{}},{"ancestorTitles":["token-audit fail-soft format-drift pin","Claude runtime"],"fullName":"token-audit fail-soft format-drift pin Claude runtime a truncated line does NOT abort the audit — it is skipped like any unparseable line","status":"passed","title":"a truncated line does NOT abort the audit — it is skipped like any unparseable line","duration":7.776800000000094,"failureMessages":[],"meta":{}},{"ancestorTitles":["token-audit fail-soft format-drift pin","Codex runtime"],"fullName":"token-audit fail-soft format-drift pin Codex runtime a token_count event missing info.total_token_usage throws TranscriptFormatError","status":"passed","title":"a token_count event missing info.total_token_usage throws TranscriptFormatError","duration":5.011999999999944,"failureMessages":[],"meta":{}},{"ancestorTitles":["token-audit fail-soft format-drift pin","Codex runtime"],"fullName":"token-audit fail-soft format-drift pin Codex runtime a non-numeric total_token_usage field throws TranscriptFormatError","status":"passed","title":"a non-numeric total_token_usage field throws TranscriptFormatError","duration":2.036999999999921,"failureMessages":[],"meta":{}},{"ancestorTitles":["token-audit fail-soft format-drift pin","Codex runtime"],"fullName":"token-audit fail-soft format-drift pin Codex runtime a truncated line does NOT abort the audit — the rollout still produces a report from the rest","status":"passed","title":"a truncated line does NOT abort the audit — the rollout still produces a report from the rest","duration":3.5696000000000367,"failureMessages":[],"meta":{}}],"startTime":1785508182231,"endTime":1785508182274.5696,"status":"passed","message":"","name":"E:/AI/ChatAI/Agents/VibeCodingProjects/workflow/Reference/OpenSpec-code-wt-pr121-review/test/core/token-audit/format-drift.test.ts"},{"assertionResults":[{"ancestorTitles":["PowerShellGenerator","interface compliance"],"fullName":"PowerShellGenerator interface compliance should have shell property set to \"powershell\"","status":"passed","title":"should have shell property set to \"powershell\"","duration":1.5591000000000008,"failureMessages":[],"meta":{}},{"ancestorTitles":["PowerShellGenerator","interface compliance"],"fullName":"PowerShellGenerator interface compliance should implement generate method","status":"passed","title":"should implement generate method","duration":0.18070000000000164,"failureMessages":[],"meta":{}},{"ancestorTitles":["PowerShellGenerator","generate"],"fullName":"PowerShellGenerator generate should generate valid PowerShell completion script with header","status":"passed","title":"should generate valid PowerShell completion script with header","duration":0.6424000000000092,"failureMessages":[],"meta":{}},{"ancestorTitles":["PowerShellGenerator","generate"],"fullName":"PowerShellGenerator generate should register argument completer for rasen command","status":"passed","title":"should register argument completer for rasen command","duration":0.24619999999998754,"failureMessages":[],"meta":{}},{"ancestorTitles":["PowerShellGenerator","generate"],"fullName":"PowerShellGenerator generate should include all commands with descriptions","status":"passed","title":"should include all commands with descriptions","duration":0.33199999999999363,"failureMessages":[],"meta":{}},{"ancestorTitles":["PowerShellGenerator","generate"],"fullName":"PowerShellGenerator generate should use CompletionResult objects for completions","status":"passed","title":"should use CompletionResult objects for completions","duration":0.17790000000002237,"failureMessages":[],"meta":{}},{"ancestorTitles":["PowerShellGenerator","generate"],"fullName":"PowerShellGenerator generate should handle commands with flags without short options","status":"passed","title":"should handle commands with flags without short options","duration":0.2787000000000148,"failureMessages":[],"meta":{}},{"ancestorTitles":["PowerShellGenerator","generate"],"fullName":"PowerShellGenerator generate should handle flags with short options","status":"passed","title":"should handle flags with short options","duration":0.1875,"failureMessages":[],"meta":{}},{"ancestorTitles":["PowerShellGenerator","generate"],"fullName":"PowerShellGenerator generate should handle boolean flags vs value-taking flags","status":"passed","title":"should handle boolean flags vs value-taking flags","duration":0.28839999999996735,"failureMessages":[],"meta":{}},{"ancestorTitles":["PowerShellGenerator","generate"],"fullName":"PowerShellGenerator generate should handle flags with enum values","status":"passed","title":"should handle flags with enum values","duration":0.22980000000001155,"failureMessages":[],"meta":{}},{"ancestorTitles":["PowerShellGenerator","generate"],"fullName":"PowerShellGenerator generate should handle commands with subcommands","status":"passed","title":"should handle commands with subcommands","duration":0.2189000000000192,"failureMessages":[],"meta":{}},{"ancestorTitles":["PowerShellGenerator","generate"],"fullName":"PowerShellGenerator generate should offer parent flags when command has both flags and subcommands","status":"passed","title":"should offer parent flags when command has both flags and subcommands","duration":0.2085999999999899,"failureMessages":[],"meta":{}},{"ancestorTitles":["PowerShellGenerator","generate"],"fullName":"PowerShellGenerator generate should handle positional arguments for change-id","status":"passed","title":"should handle positional arguments for change-id","duration":0.18329999999997426,"failureMessages":[],"meta":{}},{"ancestorTitles":["PowerShellGenerator","generate"],"fullName":"PowerShellGenerator generate should handle positional arguments for spec-id","status":"passed","title":"should handle positional arguments for spec-id","duration":0.09660000000002356,"failureMessages":[],"meta":{}},{"ancestorTitles":["PowerShellGenerator","generate"],"fullName":"PowerShellGenerator generate should handle positional arguments for change-or-spec-id","status":"passed","title":"should handle positional arguments for change-or-spec-id","duration":0.1179000000000201,"failureMessages":[],"meta":{}},{"ancestorTitles":["PowerShellGenerator","generate"],"fullName":"PowerShellGenerator generate should handle positional arguments for shell with inline values","status":"passed","title":"should handle positional arguments for shell with inline values","duration":0.13759999999996353,"failureMessages":[],"meta":{}},{"ancestorTitles":["PowerShellGenerator","generate"],"fullName":"PowerShellGenerator generate should not include path completion helpers (PowerShell handles natively)","status":"passed","title":"should not include path completion helpers (PowerShell handles natively)","duration":0.09109999999998308,"failureMessages":[],"meta":{}},{"ancestorTitles":["PowerShellGenerator","generate"],"fullName":"PowerShellGenerator generate should handle positional arguments for schema names","status":"passed","title":"should handle positional arguments for schema names","duration":0.10450000000003001,"failureMessages":[],"meta":{}},{"ancestorTitles":["PowerShellGenerator","generate"],"fullName":"PowerShellGenerator generate should handle positional arguments for profile names","status":"passed","title":"should handle positional arguments for profile names","duration":0.10520000000002483,"failureMessages":[],"meta":{}},{"ancestorTitles":["PowerShellGenerator","generate"],"fullName":"PowerShellGenerator generate should generate dynamic completion helper for changes","status":"passed","title":"should generate dynamic completion helper for changes","duration":0.11430000000001428,"failureMessages":[],"meta":{}},{"ancestorTitles":["PowerShellGenerator","generate"],"fullName":"PowerShellGenerator generate should generate dynamic completion helper for specs","status":"passed","title":"should generate dynamic completion helper for specs","duration":0.11020000000002028,"failureMessages":[],"meta":{}},{"ancestorTitles":["PowerShellGenerator","generate"],"fullName":"PowerShellGenerator generate should escape double quotes in descriptions","status":"passed","title":"should escape double quotes in descriptions","duration":0.09520000000003392,"failureMessages":[],"meta":{}},{"ancestorTitles":["PowerShellGenerator","generate"],"fullName":"PowerShellGenerator generate should handle complex nested subcommands with flags","status":"passed","title":"should handle complex nested subcommands with flags","duration":0.16140000000001464,"failureMessages":[],"meta":{}},{"ancestorTitles":["PowerShellGenerator","generate"],"fullName":"PowerShellGenerator generate should not emit trailing commas in @() arrays","status":"passed","title":"should not emit trailing commas in @() arrays","duration":0.2774000000000001,"failureMessages":[],"meta":{}},{"ancestorTitles":["PowerShellGenerator","generate"],"fullName":"PowerShellGenerator generate should handle empty command list","status":"passed","title":"should handle empty command list","duration":0.1682999999999879,"failureMessages":[],"meta":{}},{"ancestorTitles":["PowerShellGenerator","generate"],"fullName":"PowerShellGenerator generate should handle commands with no flags","status":"passed","title":"should handle commands with no flags","duration":0.13519999999999754,"failureMessages":[],"meta":{}},{"ancestorTitles":["PowerShellGenerator","generate"],"fullName":"PowerShellGenerator generate should generate helper function that splits on tab character","status":"passed","title":"should generate helper function that splits on tab character","duration":0.14390000000003056,"failureMessages":[],"meta":{}},{"ancestorTitles":["PowerShellGenerator","security - command injection prevention"],"fullName":"PowerShellGenerator security - command injection prevention should escape $() subexpressions in descriptions","status":"passed","title":"should escape $() subexpressions in descriptions","duration":0.14740000000000464,"failureMessages":[],"meta":{}},{"ancestorTitles":["PowerShellGenerator","security - command injection prevention"],"fullName":"PowerShellGenerator security - command injection prevention should escape backticks in descriptions","status":"passed","title":"should escape backticks in descriptions","duration":0.1109000000000151,"failureMessages":[],"meta":{}},{"ancestorTitles":["PowerShellGenerator","security - command injection prevention"],"fullName":"PowerShellGenerator security - command injection prevention should escape dollar signs in descriptions","status":"passed","title":"should escape dollar signs in descriptions","duration":0.10469999999997981,"failureMessages":[],"meta":{}},{"ancestorTitles":["PowerShellGenerator","security - command injection prevention"],"fullName":"PowerShellGenerator security - command injection prevention should escape double quotes in descriptions","status":"passed","title":"should escape double quotes in descriptions","duration":0.0905999999999949,"failureMessages":[],"meta":{}},{"ancestorTitles":["PowerShellGenerator","security - command injection prevention"],"fullName":"PowerShellGenerator security - command injection prevention should handle multiple PowerShell metacharacters together","status":"passed","title":"should handle multiple PowerShell metacharacters together","duration":0.14400000000000546,"failureMessages":[],"meta":{}}],"startTime":1785508127993,"endTime":1785508128000.1475,"status":"passed","message":"","name":"E:/AI/ChatAI/Agents/VibeCodingProjects/workflow/Reference/OpenSpec-code-wt-pr121-review/test/core/completions/generators/powershell-generator.test.ts"},{"assertionResults":[{"ancestorTitles":["discoverCodexThreadFamily"],"fullName":"discoverCodexThreadFamily finds the root thread alone when it has no subagents","status":"passed","title":"finds the root thread alone when it has no subagents","duration":15.470799999999997,"failureMessages":[],"meta":{}},{"ancestorTitles":["discoverCodexThreadFamily"],"fullName":"discoverCodexThreadFamily collects direct subagents via parent_thread_id","status":"passed","title":"collects direct subagents via parent_thread_id","duration":17.02140000000003,"failureMessages":[],"meta":{}},{"ancestorTitles":["discoverCodexThreadFamily"],"fullName":"discoverCodexThreadFamily collects a transitively nested subagent (subagent of a subagent)","status":"passed","title":"collects a transitively nested subagent (subagent of a subagent)","duration":30.261300000000006,"failureMessages":[],"meta":{}},{"ancestorTitles":["discoverCodexThreadFamily"],"fullName":"discoverCodexThreadFamily does not pull in an unrelated thread family","status":"passed","title":"does not pull in an unrelated thread family","duration":16.665100000000052,"failureMessages":[],"meta":{}},{"ancestorTitles":["buildCodexFamilyMember"],"fullName":"buildCodexFamilyMember returns undefined for a rollout with no session_id/id","status":"passed","title":"returns undefined for a rollout with no session_id/id","duration":14.898000000000025,"failureMessages":[],"meta":{}},{"ancestorTitles":["buildCodexFamilyMember"],"fullName":"buildCodexFamilyMember falls back agentNickname -> agentPath when nickname is absent","status":"passed","title":"falls back agentNickname -> agentPath when nickname is absent","duration":17.599400000000003,"failureMessages":[],"meta":{}},{"ancestorTitles":["buildCodexFamilyMember"],"fullName":"buildCodexFamilyMember reads forked_from_id when present (M1)","status":"passed","title":"reads forked_from_id when present (M1)","duration":14.621999999999957,"failureMessages":[],"meta":{}},{"ancestorTitles":["buildCodexFamilyMember"],"fullName":"buildCodexFamilyMember reports forkedFromId as null when absent","status":"passed","title":"reports forkedFromId as null when absent","duration":16.213799999999992,"failureMessages":[],"meta":{}}],"startTime":1785508178982,"endTime":1785508179125.2139,"status":"passed","message":"","name":"E:/AI/ChatAI/Agents/VibeCodingProjects/workflow/Reference/OpenSpec-code-wt-pr121-review/test/core/token-audit/codex/discover-codex.test.ts"},{"assertionResults":[{"ancestorTitles":["runAudit (Zed path)"],"fullName":"runAudit (Zed path) produces a first-class runtime:\"zed\" report with honest totals and one aggregate entry per thread","status":"passed","title":"produces a first-class runtime:\"zed\" report with honest totals and one aggregate entry per thread","duration":103.39530000000002,"failureMessages":[],"meta":{}},{"ancestorTitles":["runAudit (Zed path)"],"fullName":"runAudit (Zed path) resolves a thread by unique id prefix","status":"passed","title":"resolves a thread by unique id prefix","duration":44.19539999999995,"failureMessages":[],"meta":{}},{"ancestorTitles":["runAudit (Zed path)"],"fullName":"runAudit (Zed path) resolves a session by its first command via --match","status":"passed","title":"resolves a session by its first command via --match","duration":47.07180000000005,"failureMessages":[],"meta":{}},{"ancestorTitles":["runAudit (Zed path)"],"fullName":"runAudit (Zed path) rejects an ambiguous --match, listing candidates","status":"passed","title":"rejects an ambiguous --match, listing candidates","duration":45.700399999999945,"failureMessages":[],"meta":{}},{"ancestorTitles":["runAudit (Zed path)"],"fullName":"runAudit (Zed path) rejects a --match with no first-command hit","status":"passed","title":"rejects a --match with no first-command hit","duration":38.516500000000065,"failureMessages":[],"meta":{}},{"ancestorTitles":["runAudit (Zed path)"],"fullName":"runAudit (Zed path) rejects supplying both a thread id and --match","status":"passed","title":"rejects supplying both a thread id and --match","duration":34.8907999999999,"failureMessages":[],"meta":{}},{"ancestorTitles":["runAudit (Zed path)"],"fullName":"runAudit (Zed path) rejects --match / --db on a non-Zed runtime","status":"passed","title":"rejects --match / --db on a non-Zed runtime","duration":33.99279999999999,"failureMessages":[],"meta":{}},{"ancestorTitles":["runAudit (Zed path)"],"fullName":"runAudit (Zed path) fails soft (TranscriptFormatError) when the target thread payload is unrecognized","status":"passed","title":"fails soft (TranscriptFormatError) when the target thread payload is unrecognized","duration":65.21619999999984,"failureMessages":[],"meta":{}},{"ancestorTitles":["runAudit (Zed path)"],"fullName":"runAudit (Zed path) errors when the default database location is absent and no --db is given","status":"passed","title":"errors when the default database location is absent and no --db is given","duration":34.31439999999998,"failureMessages":[],"meta":{}}],"startTime":1785508171303,"endTime":1785508171750.3145,"status":"passed","message":"","name":"E:/AI/ChatAI/Agents/VibeCodingProjects/workflow/Reference/OpenSpec-code-wt-pr121-review/test/core/token-audit/zed/audit.test.ts"}]}