{"numTotalTestSuites":284,"numPassedTestSuites":284,"numFailedTestSuites":0,"numPendingTestSuites":0,"numTotalTests":1407,"numPassedTests":1395,"numFailedTests":0,"numPendingTests":12,"numTodoTests":0,"snapshot":{"added":0,"failure":false,"filesAdded":0,"filesRemoved":0,"filesRemovedList":[],"filesUnmatched":0,"filesUpdated":0,"matched":0,"total":0,"unchecked":0,"uncheckedKeysByFile":[],"unmatched":0,"updated":0,"didUpdate":false},"startTime":1785511466170,"success":true,"testResults":[{"assertionResults":[{"ancestorTitles":["rasen bootstrap command surface","flag parsing"],"fullName":"rasen bootstrap command surface flag parsing reads a location as <selector>=<directory>, repeatably","status":"passed","title":"reads a location as <selector>=<directory>, repeatably","duration":69.56359999999995,"failureMessages":[],"meta":{}},{"ancestorTitles":["rasen bootstrap command surface","flag parsing"],"fullName":"rasen bootstrap command surface flag parsing rejects a location that does not name what it is for","status":"passed","title":"rejects a location that does not name what it is for","duration":44.62239999999997,"failureMessages":[],"meta":{}},{"ancestorTitles":["rasen bootstrap command surface","flag parsing"],"fullName":"rasen bootstrap command surface flag parsing resolves each mode from its own flag","status":"passed","title":"resolves each mode from its own flag","duration":40.08249999999998,"failureMessages":[],"meta":{}},{"ancestorTitles":["rasen bootstrap command surface","flag parsing"],"fullName":"rasen bootstrap command surface flag parsing rejects both modes together before any work","status":"passed","title":"rejects both modes together before any work","duration":44.7795000000001,"failureMessages":[],"meta":{}},{"ancestorTitles":["rasen bootstrap command surface","the bare invocation"],"fullName":"rasen bootstrap command surface the bare invocation reports which modes exist and does nothing else","status":"passed","title":"reports which modes exist and does nothing else","duration":45.36850000000004,"failureMessages":[],"meta":{}},{"ancestorTitles":["rasen bootstrap command surface","the bare invocation"],"fullName":"rasen bootstrap command surface the bare invocation names both modes in JSON too","status":"passed","title":"names both modes in JSON too","duration":46.04220000000009,"failureMessages":[],"meta":{}},{"ancestorTitles":["rasen bootstrap command surface","human and JSON carry the same facts"],"fullName":"rasen bootstrap command surface human and JSON carry the same facts reports the same state, items, and repair commands in both forms","status":"passed","title":"reports the same state, items, and repair commands in both forms","duration":69.0342999999998,"failureMessages":[],"meta":{}},{"ancestorTitles":["rasen bootstrap command surface","human and JSON carry the same facts"],"fullName":"rasen bootstrap command surface human and JSON carry the same facts keeps the JSON shape stable across both modes","status":"passed","title":"keeps the JSON shape stable across both modes","duration":55.017700000000104,"failureMessages":[],"meta":{}},{"ancestorTitles":["rasen bootstrap command surface","human and JSON carry the same facts"],"fullName":"rasen bootstrap command surface human and JSON carry the same facts reports the same facts on an unknown, where only the diagnostic knows why","status":"passed","title":"reports the same facts on an unknown, where only the diagnostic knows why","duration":45.09109999999987,"failureMessages":[],"meta":{}},{"ancestorTitles":["rasen bootstrap command surface","human and JSON carry the same facts"],"fullName":"rasen bootstrap command surface human and JSON carry the same facts never renders a diagnostic fix, which is an unfiltered command channel","status":"passed","title":"never renders a diagnostic fix, which is an unfiltered command channel","duration":57.26299999999992,"failureMessages":[],"meta":{}},{"ancestorTitles":["rasen bootstrap command surface","human and JSON carry the same facts"],"fullName":"rasen bootstrap command surface human and JSON carry the same facts renders every report shape without an untranslated hole","status":"passed","title":"renders every report shape without an untranslated hole","duration":37.26850000000013,"failureMessages":[],"meta":{}},{"ancestorTitles":["rasen bootstrap command surface","a machine whose own state is unreadable"],"fullName":"rasen bootstrap command surface a machine whose own state is unreadable emits valid JSON reporting blocked, rather than crashing","status":"passed","title":"emits valid JSON reporting blocked, rather than crashing","duration":68.2038,"failureMessages":[],"meta":{}},{"ancestorTitles":["rasen bootstrap command surface","a machine whose own state is unreadable"],"fullName":"rasen bootstrap command surface a machine whose own state is unreadable reports it in human output with the file and the repair","status":"passed","title":"reports it in human output with the file and the repair","duration":49.21350000000007,"failureMessages":[],"meta":{}},{"ancestorTitles":["rasen bootstrap command surface","a machine whose own state is unreadable"],"fullName":"rasen bootstrap command surface a machine whose own state is unreadable reports it in preview mode too, creating nothing","status":"passed","title":"reports it in preview mode too, creating nothing","duration":47.891000000000076,"failureMessages":[],"meta":{}},{"ancestorTitles":["rasen bootstrap command surface","every printed command exists today"],"fullName":"rasen bootstrap command surface every printed command exists today emits only commands the CLI defines, and never names bootstrap as a repair","status":"passed","title":"emits only commands the CLI defines, and never names bootstrap as a repair","duration":68.3766999999998,"failureMessages":[],"meta":{}},{"ancestorTitles":["rasen bootstrap command surface","message surface"],"fullName":"rasen bootstrap command surface message surface defines every bootstrap message key in every supported locale","status":"passed","title":"defines every bootstrap message key in every supported locale","duration":58.43599999999992,"failureMessages":[],"meta":{}},{"ancestorTitles":["rasen bootstrap command surface","message surface"],"fullName":"rasen bootstrap command surface message surface carries a real translation for every message and description, not the English","status":"passed","title":"carries a real translation for every message and description, not the English","duration":68.76009999999997,"failureMessages":[],"meta":{}}],"startTime":1785511730470,"endTime":1785511731385.76,"status":"passed","message":"","name":"E:/AI/ChatAI/Agents/VibeCodingProjects/workflow/Reference/OpenSpec-code-wt-pr121-review/test/commands/bootstrap.test.ts"},{"assertionResults":[{"ancestorTitles":["completion installer structured localization"],"fullName":"completion installer structured localization localizes Bash manual setup and package guidance while preserving shell code","status":"passed","title":"localizes Bash manual setup and package guidance while preserving shell code","duration":16.91910000000007,"failureMessages":[],"meta":{}},{"ancestorTitles":["completion installer structured localization"],"fullName":"completion installer structured localization localizes Fish activation guidance","status":"passed","title":"localizes Fish activation guidance","duration":9.351899999999887,"failureMessages":[],"meta":{}},{"ancestorTitles":["completion installer structured localization"],"fullName":"completion installer structured localization localizes PowerShell manual setup while preserving profile commands","status":"passed","title":"localizes PowerShell manual setup while preserving profile commands","duration":9.288600000000088,"failureMessages":[],"meta":{}},{"ancestorTitles":["completion installer structured localization"],"fullName":"completion installer structured localization localizes standard Zsh manual setup while preserving fpath commands","status":"passed","title":"localizes standard Zsh manual setup while preserving fpath commands","duration":7.890599999999949,"failureMessages":[],"meta":{}},{"ancestorTitles":["completion installer structured localization"],"fullName":"completion installer structured localization localizes Oh My Zsh fpath verification guidance","status":"passed","title":"localizes Oh My Zsh fpath verification guidance","duration":7.81919999999991,"failureMessages":[],"meta":{}},{"ancestorTitles":["completion installer structured localization"],"fullName":"completion installer structured localization localizes manual setup for every built-in shell in Simplified Chinese while preserving shell code","status":"passed","title":"localizes manual setup for every built-in shell in Simplified Chinese while preserving shell code","duration":36.77229999999986,"failureMessages":[],"meta":{}},{"ancestorTitles":["completion installer structured localization"],"fullName":"completion installer structured localization does not print English debug or warning output during first installs","status":"passed","title":"does not print English debug or warning output during first installs","duration":36.77240000000006,"failureMessages":[],"meta":{}},{"ancestorTitles":["completion installer structured localization"],"fullName":"completion installer structured localization returns localized Bash and Zsh auto-configuration diagnostics","status":"passed","title":"returns localized Bash and Zsh auto-configuration diagnostics","duration":18.045299999999997,"failureMessages":[],"meta":{}},{"ancestorTitles":["completion installer structured localization"],"fullName":"completion installer structured localization returns a localized PowerShell profile diagnostic instead of printing English","status":"passed","title":"returns a localized PowerShell profile diagnostic instead of printing English","duration":2.5447999999998956,"failureMessages":[],"meta":{}},{"ancestorTitles":["completion installer structured localization"],"fullName":"completion installer structured localization returns Simplified Chinese auto-configuration diagnostics without direct English output","status":"passed","title":"returns Simplified Chinese auto-configuration diagnostics without direct English output","duration":16.437599999999975,"failureMessages":[],"meta":{}},{"ancestorTitles":["completion installer structured localization"],"fullName":"completion installer structured localization returns a Simplified Chinese PowerShell profile diagnostic without printing English","status":"passed","title":"returns a Simplified Chinese PowerShell profile diagnostic without printing English","duration":2.6644000000001142,"failureMessages":[],"meta":{}},{"ancestorTitles":["completion installer structured localization"],"fullName":"completion installer structured localization suppresses direct diagnostics and reports a localized bash ENOTDIR install failure in ja","status":"passed","title":"suppresses direct diagnostics and reports a localized bash ENOTDIR install failure in ja","duration":17.708000000000084,"failureMessages":[],"meta":{}},{"ancestorTitles":["completion installer structured localization"],"fullName":"completion installer structured localization suppresses direct diagnostics and reports a localized bash ENOTDIR install failure in zh-cn","status":"passed","title":"suppresses direct diagnostics and reports a localized bash ENOTDIR install failure in zh-cn","duration":11.229799999999841,"failureMessages":[],"meta":{}},{"ancestorTitles":["completion installer structured localization"],"fullName":"completion installer structured localization suppresses direct diagnostics and reports a localized fish ENOTDIR install failure in ja","status":"passed","title":"suppresses direct diagnostics and reports a localized fish ENOTDIR install failure in ja","duration":9.917400000000043,"failureMessages":[],"meta":{}},{"ancestorTitles":["completion installer structured localization"],"fullName":"completion installer structured localization suppresses direct diagnostics and reports a localized fish ENOTDIR install failure in zh-cn","status":"passed","title":"suppresses direct diagnostics and reports a localized fish ENOTDIR install failure in zh-cn","duration":10.255699999999933,"failureMessages":[],"meta":{}},{"ancestorTitles":["completion installer structured localization"],"fullName":"completion installer structured localization suppresses direct diagnostics and reports a localized powershell ENOTDIR install failure in ja","status":"passed","title":"suppresses direct diagnostics and reports a localized powershell ENOTDIR install failure in ja","duration":9.611100000000079,"failureMessages":[],"meta":{}},{"ancestorTitles":["completion installer structured localization"],"fullName":"completion installer structured localization suppresses direct diagnostics and reports a localized powershell ENOTDIR install failure in zh-cn","status":"passed","title":"suppresses direct diagnostics and reports a localized powershell ENOTDIR install failure in zh-cn","duration":9.317800000000034,"failureMessages":[],"meta":{}},{"ancestorTitles":["completion installer structured localization"],"fullName":"completion installer structured localization suppresses direct diagnostics and reports a localized zsh ENOTDIR install failure in ja","status":"passed","title":"suppresses direct diagnostics and reports a localized zsh ENOTDIR install failure in ja","duration":12.940499999999929,"failureMessages":[],"meta":{}},{"ancestorTitles":["completion installer structured localization"],"fullName":"completion installer structured localization suppresses direct diagnostics and reports a localized zsh ENOTDIR install failure in zh-cn","status":"passed","title":"suppresses direct diagnostics and reports a localized zsh ENOTDIR install failure in zh-cn","duration":10.05210000000011,"failureMessages":[],"meta":{}},{"ancestorTitles":["completion installer structured localization"],"fullName":"completion installer structured localization reports Fish and PowerShell read-only uninstall failures only through localized command results","status":"skipped","title":"reports Fish and PowerShell read-only uninstall failures only through localized command results","failureMessages":[],"meta":{}}],"startTime":1785511744971,"endTime":1785511745227.052,"status":"passed","message":"","name":"E:/AI/ChatAI/Agents/VibeCodingProjects/workflow/Reference/OpenSpec-code-wt-pr121-review/test/commands/completion-installer-i18n.test.ts"},{"assertionResults":[{"ancestorTitles":["config editor (interactive, --no-arg TTY) (task 7.4)"],"fullName":"config editor (interactive, --no-arg TTY) (task 7.4) shows every registry key grouped by area with its effective value and source, then exits cleanly","status":"passed","title":"shows every registry key grouped by area with its effective value and source, then exits cleanly","duration":1240.0328,"failureMessages":[],"meta":{}},{"ancestorTitles":["config editor (interactive, --no-arg TTY) (task 7.4)"],"fullName":"config editor (interactive, --no-arg TTY) (task 7.4) localizes config groups and descriptions in Japanese","status":"passed","title":"localizes config groups and descriptions in Japanese","duration":434.5978,"failureMessages":[],"meta":{}},{"ancestorTitles":["config editor (interactive, --no-arg TTY) (task 7.4)"],"fullName":"config editor (interactive, --no-arg TTY) (task 7.4) localizes config groups and descriptions in Simplified Chinese while preserving canonical keys and values","status":"passed","title":"localizes config groups and descriptions in Simplified Chinese while preserving canonical keys and values","duration":394.38009999999986,"failureMessages":[],"meta":{}},{"ancestorTitles":["config editor (interactive, --no-arg TTY) (task 7.4)"],"fullName":"config editor (interactive, --no-arg TTY) (task 7.4) the workflows row is a disabled pointer to `rasen profile`","status":"passed","title":"the workflows row is a disabled pointer to `rasen profile`","duration":370.0170000000003,"failureMessages":[],"meta":{}},{"ancestorTitles":["config editor (interactive, --no-arg TTY) (task 7.4)"],"fullName":"config editor (interactive, --no-arg TTY) (task 7.4) the ui.pinnedSpaces row is a disabled pointer to the Spaces page","status":"passed","title":"the ui.pinnedSpaces row is a disabled pointer to the Spaces page","duration":399.46770000000015,"failureMessages":[],"meta":{}},{"ancestorTitles":["config editor (interactive, --no-arg TTY) (task 7.4)"],"fullName":"config editor (interactive, --no-arg TTY) (task 7.4) project-only keys are disabled outside a Rasen project","status":"passed","title":"project-only keys are disabled outside a Rasen project","duration":479.3463999999999,"failureMessages":[],"meta":{}},{"ancestorTitles":["config editor (interactive, --no-arg TTY) (task 7.4)"],"fullName":"config editor (interactive, --no-arg TTY) (task 7.4) project-only keys are editable inside a Rasen project (not disabled)","status":"passed","title":"project-only keys are editable inside a Rasen project (not disabled)","duration":470.77340000000004,"failureMessages":[],"meta":{}},{"ancestorTitles":["config editor (interactive, --no-arg TTY) (task 7.4)"],"fullName":"config editor (interactive, --no-arg TTY) (task 7.4) the promoted autopilot.gates key is never row-disabled (settable at global scope even outside a project)","status":"passed","title":"the promoted autopilot.gates key is never row-disabled (settable at global scope even outside a project)","duration":491.6894000000002,"failureMessages":[],"meta":{}},{"ancestorTitles":["config editor (interactive, --no-arg TTY) (task 7.4)"],"fullName":"config editor (interactive, --no-arg TTY) (task 7.4) an env-overridden key (telemetry.enabled) is annotated in its row","status":"passed","title":"an env-overridden key (telemetry.enabled) is annotated in its row","duration":444.6741000000002,"failureMessages":[],"meta":{}},{"ancestorTitles":["config editor (interactive, --no-arg TTY) (task 7.4)"],"fullName":"config editor (interactive, --no-arg TTY) (task 7.4) editing a both-scope project/global enum key (autopilot.gates) prompts for scope, writes it, and refreshes the view","status":"passed","title":"editing a both-scope project/global enum key (autopilot.gates) prompts for scope, writes it, and refreshes the view","duration":527.8031000000001,"failureMessages":[],"meta":{}},{"ancestorTitles":["config editor (interactive, --no-arg TTY) (task 7.4)"],"fullName":"config editor (interactive, --no-arg TTY) (task 7.4) editing a boolean key (proactive) prompts true/false and writes to global config","status":"passed","title":"editing a boolean key (proactive) prompts true/false and writes to global config","duration":528.6747999999998,"failureMessages":[],"meta":{}},{"ancestorTitles":["config editor (interactive, --no-arg TTY) (task 7.4)"],"fullName":"config editor (interactive, --no-arg TTY) (task 7.4) editing a both-scope key inside a project prompts for scope, then writes to the chosen scope via input()","status":"passed","title":"editing a both-scope key inside a project prompts for scope, then writes to the chosen scope via input()","duration":480.10249999999996,"failureMessages":[],"meta":{}},{"ancestorTitles":["config editor (interactive, --no-arg TTY) (task 7.4)"],"fullName":"config editor (interactive, --no-arg TTY) (task 7.4) editing a both-scope key writing to project scope preserves the file","status":"passed","title":"editing a both-scope key writing to project scope preserves the file","duration":462.46979999999985,"failureMessages":[],"meta":{}},{"ancestorTitles":["config editor (interactive, --no-arg TTY) (task 7.4)"],"fullName":"config editor (interactive, --no-arg TTY) (task 7.4) does not prompt for scope for a both-scope key outside a project (falls back to global)","status":"passed","title":"does not prompt for scope for a both-scope key outside a project (falls back to global)","duration":473.46879999999965,"failureMessages":[],"meta":{}},{"ancestorTitles":["config editor (interactive, --no-arg TTY) (task 7.4)"],"fullName":"config editor (interactive, --no-arg TTY) (task 7.4) editing a threshold key with the absolute { remainingTokens } form via input() writes the object (MIN-M2)","status":"passed","title":"editing a threshold key with the absolute { remainingTokens } form via input() writes the object (MIN-M2)","duration":441.1815999999999,"failureMessages":[],"meta":{}},{"ancestorTitles":["config editor (interactive, --no-arg TTY) (task 7.4)"],"fullName":"config editor (interactive, --no-arg TTY) (task 7.4) the threshold input() validator accepts both dual forms and rejects an invalid absolute form (MIN-M2)","status":"passed","title":"the threshold input() validator accepts both dual forms and rejects an invalid absolute form (MIN-M2)","duration":448.9365999999991,"failureMessages":[],"meta":{}},{"ancestorTitles":["config editor (interactive, --no-arg TTY) (task 7.4)"],"fullName":"config editor (interactive, --no-arg TTY) (task 7.4) the input() validator rejects an out-of-range value before it is accepted","status":"passed","title":"the input() validator rejects an out-of-range value before it is accepted","duration":430.21750000000065,"failureMessages":[],"meta":{}},{"ancestorTitles":["config editor (interactive, --no-arg TTY) (task 7.4)"],"fullName":"config editor (interactive, --no-arg TTY) (task 7.4) Ctrl+C exits cleanly with code 130 and makes no partial write","status":"passed","title":"Ctrl+C exits cleanly with code 130 and makes no partial write","duration":401.84840000000077,"failureMessages":[],"meta":{}},{"ancestorTitles":["config editor (interactive, --no-arg TTY) (task 7.4)"],"fullName":"config editor (interactive, --no-arg TTY) (task 7.4) Ctrl+C during the value prompt also exits 130 without writing","status":"passed","title":"Ctrl+C during the value prompt also exits 130 without writing","duration":415.78919999999925,"failureMessages":[],"meta":{}}],"startTime":1785511747328,"endTime":1785511756664.7893,"status":"passed","message":"","name":"E:/AI/ChatAI/Agents/VibeCodingProjects/workflow/Reference/OpenSpec-code-wt-pr121-review/test/commands/config-editor.test.ts"},{"assertionResults":[{"ancestorTitles":["diffProfileState workflow formatting"],"fullName":"diffProfileState workflow formatting uses explicit \"removed\" wording when workflows are deleted","status":"passed","title":"uses explicit \"removed\" wording when workflows are deleted","duration":491.3147,"failureMessages":[],"meta":{}},{"ancestorTitles":["diffProfileState workflow formatting"],"fullName":"diffProfileState workflow formatting uses explicit labels when workflows are added and removed","status":"passed","title":"uses explicit labels when workflows are added and removed","duration":0.5380000000000109,"failureMessages":[],"meta":{}},{"ancestorTitles":["deriveProfileFromSelection"],"fullName":"deriveProfileFromSelection returns custom for an empty workflow selection","status":"passed","title":"returns custom for an empty workflow selection","duration":19.885699999999815,"failureMessages":[],"meta":{}},{"ancestorTitles":["deriveProfileFromSelection"],"fullName":"deriveProfileFromSelection returns custom when selection is a superset of core workflows","status":"passed","title":"returns custom when selection is a superset of core workflows","duration":4.455600000000004,"failureMessages":[],"meta":{}},{"ancestorTitles":["deriveProfileFromSelection"],"fullName":"deriveProfileFromSelection returns custom when selection has exactly the core workflows but no quality-floor experts","status":"passed","title":"returns custom when selection has exactly the core workflows but no quality-floor experts","duration":3.898400000000038,"failureMessages":[],"meta":{}},{"ancestorTitles":["deriveProfileFromSelection"],"fullName":"deriveProfileFromSelection returns core when selection has exactly core workflows plus the quality-floor experts, in different order","status":"passed","title":"returns core when selection has exactly core workflows plus the quality-floor experts, in different order","duration":4.126300000000128,"failureMessages":[],"meta":{}},{"ancestorTitles":["deriveProfileFromSelection"],"fullName":"deriveProfileFromSelection returns custom when core membership carries a non-off retention mode","status":"passed","title":"returns custom when core membership carries a non-off retention mode","duration":3.761700000000019,"failureMessages":[],"meta":{}},{"ancestorTitles":["resolveCurrentProfileState — saved-name global profile (m4)"],"fullName":"resolveCurrentProfileState — saved-name global profile (m4) displays a saved-name global profile verbatim and resolves its actual workflows (never coerced to full)","status":"passed","title":"displays a saved-name global profile verbatim and resolves its actual workflows (never coerced to full)","duration":29.991199999999935,"failureMessages":[],"meta":{}},{"ancestorTitles":["resolveCurrentProfileState — saved-name global profile (m4)"],"fullName":"resolveCurrentProfileState — saved-name global profile (m4) a reserved global profile still resolves to its preset set","status":"passed","title":"a reserved global profile still resolves to its preset set","duration":2.2308000000000447,"failureMessages":[],"meta":{}},{"ancestorTitles":["resolveCurrentProfileState — saved-name global profile (m4)"],"fullName":"resolveCurrentProfileState — saved-name global profile (m4) resolves retention from the profile when no explicit value is stored (full → report, core → off)","status":"passed","title":"resolves retention from the profile when no explicit value is stored (full → report, core → off)","duration":1.799199999999928,"failureMessages":[],"meta":{}},{"ancestorTitles":["resolveCurrentProfileState — saved-name global profile (m4)"],"fullName":"resolveCurrentProfileState — saved-name global profile (m4) prefers an explicit retention value over the profile default","status":"passed","title":"prefers an explicit retention value over the profile default","duration":1.1677999999999429,"failureMessages":[],"meta":{}},{"ancestorTitles":["resolveCurrentProfileState — saved-name global profile (m4)"],"fullName":"resolveCurrentProfileState — saved-name global profile (m4) migrates a v1 custom selection carrying retro-command to report and drops the id","status":"passed","title":"migrates a v1 custom selection carrying retro-command to report and drops the id","duration":1.3588999999999487,"failureMessages":[],"meta":{}},{"ancestorTitles":["resolveCurrentProfileState — saved-name global profile (m4)"],"fullName":"resolveCurrentProfileState — saved-name global profile (m4) migrates a v1 custom selection without retro-command to off","status":"passed","title":"migrates a v1 custom selection without retro-command to off","duration":0.873700000000099,"failureMessages":[],"meta":{}},{"ancestorTitles":["config profile interactive flow"],"fullName":"config profile interactive flow action picker should use configure wording and describe each path","status":"passed","title":"action picker should use configure wording and describe each path","duration":600.1170999999999,"failureMessages":[],"meta":{}},{"ancestorTitles":["config profile interactive flow"],"fullName":"config profile interactive flow the profile picker no longer offers a delivery action (retired)","status":"passed","title":"the profile picker no longer offers a delivery action (retired)","duration":482.96910000000025,"failureMessages":[],"meta":{}},{"ancestorTitles":["config profile interactive flow"],"fullName":"config profile interactive flow workflows-only action should not invoke a delivery prompt (there is none)","status":"passed","title":"workflows-only action should not invoke a delivery prompt (there is none)","duration":479.4533999999999,"failureMessages":[],"meta":{}},{"ancestorTitles":["config profile interactive flow"],"fullName":"config profile interactive flow workflow picker should align public workflow ids with friendly names and descriptions","status":"passed","title":"workflow picker should align public workflow ids with friendly names and descriptions","duration":583.1708000000003,"failureMessages":[],"meta":{}},{"ancestorTitles":["config profile interactive flow"],"fullName":"config profile interactive flow workflow picker should localize every choice in Japanese","status":"passed","title":"workflow picker should localize every choice in Japanese","duration":543.7342999999996,"failureMessages":[],"meta":{}},{"ancestorTitles":["config profile interactive flow"],"fullName":"config profile interactive flow localizes the workflow picker and update result in Simplified Chinese","status":"passed","title":"localizes the workflow picker and update result in Simplified Chinese","duration":505.7029999999995,"failureMessages":[],"meta":{}},{"ancestorTitles":["config profile interactive flow"],"fullName":"config profile interactive flow reports legacy delivery migration in Simplified Chinese from the interactive profile editor read","status":"passed","title":"reports legacy delivery migration in Simplified Chinese from the interactive profile editor read","duration":615.1203999999998,"failureMessages":[],"meta":{}},{"ancestorTitles":["config profile interactive flow"],"fullName":"config profile interactive flow selecting the same workflows should be a no-op and should not ask apply","status":"passed","title":"selecting the same workflows should be a no-op and should not ask apply","duration":670.2588999999998,"failureMessages":[],"meta":{}},{"ancestorTitles":["config profile interactive flow"],"fullName":"config profile interactive flow keep action should warn when project files drift from global config","status":"passed","title":"keep action should warn when project files drift from global config","duration":718.4762000000001,"failureMessages":[],"meta":{}},{"ancestorTitles":["config profile interactive flow"],"fullName":"config profile interactive flow keep action should not warn when project files are already synced","status":"passed","title":"keep action should not warn when project files are already synced","duration":682.7294000000002,"failureMessages":[],"meta":{}},{"ancestorTitles":["config profile interactive flow"],"fullName":"config profile interactive flow effective no-op after prompts should warn when project files drift","status":"passed","title":"effective no-op after prompts should warn when project files drift","duration":690.1136999999999,"failureMessages":[],"meta":{}},{"ancestorTitles":["config profile interactive flow"],"fullName":"config profile interactive flow keep action should warn when project has extra workflows beyond global config","status":"passed","title":"keep action should warn when project has extra workflows beyond global config","duration":689.1117999999997,"failureMessages":[],"meta":{}},{"ancestorTitles":["config profile interactive flow"],"fullName":"config profile interactive flow changed config should save and ask apply when inside project","status":"passed","title":"changed config should save and ask apply when inside project","duration":599.8117000000002,"failureMessages":[],"meta":{}},{"ancestorTitles":["config profile interactive flow"],"fullName":"config profile interactive flow confirmed project apply should run rasen update in the project","status":"passed","title":"confirmed project apply should run rasen update in the project","duration":512.6409000000003,"failureMessages":[],"meta":{}},{"ancestorTitles":["config profile interactive flow"],"fullName":"config profile interactive flow core preset resolves without any prompts (delivery is retired)","status":"passed","title":"core preset resolves without any prompts (delivery is retired)","duration":592.2356,"failureMessages":[],"meta":{}},{"ancestorTitles":["config profile interactive flow"],"fullName":"config profile interactive flow Ctrl+C should cancel without stack trace and set interrupted exit code","status":"passed","title":"Ctrl+C should cancel without stack trace and set interrupted exit code","duration":535.8186000000005,"failureMessages":[],"meta":{}}],"startTime":1785511653175,"endTime":1785511663242.8186,"status":"passed","message":"","name":"E:/AI/ChatAI/Agents/VibeCodingProjects/workflow/Reference/OpenSpec-code-wt-pr121-review/test/commands/config-profile.test.ts"},{"assertionResults":[{"ancestorTitles":["resolveWorkflowPickerPageSize"],"fullName":"resolveWorkflowPickerPageSize uses the contract page size for unavailable height","status":"passed","title":"uses the contract page size for unavailable height","duration":2.55379999999991,"failureMessages":[],"meta":{}},{"ancestorTitles":["resolveWorkflowPickerPageSize"],"fullName":"resolveWorkflowPickerPageSize uses the contract page size for NaN height","status":"passed","title":"uses the contract page size for NaN height","duration":0.692299999999932,"failureMessages":[],"meta":{}},{"ancestorTitles":["resolveWorkflowPickerPageSize"],"fullName":"resolveWorkflowPickerPageSize uses the contract page size for zero height","status":"passed","title":"uses the contract page size for zero height","duration":0.5564999999999145,"failureMessages":[],"meta":{}},{"ancestorTitles":["resolveWorkflowPickerPageSize"],"fullName":"resolveWorkflowPickerPageSize uses the contract page size for negative height","status":"passed","title":"uses the contract page size for negative height","duration":0.42279999999982465,"failureMessages":[],"meta":{}},{"ancestorTitles":["resolveWorkflowPickerPageSize"],"fullName":"resolveWorkflowPickerPageSize uses the contract page size for fractional height","status":"passed","title":"uses the contract page size for fractional height","duration":0.3454999999999018,"failureMessages":[],"meta":{}},{"ancestorTitles":["resolveWorkflowPickerPageSize"],"fullName":"resolveWorkflowPickerPageSize uses the contract page size for three-row terminal","status":"passed","title":"uses the contract page size for three-row terminal","duration":0.3867999999999938,"failureMessages":[],"meta":{}},{"ancestorTitles":["resolveWorkflowPickerPageSize"],"fullName":"resolveWorkflowPickerPageSize uses the contract page size for five-row terminal","status":"passed","title":"uses the contract page size for five-row terminal","duration":0.28920000000016444,"failureMessages":[],"meta":{}},{"ancestorTitles":["resolveWorkflowPickerPageSize"],"fullName":"resolveWorkflowPickerPageSize uses the contract page size for 12-row terminal","status":"passed","title":"uses the contract page size for 12-row terminal","duration":0.24739999999997053,"failureMessages":[],"meta":{}},{"ancestorTitles":["resolveWorkflowPickerPageSize"],"fullName":"resolveWorkflowPickerPageSize uses the contract page size for 24-row terminal","status":"passed","title":"uses the contract page size for 24-row terminal","duration":0.27520000000004075,"failureMessages":[],"meta":{}},{"ancestorTitles":["resolveWorkflowPickerPageSize"],"fullName":"resolveWorkflowPickerPageSize uses the contract page size for 50-row terminal","status":"passed","title":"uses the contract page size for 50-row terminal","duration":0.39869999999996253,"failureMessages":[],"meta":{}},{"ancestorTitles":["resolveWorkflowPickerPageSize"],"fullName":"resolveWorkflowPickerPageSize uses the contract page size for 100-row terminal","status":"passed","title":"uses the contract page size for 100-row terminal","duration":0.2744999999999891,"failureMessages":[],"meta":{}},{"ancestorTitles":["resolveWorkflowPickerPageSize"],"fullName":"resolveWorkflowPickerPageSize uses the contract page size for short choice list","status":"passed","title":"uses the contract page size for short choice list","duration":0.23060000000009495,"failureMessages":[],"meta":{}},{"ancestorTitles":["profile command"],"fullName":"profile command uses a saved profile by copying its workflows to global config","status":"passed","title":"uses a saved profile by copying its workflows to global config","duration":114.97119999999995,"failureMessages":[],"meta":{}},{"ancestorTitles":["profile command"],"fullName":"profile command uses a built-in profile and does not surface a delivery setting","status":"passed","title":"uses a built-in profile and does not surface a delivery setting","duration":33.47850000000017,"failureMessages":[],"meta":{}},{"ancestorTitles":["profile command"],"fullName":"profile command offers profile selection when use is called without a name","status":"passed","title":"offers profile selection when use is called without a name","duration":180.98969999999986,"failureMessages":[],"meta":{}},{"ancestorTitles":["profile command"],"fullName":"profile command creates, saves, and selects a named profile within a short terminal","status":"passed","title":"creates, saves, and selects a named profile within a short terminal","duration":136.6090999999999,"failureMessages":[],"meta":{}},{"ancestorTitles":["profile command","update subcommand (init-profile-lock)"],"fullName":"profile command update subcommand (init-profile-lock) edits a saved definition in place without touching the current global selection","status":"passed","title":"edits a saved definition in place without touching the current global selection","duration":107.82850000000008,"failureMessages":[],"meta":{}},{"ancestorTitles":["profile command","update subcommand (init-profile-lock)"],"fullName":"profile command update subcommand (init-profile-lock) seeds the picker from the stored definition, not the current global selection","status":"passed","title":"seeds the picker from the stored definition, not the current global selection","duration":80.51819999999998,"failureMessages":[],"meta":{}},{"ancestorTitles":["profile command","update subcommand (init-profile-lock)"],"fullName":"profile command update subcommand (init-profile-lock) declining the confirmation leaves the definition file byte-identical","status":"passed","title":"declining the confirmation leaves the definition file byte-identical","duration":67.49680000000012,"failureMessages":[],"meta":{}},{"ancestorTitles":["profile command","update subcommand (init-profile-lock)"],"fullName":"profile command update subcommand (init-profile-lock) an unchanged selection saves nothing","status":"passed","title":"an unchanged selection saves nothing","duration":53.95900000000006,"failureMessages":[],"meta":{}},{"ancestorTitles":["profile command","update subcommand (init-profile-lock)"],"fullName":"profile command update subcommand (init-profile-lock) rejects built-in and reserved names","status":"passed","title":"rejects built-in and reserved names","duration":8.412000000000035,"failureMessages":[],"meta":{}},{"ancestorTitles":["profile command","update subcommand (init-profile-lock)"],"fullName":"profile command update subcommand (init-profile-lock) fails for an unknown saved profile name","status":"passed","title":"fails for an unknown saved profile name","duration":4.398400000000038,"failureMessages":[],"meta":{}},{"ancestorTitles":["profile command","update subcommand (init-profile-lock)"],"fullName":"profile command update subcommand (init-profile-lock) requires an interactive terminal","status":"passed","title":"requires an interactive terminal","duration":16.61869999999999,"failureMessages":[],"meta":{}},{"ancestorTitles":["profile command","update subcommand (init-profile-lock)"],"fullName":"profile command update subcommand (init-profile-lock) prompts among saved profiles when no name is given","status":"passed","title":"prompts among saved profiles when no name is given","duration":109.61380000000008,"failureMessages":[],"meta":{}},{"ancestorTitles":["profile command","update subcommand (init-profile-lock)"],"fullName":"profile command update subcommand (init-profile-lock) fails with no saved profiles when update is called without a name","status":"passed","title":"fails with no saved profiles when update is called without a name","duration":7.787899999999809,"failureMessages":[],"meta":{}},{"ancestorTitles":["profile command"],"fullName":"profile command uses the opening terminal height in the current-profile editor","status":"passed","title":"uses the opening terminal height in the current-profile editor","duration":87.49720000000025,"failureMessages":[],"meta":{}},{"ancestorTitles":["profile command"],"fullName":"profile command falls back safely and recaptures height when the picker opens again","status":"passed","title":"falls back safely and recaptures height when the picker opens again","duration":64.57789999999977,"failureMessages":[],"meta":{}},{"ancestorTitles":["profile command"],"fullName":"profile command uses the Japanese workflow picker and retention radio when creating a profile (delivery retired)","status":"passed","title":"uses the Japanese workflow picker and retention radio when creating a profile (delivery retired)","duration":54.491599999999835,"failureMessages":[],"meta":{}},{"ancestorTitles":["profile command"],"fullName":"profile command uses Simplified Chinese prompts, built-in metadata, and results when creating a profile","status":"passed","title":"uses Simplified Chinese prompts, built-in metadata, and results when creating a profile","duration":44.4349000000002,"failureMessages":[],"meta":{}},{"ancestorTitles":["profile command"],"fullName":"profile command keeps the name prompt open for reserved and existing profile names","status":"passed","title":"keeps the name prompt open for reserved and existing profile names","duration":96.08679999999958,"failureMessages":[],"meta":{}},{"ancestorTitles":["profile command"],"fullName":"profile command bounds long user workflow descriptions without hiding the localized source label","status":"passed","title":"bounds long user workflow descriptions without hiding the localized source label","duration":217.36370000000034,"failureMessages":[],"meta":{}},{"ancestorTitles":["profile command"],"fullName":"profile command keeps user-authored workflow content verbatim in the Simplified Chinese picker","status":"passed","title":"keeps user-authored workflow content verbatim in the Simplified Chinese picker","duration":173.79629999999997,"failureMessages":[],"meta":{}},{"ancestorTitles":["profile command"],"fullName":"profile command shows a declared skill title verbatim in the en picker while storing the workflow id","status":"passed","title":"shows a declared skill title verbatim in the en picker while storing the workflow id","duration":206.4643000000001,"failureMessages":[],"meta":{}},{"ancestorTitles":["profile command"],"fullName":"profile command shows a declared skill title verbatim in the ja picker while storing the workflow id","status":"passed","title":"shows a declared skill title verbatim in the ja picker while storing the workflow id","duration":144.1561999999999,"failureMessages":[],"meta":{}},{"ancestorTitles":["profile command"],"fullName":"profile command shows a declared skill title verbatim in the zh-cn picker while storing the workflow id","status":"passed","title":"shows a declared skill title verbatim in the zh-cn picker while storing the workflow id","duration":135.8761999999997,"failureMessages":[],"meta":{}},{"ancestorTitles":["profile command"],"fullName":"profile command labels user workflows and prevents deselecting a required dependency","status":"passed","title":"labels user workflows and prevents deselecting a required dependency","duration":174.07870000000003,"failureMessages":[],"meta":{}},{"ancestorTitles":["profile command"],"fullName":"profile command fails clearly for an explicit existing profile name","status":"passed","title":"fails clearly for an explicit existing profile name","duration":22.396699999999782,"failureMessages":[],"meta":{}},{"ancestorTitles":["profile command"],"fullName":"profile command localizes a missing named-profile error in Japanese","status":"passed","title":"localizes a missing named-profile error in Japanese","duration":2.9436000000000604,"failureMessages":[],"meta":{}},{"ancestorTitles":["profile command"],"fullName":"profile command localizes an unsupported import format in Japanese","status":"passed","title":"localizes an unsupported import format in Japanese","duration":4.602899999999863,"failureMessages":[],"meta":{}},{"ancestorTitles":["profile command"],"fullName":"profile command localizes named-profile failures in Simplified Chinese","status":"passed","title":"localizes named-profile failures in Simplified Chinese","duration":6.774800000000141,"failureMessages":[],"meta":{}},{"ancestorTitles":["profile command"],"fullName":"profile command reports legacy delivery migration in Simplified Chinese from the profile command-owned read","status":"passed","title":"reports legacy delivery migration in Simplified Chinese from the profile command-owned read","duration":22.98739999999998,"failureMessages":[],"meta":{}},{"ancestorTitles":["profile command"],"fullName":"profile command lists built-in and saved profiles as JSON","status":"passed","title":"lists built-in and saved profiles as JSON","duration":23.770600000000286,"failureMessages":[],"meta":{}},{"ancestorTitles":["profile command"],"fullName":"profile command localizes malformed saved-profile details in the human list without changing JSON fields","status":"passed","title":"localizes malformed saved-profile details in the human list without changing JSON fields","duration":34.9076,"failureMessages":[],"meta":{}},{"ancestorTitles":["profile command"],"fullName":"profile command localizes malformed saved-profile chooser descriptions in Japanese","status":"passed","title":"localizes malformed saved-profile chooser descriptions in Japanese","duration":38.12930000000006,"failureMessages":[],"meta":{}},{"ancestorTitles":["profile command"],"fullName":"profile command imports without applying and exports a selected saved profile","status":"passed","title":"imports without applying and exports a selected saved profile","duration":110.44290000000001,"failureMessages":[],"meta":{}},{"ancestorTitles":["profile command"],"fullName":"profile command requires --force to overwrite an export outside a TTY","status":"passed","title":"requires --force to overwrite an export outside a TTY","duration":4.942300000000159,"failureMessages":[],"meta":{}},{"ancestorTitles":["profile command"],"fullName":"profile command exports a self-contained package and imports its embedded workflow with --as","status":"passed","title":"exports a self-contained package and imports its embedded workflow with --as","duration":192.08390000000009,"failureMessages":[],"meta":{}},{"ancestorTitles":["profile command"],"fullName":"profile command does not let --force replace a conflicting workflow digest","status":"passed","title":"does not let --force replace a conflicting workflow digest","duration":121.83899999999994,"failureMessages":[],"meta":{}},{"ancestorTitles":["profile command"],"fullName":"profile command deletes a saved profile without changing current settings","status":"passed","title":"deletes a saved profile without changing current settings","duration":15.074399999999514,"failureMessages":[],"meta":{}}],"startTime":1785511716822,"endTime":1785511719753.0745,"status":"passed","message":"","name":"E:/AI/ChatAI/Agents/VibeCodingProjects/workflow/Reference/OpenSpec-code-wt-pr121-review/test/commands/profile.test.ts"},{"assertionResults":[{"ancestorTitles":["top-level validate command"],"fullName":"top-level validate command prints a helpful hint when no args in non-interactive mode","status":"passed","title":"prints a helpful hint when no args in non-interactive mode","duration":1057.4495000000002,"failureMessages":[],"meta":{}},{"ancestorTitles":["top-level validate command"],"fullName":"top-level validate command validates all with --all and outputs JSON summary","status":"passed","title":"validates all with --all and outputs JSON summary","duration":1117.1852000000001,"failureMessages":[],"meta":{}},{"ancestorTitles":["top-level validate command"],"fullName":"top-level validate command validates only specs with --specs and respects --concurrency","status":"passed","title":"validates only specs with --specs and respects --concurrency","duration":1032.4303,"failureMessages":[],"meta":{}},{"ancestorTitles":["top-level validate command"],"fullName":"top-level validate command errors on ambiguous item names and suggests type override","status":"passed","title":"errors on ambiguous item names and suggests type override","duration":1084.4650000000001,"failureMessages":[],"meta":{}},{"ancestorTitles":["top-level validate command"],"fullName":"top-level validate command accepts change proposals saved with CRLF line endings","status":"passed","title":"accepts change proposals saved with CRLF line endings","duration":1071.9053999999996,"failureMessages":[],"meta":{}},{"ancestorTitles":["top-level validate command"],"fullName":"top-level validate command resolves and validates a scaffolded change without proposal.md (#1182)","status":"passed","title":"resolves and validates a scaffolded change without proposal.md (#1182)","duration":1050.8019999999997,"failureMessages":[],"meta":{}},{"ancestorTitles":["top-level validate command"],"fullName":"top-level validate command a resolved-but-invalid proposal-less change exits non-zero, not \"Unknown item\" (#1182)","status":"passed","title":"a resolved-but-invalid proposal-less change exits non-zero, not \"Unknown item\" (#1182)","duration":1023.5302000000001,"failureMessages":[],"meta":{}},{"ancestorTitles":["top-level validate command"],"fullName":"top-level validate command includes a sole proposal-less change in --all (not \"No items found\") (#1182)","status":"passed","title":"includes a sole proposal-less change in --all (not \"No items found\") (#1182)","duration":1150.7511000000013,"failureMessages":[],"meta":{}},{"ancestorTitles":["top-level validate command"],"fullName":"top-level validate command respects --no-interactive flag passed via CLI","status":"passed","title":"respects --no-interactive flag passed via CLI","duration":1072.2555000000011,"failureMessages":[],"meta":{}},{"ancestorTitles":["top-level validate command (pipelines)"],"fullName":"top-level validate command (pipelines) reports the three built-ins as valid with --type pipeline (bulk via --pipelines)","status":"passed","title":"reports the three built-ins as valid with --type pipeline (bulk via --pipelines)","duration":1243.9773000000005,"failureMessages":[],"meta":{}},{"ancestorTitles":["top-level validate command (pipelines)"],"fullName":"top-level validate command (pipelines) includes pipelines under --all","status":"passed","title":"includes pipelines under --all","duration":1336.3282999999992,"failureMessages":[],"meta":{}},{"ancestorTitles":["top-level validate command (pipelines)"],"fullName":"top-level validate command (pipelines) validates all pipelines with `--type pipeline` and no item name","status":"passed","title":"validates all pipelines with `--type pipeline` and no item name","duration":1368.9225999999999,"failureMessages":[],"meta":{}},{"ancestorTitles":["top-level validate command (pipelines)"],"fullName":"top-level validate command (pipelines) reports valid:false for a pipeline with a dangling requires reference","status":"passed","title":"reports valid:false for a pipeline with a dangling requires reference","duration":1251.3150000000005,"failureMessages":[],"meta":{}},{"ancestorTitles":["top-level validate command (pipelines)"],"fullName":"top-level validate command (pipelines) reports valid:false for a pipeline referencing an unknown skill","status":"passed","title":"reports valid:false for a pipeline referencing an unknown skill","duration":1199.4012000000002,"failureMessages":[],"meta":{}},{"ancestorTitles":["top-level validate command (pipelines)"],"fullName":"top-level validate command (pipelines) reports a distinct error for a known workflow skill disabled by the profile","status":"passed","title":"reports a distinct error for a known workflow skill disabled by the profile","duration":1096.5980000000018,"failureMessages":[],"meta":{}},{"ancestorTitles":["top-level validate command (pipelines)"],"fullName":"top-level validate command (pipelines) enables required user workflow skills through dependency closure","status":"passed","title":"enables required user workflow skills through dependency closure","duration":1274.0072,"failureMessages":[],"meta":{}}],"startTime":1785511564093,"endTime":1785511582526.007,"status":"passed","message":"","name":"E:/AI/ChatAI/Agents/VibeCodingProjects/workflow/Reference/OpenSpec-code-wt-pr121-review/test/commands/validate.test.ts"},{"assertionResults":[{"ancestorTitles":["rasen work migrate"],"fullName":"rasen work migrate --dry-run previews without moving files","status":"passed","title":"--dry-run previews without moving files","duration":1595.3649,"failureMessages":[],"meta":{}},{"ancestorTitles":["rasen work migrate"],"fullName":"rasen work migrate --json without --yes previews without moving files","status":"passed","title":"--json without --yes previews without moving files","duration":3241.4236,"failureMessages":[],"meta":{}},{"ancestorTitles":["rasen work migrate"],"fullName":"rasen work migrate --json --yes executes and moves the file","status":"passed","title":"--json --yes executes and moves the file","duration":1600.5060999999996,"failureMessages":[],"meta":{}},{"ancestorTitles":["rasen work migrate"],"fullName":"rasen work migrate keeps an explicitly project-selected root as planning, execution, and legacy owner","status":"passed","title":"keeps an explicitly project-selected root as planning, execution, and legacy owner","duration":8.923300000000381,"failureMessages":[],"meta":{}},{"ancestorTitles":["rasen work migrate"],"fullName":"rasen work migrate passes the exact previewed plan to apply and reports source drift without replanning","status":"passed","title":"passes the exact previewed plan to apply and reports source drift without replanning","duration":318.2542999999996,"failureMessages":[],"meta":{}},{"ancestorTitles":["rasen work migrate"],"fullName":"rasen work migrate the registered command confirms and applies the exact previewed plan after drift","status":"passed","title":"the registered command confirms and applies the exact previewed plan after drift","duration":276.0536000000002,"failureMessages":[],"meta":{}},{"ancestorTitles":["rasen work migrate"],"fullName":"rasen work migrate JSON previews surface typed blockers and --yes fails without applying","status":"passed","title":"JSON previews surface typed blockers and --yes fails without applying","duration":433.33350000000064,"failureMessages":[],"meta":{}},{"ancestorTitles":["rasen work migrate"],"fullName":"rasen work migrate human --yes prints blocker operation, path, and code then fails closed","status":"passed","title":"human --yes prints blocker operation, path, and code then fails closed","duration":354.72580000000016,"failureMessages":[],"meta":{}},{"ancestorTitles":["rasen work migrate"],"fullName":"rasen work migrate a second --yes run reports nothing to migrate (idempotent)","status":"passed","title":"a second --yes run reports nothing to migrate (idempotent)","duration":3821.2826999999997,"failureMessages":[],"meta":{}},{"ancestorTitles":["rasen work migrate"],"fullName":"rasen work migrate --change scopes migration to a single change","status":"passed","title":"--change scopes migration to a single change","duration":3478.792599999999,"failureMessages":[],"meta":{}},{"ancestorTitles":["rasen work migrate"],"fullName":"rasen work migrate --change matching nothing exits non-zero with a diagnostic","status":"passed","title":"--change matching nothing exits non-zero with a diagnostic","duration":1216.3533000000007,"failureMessages":[],"meta":{}},{"ancestorTitles":["rasen work migrate"],"fullName":"rasen work migrate human mode --dry-run prints the preview and exits 0","status":"passed","title":"human mode --dry-run prints the preview and exits 0","duration":1403.1787000000004,"failureMessages":[],"meta":{}},{"ancestorTitles":["rasen work migrate"],"fullName":"rasen work migrate human cancellation leaves the previewed source in place","status":"passed","title":"human cancellation leaves the previewed source in place","duration":1487.3093000000008,"failureMessages":[],"meta":{}},{"ancestorTitles":["rasen work migrate"],"fullName":"rasen work migrate --discard-absorbed-conclusions applies the previewed destructive action","status":"passed","title":"--discard-absorbed-conclusions applies the previewed destructive action","duration":2001.3107000000018,"failureMessages":[],"meta":{}},{"ancestorTitles":["rasen work migrate"],"fullName":"rasen work migrate M1: --dry-run on an unregistered project never mints identity (config.yaml and registry untouched)","status":"passed","title":"M1: --dry-run on an unregistered project never mints identity (config.yaml and registry untouched)","duration":1720.3689000000013,"failureMessages":[],"meta":{}},{"ancestorTitles":["rasen work migrate"],"fullName":"rasen work migrate --json --yes does not mint identity or replan when the preview has no machine home","status":"passed","title":"--json --yes does not mint identity or replan when the preview has no machine home","duration":1074.8633999999984,"failureMessages":[],"meta":{}},{"ancestorTitles":["rasen work migrate"],"fullName":"rasen work migrate routes Store planning artifacts to the Store and terminal state to the invocation member","status":"passed","title":"routes Store planning artifacts to the Store and terminal state to the invocation member","duration":1761.1742000000013,"failureMessages":[],"meta":{}},{"ancestorTitles":["rasen work migrate"],"fullName":"rasen work migrate freezes main and linked worktrees independently across consecutive Store migrations","status":"passed","title":"freezes main and linked worktrees independently across consecutive Store migrations","duration":3443.031500000001,"failureMessages":[],"meta":{}},{"ancestorTitles":["rasen work migrate"],"fullName":"rasen work migrate rejects mutually exclusive Store and project selectors before planning","status":"passed","title":"rejects mutually exclusive Store and project selectors before planning","duration":1118.5819999999985,"failureMessages":[],"meta":{}},{"ancestorTitles":["rasen work migrate"],"fullName":"rasen work migrate M2: the inverted migrator does not depend on git (corrupted index does not block migration)","status":"passed","title":"M2: the inverted migrator does not depend on git (corrupted index does not block migration)","duration":1844.2574999999997,"failureMessages":[],"meta":{}}],"startTime":1785511511219,"endTime":1785511543419.2576,"status":"passed","message":"","name":"E:/AI/ChatAI/Agents/VibeCodingProjects/workflow/Reference/OpenSpec-code-wt-pr121-review/test/commands/work.test.ts"},{"assertionResults":[{"ancestorTitles":["agent-context","resolveModelLimit"],"fullName":"agent-context resolveModelLimit maps current large-context generations to 1M","status":"passed","title":"maps current large-context generations to 1M","duration":3.607900000000086,"failureMessages":[],"meta":{}},{"ancestorTitles":["agent-context","resolveModelLimit"],"fullName":"agent-context resolveModelLimit maps haiku to 200k","status":"passed","title":"maps haiku to 200k","duration":1.2184000000000879,"failureMessages":[],"meta":{}},{"ancestorTitles":["agent-context","resolveModelLimit"],"fullName":"agent-context resolveModelLimit falls back to the conservative default for unknown models","status":"passed","title":"falls back to the conservative default for unknown models","duration":1.6982000000000426,"failureMessages":[],"meta":{}},{"ancestorTitles":["agent-context","computeContextFromTranscript"],"fullName":"agent-context computeContextFromTranscript sums the three usage fields, treating missing fields as 0","status":"passed","title":"sums the three usage fields, treating missing fields as 0","duration":5.970699999999965,"failureMessages":[],"meta":{}},{"ancestorTitles":["agent-context","computeContextFromTranscript"],"fullName":"agent-context computeContextFromTranscript treats absent usage fields as 0","status":"passed","title":"treats absent usage fields as 0","duration":16.97840000000008,"failureMessages":[],"meta":{}},{"ancestorTitles":["agent-context","computeContextFromTranscript"],"fullName":"agent-context computeContextFromTranscript uses the LAST usage-bearing entry (last-entry-wins)","status":"passed","title":"uses the LAST usage-bearing entry (last-entry-wins)","duration":17.9156999999999,"failureMessages":[],"meta":{}},{"ancestorTitles":["agent-context","computeContextFromTranscript"],"fullName":"agent-context computeContextFromTranscript skips malformed/blank lines","status":"passed","title":"skips malformed/blank lines","duration":17.166399999999953,"failureMessages":[],"meta":{}},{"ancestorTitles":["agent-context","computeContextFromTranscript"],"fullName":"agent-context computeContextFromTranscript honors an explicit limit override","status":"passed","title":"honors an explicit limit override","duration":17.749000000000024,"failureMessages":[],"meta":{}},{"ancestorTitles":["agent-context","computeContextFromTranscript"],"fullName":"agent-context computeContextFromTranscript throws an actionable error on a usage-free transcript","status":"passed","title":"throws an actionable error on a usage-free transcript","duration":15.63650000000007,"failureMessages":[],"meta":{}},{"ancestorTitles":["agent-context","computeContextFromTranscript"],"fullName":"agent-context computeContextFromTranscript throws an actionable error on a missing file","status":"passed","title":"throws an actionable error on a missing file","duration":1.5492999999999029,"failureMessages":[],"meta":{}},{"ancestorTitles":["agent-context","claudeProjectsDir"],"fullName":"agent-context claudeProjectsDir slugs the cwd by replacing : and separators with -","status":"passed","title":"slugs the cwd by replacing : and separators with -","duration":0.9641000000001441,"failureMessages":[],"meta":{}},{"ancestorTitles":["agent-context","claudeProjectsDir"],"fullName":"agent-context claudeProjectsDir also replaces dots (Claude Code project-dir convention)","status":"passed","title":"also replaces dots (Claude Code project-dir convention)","duration":0.8741999999999734,"failureMessages":[],"meta":{}},{"ancestorTitles":["agent-context","findLatestMainTranscript"],"fullName":"agent-context findLatestMainTranscript picks the newest main-session file, excluding agent-*.jsonl","status":"passed","title":"picks the newest main-session file, excluding agent-*.jsonl","duration":5.61889999999994,"failureMessages":[],"meta":{}},{"ancestorTitles":["agent-context","findLatestMainTranscript"],"fullName":"agent-context findLatestMainTranscript throws when the directory is absent","status":"passed","title":"throws when the directory is absent","duration":1.9302000000000135,"failureMessages":[],"meta":{}},{"ancestorTitles":["agent-context","findLatestMainTranscript"],"fullName":"agent-context findLatestMainTranscript throws when only subagent transcripts exist","status":"passed","title":"throws when only subagent transcripts exist","duration":4.473700000000008,"failureMessages":[],"meta":{}},{"ancestorTitles":["agent-context","findLatestMainTranscript"],"fullName":"agent-context findLatestMainTranscript throws AgentContextUnavailableError (typed) when the directory is absent","status":"passed","title":"throws AgentContextUnavailableError (typed) when the directory is absent","duration":2.4040999999999713,"failureMessages":[],"meta":{}},{"ancestorTitles":["agent-context","findLatestMainTranscript"],"fullName":"agent-context findLatestMainTranscript throws AgentContextUnavailableError (typed) when only subagent transcripts exist","status":"passed","title":"throws AgentContextUnavailableError (typed) when only subagent transcripts exist","duration":2.4138000000000375,"failureMessages":[],"meta":{}},{"ancestorTitles":["agent-context","findLatestRollout"],"fullName":"agent-context findLatestRollout picks the newest-mtime rollout among cwd matches","status":"passed","title":"picks the newest-mtime rollout among cwd matches","duration":20.45530000000008,"failureMessages":[],"meta":{}},{"ancestorTitles":["agent-context","findLatestRollout"],"fullName":"agent-context findLatestRollout skips a newer rollout recorded under a different cwd","status":"passed","title":"skips a newer rollout recorded under a different cwd","duration":24.854899999999816,"failureMessages":[],"meta":{}},{"ancestorTitles":["agent-context","findLatestRollout"],"fullName":"agent-context findLatestRollout skips a forked-child (subagent) rollout even when newest","status":"passed","title":"skips a forked-child (subagent) rollout even when newest","duration":26.68640000000005,"failureMessages":[],"meta":{}},{"ancestorTitles":["agent-context","findLatestRollout"],"fullName":"agent-context findLatestRollout skips a candidate with a malformed first line","status":"passed","title":"skips a candidate with a malformed first line","duration":22.831900000000132,"failureMessages":[],"meta":{}},{"ancestorTitles":["agent-context","findLatestRollout"],"fullName":"agent-context findLatestRollout throws AgentContextUnavailableError when the sessions root is missing","status":"passed","title":"throws AgentContextUnavailableError when the sessions root is missing","duration":1.68950000000018,"failureMessages":[],"meta":{}},{"ancestorTitles":["agent-context","findLatestRollout"],"fullName":"agent-context findLatestRollout throws AgentContextUnavailableError when the sessions root is empty","status":"passed","title":"throws AgentContextUnavailableError when the sessions root is empty","duration":2.699100000000044,"failureMessages":[],"meta":{}},{"ancestorTitles":["agent-context","findLatestRollout"],"fullName":"agent-context findLatestRollout throws AgentContextUnavailableError when no rollout matches the cwd","status":"passed","title":"throws AgentContextUnavailableError when no rollout matches the cwd","duration":22.325799999999845,"failureMessages":[],"meta":{}},{"ancestorTitles":["agent-context","findLatestRollout"],"fullName":"agent-context findLatestRollout compares resolved absolute paths, tolerating a non-normalized probe cwd","status":"passed","title":"compares resolved absolute paths, tolerating a non-normalized probe cwd","duration":24.19250000000011,"failureMessages":[],"meta":{}},{"ancestorTitles":["agent-context","probeAgentContextSafe"],"fullName":"agent-context probeAgentContextSafe returns {available:false, reason:\"no-transcript\"} when the projects dir is absent","status":"passed","title":"returns {available:false, reason:\"no-transcript\"} when the projects dir is absent","duration":1.9725000000000819,"failureMessages":[],"meta":{}},{"ancestorTitles":["agent-context","probeAgentContextSafe"],"fullName":"agent-context probeAgentContextSafe returns {available:false, reason:\"no-transcript\"} when the dir holds no main-session transcript","status":"passed","title":"returns {available:false, reason:\"no-transcript\"} when the dir holds no main-session transcript","duration":2.5372999999999593,"failureMessages":[],"meta":{}},{"ancestorTitles":["agent-context","probeAgentContextSafe"],"fullName":"agent-context probeAgentContextSafe returns {available:true, ...AgentContextResult} on a successful probe","status":"passed","title":"returns {available:true, ...AgentContextResult} on a successful probe","duration":17.338500000000067,"failureMessages":[],"meta":{}},{"ancestorTitles":["agent-context","probeAgentContextSafe"],"fullName":"agent-context probeAgentContextSafe still throws for an explicit --transcript that is missing (input error, not environmental absence)","status":"passed","title":"still throws for an explicit --transcript that is missing (input error, not environmental absence)","duration":1.3639000000000578,"failureMessages":[],"meta":{}},{"ancestorTitles":["agent-context","probeAgentContextSafe"],"fullName":"agent-context probeAgentContextSafe still throws for an explicit --transcript with no usage entry (input error)","status":"passed","title":"still throws for an explicit --transcript with no usage entry (input error)","duration":18.68360000000007,"failureMessages":[],"meta":{}},{"ancestorTitles":["agent-context","probeAgentContextSafe"],"fullName":"agent-context probeAgentContextSafe still throws for an invalid --limit (input error)","status":"passed","title":"still throws for an invalid --limit (input error)","duration":2.7690000000000055,"failureMessages":[],"meta":{}},{"ancestorTitles":["agent-context","probeAgentContextSafe"],"fullName":"agent-context probeAgentContextSafe still throws when neither --transcript nor --latest is provided (input error)","status":"passed","title":"still throws when neither --transcript nor --latest is provided (input error)","duration":2.245600000000195,"failureMessages":[],"meta":{}},{"ancestorTitles":["agent-context","resolveTranscriptPath / probeAgentContext"],"fullName":"agent-context resolveTranscriptPath / probeAgentContext rejects a non-positive or non-integer limit override","status":"passed","title":"rejects a non-positive or non-integer limit override","duration":3.371499999999969,"failureMessages":[],"meta":{}},{"ancestorTitles":["agent-context","resolveTranscriptPath / probeAgentContext"],"fullName":"agent-context resolveTranscriptPath / probeAgentContext prefers an explicit --transcript","status":"passed","title":"prefers an explicit --transcript","duration":2.4670000000000982,"failureMessages":[],"meta":{}},{"ancestorTitles":["agent-context","resolveTranscriptPath / probeAgentContext"],"fullName":"agent-context resolveTranscriptPath / probeAgentContext resolves --latest against an overridden --dir","status":"passed","title":"resolves --latest against an overridden --dir","duration":4.6077000000000226,"failureMessages":[],"meta":{}},{"ancestorTitles":["agent-context","resolveTranscriptPath / probeAgentContext"],"fullName":"agent-context resolveTranscriptPath / probeAgentContext throws when neither transcript nor latest is provided","status":"passed","title":"throws when neither transcript nor latest is provided","duration":1.1581999999998516,"failureMessages":[],"meta":{}},{"ancestorTitles":["agent-context","--latest --runtime codex (design D1/D2/D3/D4)"],"fullName":"agent-context --latest --runtime codex (design D1/D2/D3/D4) probeAgentContextSafe discovers and probes the matching rollout, landing on the codex reader","status":"passed","title":"probeAgentContextSafe discovers and probes the matching rollout, landing on the codex reader","duration":22.734699999999975,"failureMessages":[],"meta":{}},{"ancestorTitles":["agent-context","--latest --runtime codex (design D1/D2/D3/D4)"],"fullName":"agent-context --latest --runtime codex (design D1/D2/D3/D4) returns {available:false, reason:\"no-transcript\"} when no rollout matches","status":"passed","title":"returns {available:false, reason:\"no-transcript\"} when no rollout matches","duration":1.6957000000002154,"failureMessages":[],"meta":{}},{"ancestorTitles":["agent-context","--latest --runtime codex (design D1/D2/D3/D4)"],"fullName":"agent-context --latest --runtime codex (design D1/D2/D3/D4) --dir retargets the sessions root that is searched","status":"passed","title":"--dir retargets the sessions root that is searched","duration":23.019700000000057,"failureMessages":[],"meta":{}},{"ancestorTitles":["agent-context","--latest --runtime codex (design D1/D2/D3/D4)"],"fullName":"agent-context --latest --runtime codex (design D1/D2/D3/D4) leaves Claude --latest behavior unchanged, with the unavailable detail mentioning the Codex pointer","status":"passed","title":"leaves Claude --latest behavior unchanged, with the unavailable detail mentioning the Codex pointer","duration":1.4326000000000931,"failureMessages":[],"meta":{}},{"ancestorTitles":["agent-context","tryContextEstimate"],"fullName":"agent-context tryContextEstimate returns the estimate for a readable transcript","status":"passed","title":"returns the estimate for a readable transcript","duration":18.75109999999995,"failureMessages":[],"meta":{}},{"ancestorTitles":["agent-context","tryContextEstimate"],"fullName":"agent-context tryContextEstimate returns undefined on any read error (never throws)","status":"passed","title":"returns undefined on any read error (never throws)","duration":0.9498000000000957,"failureMessages":[],"meta":{}},{"ancestorTitles":["agent-context","detectTranscriptKind"],"fullName":"agent-context detectTranscriptKind an explicit override wins outright, regardless of filename or content","status":"passed","title":"an explicit override wins outright, regardless of filename or content","duration":1.779299999999921,"failureMessages":[],"meta":{}},{"ancestorTitles":["agent-context","detectTranscriptKind"],"fullName":"agent-context detectTranscriptKind rejects non-probe runtime zed with the accepted runtimes in the error","status":"passed","title":"rejects non-probe runtime zed with the accepted runtimes in the error","duration":2.190800000000081,"failureMessages":[],"meta":{}},{"ancestorTitles":["agent-context","detectTranscriptKind"],"fullName":"agent-context detectTranscriptKind rejects non-probe runtime bogus with the accepted runtimes in the error","status":"passed","title":"rejects non-probe runtime bogus with the accepted runtimes in the error","duration":2.062099999999873,"failureMessages":[],"meta":{}},{"ancestorTitles":["agent-context","detectTranscriptKind"],"fullName":"agent-context detectTranscriptKind the rollout-*.jsonl filename convention selects codex with zero content I/O","status":"passed","title":"the rollout-*.jsonl filename convention selects codex with zero content I/O","duration":0.9215999999998985,"failureMessages":[],"meta":{}},{"ancestorTitles":["agent-context","detectTranscriptKind"],"fullName":"agent-context detectTranscriptKind sniffs a renamed rollout (session_meta first row) as codex","status":"passed","title":"sniffs a renamed rollout (session_meta first row) as codex","duration":19.597600000000057,"failureMessages":[],"meta":{}},{"ancestorTitles":["agent-context","detectTranscriptKind"],"fullName":"agent-context detectTranscriptKind sniffs the real captured rollout fixture as codex","status":"passed","title":"sniffs the real captured rollout fixture as codex","duration":1.2704999999998563,"failureMessages":[],"meta":{}},{"ancestorTitles":["agent-context","detectTranscriptKind"],"fullName":"agent-context detectTranscriptKind defaults to claude for a Claude-shaped or unrecognized first line","status":"passed","title":"defaults to claude for a Claude-shaped or unrecognized first line","duration":6.404700000000048,"failureMessages":[],"meta":{}},{"ancestorTitles":["agent-context","computeContextFromRollout"],"fullName":"agent-context computeContextFromRollout maps current context rather than cumulative spend to the result shape","status":"passed","title":"maps current context rather than cumulative spend to the result shape","duration":19.383100000000013,"failureMessages":[],"meta":{}},{"ancestorTitles":["agent-context","computeContextFromRollout"],"fullName":"agent-context computeContextFromRollout uses the last valid token_count snapshot and the last turn_context model","status":"passed","title":"uses the last valid token_count snapshot and the last turn_context model","duration":22.582000000000107,"failureMessages":[],"meta":{}},{"ancestorTitles":["agent-context","computeContextFromRollout"],"fullName":"agent-context computeContextFromRollout honors an explicit limit override and recomputes pct","status":"passed","title":"honors an explicit limit override and recomputes pct","duration":17.450199999999995,"failureMessages":[],"meta":{}},{"ancestorTitles":["agent-context","computeContextFromRollout"],"fullName":"agent-context computeContextFromRollout a zero-turn rollout (no token_count yet) is SUCCESS with zero occupancy","status":"passed","title":"a zero-turn rollout (no token_count yet) is SUCCESS with zero occupancy","duration":3.5468000000000757,"failureMessages":[],"meta":{}},{"ancestorTitles":["agent-context","computeContextFromRollout"],"fullName":"agent-context computeContextFromRollout an explicit --limit still applies on a zero-turn rollout","status":"passed","title":"an explicit --limit still applies on a zero-turn rollout","duration":19.322200000000066,"failureMessages":[],"meta":{}},{"ancestorTitles":["agent-context","computeContextFromRollout"],"fullName":"agent-context computeContextFromRollout falls back to unknown when no turn_context row carries a model","status":"passed","title":"falls back to unknown when no turn_context row carries a model","duration":18.95049999999992,"failureMessages":[],"meta":{}},{"ancestorTitles":["agent-context","computeContextFromRollout"],"fullName":"agent-context computeContextFromRollout throws an actionable error on an unreadable rollout","status":"passed","title":"throws an actionable error on an unreadable rollout","duration":1.4153999999998632,"failureMessages":[],"meta":{}},{"ancestorTitles":["agent-context","computeContextFromRollout"],"fullName":"agent-context computeContextFromRollout fails actionably when token counts exist without current-context usage","status":"passed","title":"fails actionably when token counts exist without current-context usage","duration":18.054100000000062,"failureMessages":[],"meta":{}},{"ancestorTitles":["agent-context","computeContextFromRollout"],"fullName":"agent-context computeContextFromRollout reads the real captured rollout fixture end to end","status":"passed","title":"reads the real captured rollout fixture end to end","duration":1.625099999999975,"failureMessages":[],"meta":{}},{"ancestorTitles":["agent-context","probeAgentContext routes Codex rollouts through detection"],"fullName":"agent-context probeAgentContext routes Codex rollouts through detection probes a rollout-named file end to end via the CLI-facing entrypoint","status":"passed","title":"probes a rollout-named file end to end via the CLI-facing entrypoint","duration":16.85329999999999,"failureMessages":[],"meta":{}},{"ancestorTitles":["agent-context","probeAgentContext routes Codex rollouts through detection"],"fullName":"agent-context probeAgentContext routes Codex rollouts through detection a Claude transcript still behaves byte-identically (no regressions from routing)","status":"passed","title":"a Claude transcript still behaves byte-identically (no regressions from routing)","duration":4.065399999999954,"failureMessages":[],"meta":{}},{"ancestorTitles":["agent-context","probeAgentContext routes Codex rollouts through detection"],"fullName":"agent-context probeAgentContext routes Codex rollouts through detection --runtime codex forces a rollout read even on a non-conforming filename","status":"passed","title":"--runtime codex forces a rollout read even on a non-conforming filename","duration":3.6273000000001048,"failureMessages":[],"meta":{}},{"ancestorTitles":["agent-context","tryContextEstimate routes Codex rollouts through detection"],"fullName":"agent-context tryContextEstimate routes Codex rollouts through detection returns the estimate for a rollout-named file","status":"passed","title":"returns the estimate for a rollout-named file","duration":5.6141999999999825,"failureMessages":[],"meta":{}},{"ancestorTitles":["agent-context","tryContextEstimate routes Codex rollouts through detection"],"fullName":"agent-context tryContextEstimate routes Codex rollouts through detection returns undefined on an unreadable rollout-named path (never throws)","status":"passed","title":"returns undefined on an unreadable rollout-named path (never throws)","duration":1.558999999999969,"failureMessages":[],"meta":{}},{"ancestorTitles":["resolveHandoffThresholdReport"],"fullName":"resolveHandoffThresholdReport reports the default threshold outside a project with no global config","status":"passed","title":"reports the default threshold outside a
[...]
5,"failureMessages":[],"meta":{}},{"ancestorTitles":["FishInstaller","install"],"fullName":"FishInstaller install should handle empty completion script","status":"passed","title":"should handle empty completion script","duration":7.849500000000035,"failureMessages":[],"meta":{}},{"ancestorTitles":["FishInstaller","install"],"fullName":"FishInstaller install should handle completion script with special characters","status":"passed","title":"should handle completion script with special characters","duration":23.593700000000013,"failureMessages":[],"meta":{}},{"ancestorTitles":["FishInstaller","uninstall"],"fullName":"FishInstaller uninstall should successfully uninstall when completion script exists","status":"passed","title":"should successfully uninstall when completion script exists","duration":6.911799999999971,"failureMessages":[],"meta":{}},{"ancestorTitles":["FishInstaller","uninstall"],"fullName":"FishInstaller uninstall should remove the completion file","status":"passed","title":"should remove the completion file","duration":6.818399999999997,"failureMessages":[],"meta":{}},{"ancestorTitles":["FishInstaller","uninstall"],"fullName":"FishInstaller uninstall should return failure when completion script is not installed","status":"passed","title":"should return failure when completion script is not installed","duration":1.4046000000000731,"failureMessages":[],"meta":{}},{"ancestorTitles":["FishInstaller","uninstall"],"fullName":"FishInstaller uninstall should accept yes option parameter","status":"passed","title":"should accept yes option parameter","duration":8.127599999999916,"failureMessages":[],"meta":{}},{"ancestorTitles":["FishInstaller","uninstall"],"fullName":"FishInstaller uninstall should uninstall read-only file when parent directory is writable","status":"skipped","title":"should uninstall read-only file when parent directory is writable","failureMessages":[],"meta":{}},{"ancestorTitles":["FishInstaller","uninstall"],"fullName":"FishInstaller uninstall should return failure on permission error","status":"skipped","title":"should return failure on permission error","failureMessages":[],"meta":{}},{"ancestorTitles":["FishInstaller","uninstall"],"fullName":"FishInstaller uninstall should handle uninstall when parent directory does not exist","status":"passed","title":"should handle uninstall when parent directory does not exist","duration":1.8215000000000146,"failureMessages":[],"meta":{}}],"startTime":1785511771648,"endTime":1785511771854.8215,"status":"passed","message":"","name":"E:/AI/ChatAI/Agents/VibeCodingProjects/workflow/Reference/OpenSpec-code-wt-pr121-review/test/core/completions/installers/fish-installer.test.ts"},{"assertionResults":[{"ancestorTitles":["ZshInstaller","isOhMyZshInstalled"],"fullName":"ZshInstaller isOhMyZshInstalled should return false when Oh My Zsh is not installed","status":"passed","title":"should return false when Oh My Zsh is not installed","duration":6.460699999999974,"failureMessages":[],"meta":{}},{"ancestorTitles":["ZshInstaller","isOhMyZshInstalled"],"fullName":"ZshInstaller isOhMyZshInstalled should return true when Oh My Zsh directory exists","status":"passed","title":"should return true when Oh My Zsh directory exists","duration":5.653599999999983,"failureMessages":[],"meta":{}},{"ancestorTitles":["ZshInstaller","isOhMyZshInstalled"],"fullName":"ZshInstaller isOhMyZshInstalled should return false when .oh-my-zsh exists but is a file","status":"passed","title":"should return false when .oh-my-zsh exists but is a file","duration":5.307000000000016,"failureMessages":[],"meta":{}},{"ancestorTitles":["ZshInstaller","getInstallationPath"],"fullName":"ZshInstaller getInstallationPath should return Oh My Zsh path when Oh My Zsh is installed","status":"passed","title":"should return Oh My Zsh path when Oh My Zsh is installed","duration":4.371699999999919,"failureMessages":[],"meta":{}},{"ancestorTitles":["ZshInstaller","getInstallationPath"],"fullName":"ZshInstaller getInstallationPath should return standard Zsh path when Oh My Zsh is not installed","status":"passed","title":"should return standard Zsh path when Oh My Zsh is not installed","duration":1.8085999999999558,"failureMessages":[],"meta":{}},{"ancestorTitles":["ZshInstaller","backupExistingFile"],"fullName":"ZshInstaller backupExistingFile should return undefined when file does not exist","status":"passed","title":"should return undefined when file does not exist","duration":2.0797000000000025,"failureMessages":[],"meta":{}},{"ancestorTitles":["ZshInstaller","backupExistingFile"],"fullName":"ZshInstaller backupExistingFile should create backup when file exists","status":"passed","title":"should create backup when file exists","duration":21.720699999999965,"failureMessages":[],"meta":{}},{"ancestorTitles":["ZshInstaller","backupExistingFile"],"fullName":"ZshInstaller backupExistingFile should create backup with timestamp in filename","status":"passed","title":"should create backup with timestamp in filename","duration":5.883300000000077,"failureMessages":[],"meta":{}},{"ancestorTitles":["ZshInstaller","install"],"fullName":"ZshInstaller install should install to Oh My Zsh path when Oh My Zsh is present","status":"passed","title":"should install to Oh My Zsh path when Oh My Zsh is present","duration":25.998699999999985,"failureMessages":[],"meta":{}},{"ancestorTitles":["ZshInstaller","install"],"fullName":"ZshInstaller install should install to standard Zsh path when Oh My Zsh is not present","status":"passed","title":"should install to standard Zsh path when Oh My Zsh is not present","duration":11.799499999999966,"failureMessages":[],"meta":{}},{"ancestorTitles":["ZshInstaller","install"],"fullName":"ZshInstaller install should create necessary directories if they do not exist","status":"passed","title":"should create necessary directories if they do not exist","duration":11.11119999999994,"failureMessages":[],"meta":{}},{"ancestorTitles":["ZshInstaller","install"],"fullName":"ZshInstaller install should backup existing file before overwriting","status":"passed","title":"should backup existing file before overwriting","duration":43.591699999999946,"failureMessages":[],"meta":{}},{"ancestorTitles":["ZshInstaller","install"],"fullName":"ZshInstaller install should include fpath verification guidance for Oh My Zsh","status":"passed","title":"should include fpath verification guidance for Oh My Zsh","duration":10.527799999999957,"failureMessages":[],"meta":{}},{"ancestorTitles":["ZshInstaller","install"],"fullName":"ZshInstaller install should include fpath instructions for standard Zsh when auto-config is disabled","status":"passed","title":"should include fpath instructions for standard Zsh when auto-config is disabled","duration":20.58540000000005,"failureMessages":[],"meta":{}},{"ancestorTitles":["ZshInstaller","install"],"fullName":"ZshInstaller install should handle installation errors gracefully","status":"skipped","title":"should handle installation errors gracefully","failureMessages":[],"meta":{}},{"ancestorTitles":["ZshInstaller","install"],"fullName":"ZshInstaller install should detect already-installed completion with identical content","status":"passed","title":"should detect already-installed completion with identical content","duration":14.19889999999998,"failureMessages":[],"meta":{}},{"ancestorTitles":["ZshInstaller","install"],"fullName":"ZshInstaller install should update completion when content differs","status":"passed","title":"should update completion when content differs","duration":70.4249000000001,"failureMessages":[],"meta":{}},{"ancestorTitles":["ZshInstaller","install"],"fullName":"ZshInstaller install should handle paths with spaces in .zshrc config","status":"passed","title":"should handle paths with spaces in .zshrc config","duration":27.33179999999993,"failureMessages":[],"meta":{}},{"ancestorTitles":["ZshInstaller","uninstall"],"fullName":"ZshInstaller uninstall should remove installed completion script","status":"passed","title":"should remove installed completion script","duration":25.225200000000086,"failureMessages":[],"meta":{}},{"ancestorTitles":["ZshInstaller","uninstall"],"fullName":"ZshInstaller uninstall should return failure when script and .zshrc config are not installed","status":"passed","title":"should return failure when script and .zshrc config are not installed","duration":3.241999999999962,"failureMessages":[],"meta":{}},{"ancestorTitles":["ZshInstaller","uninstall"],"fullName":"ZshInstaller uninstall should remove from correct location for Oh My Zsh","status":"passed","title":"should remove from correct location for Oh My Zsh","duration":12.997100000000046,"failureMessages":[],"meta":{}},{"ancestorTitles":["ZshInstaller","isInstalled"],"fullName":"ZshInstaller isInstalled should return false when not installed","status":"passed","title":"should return false when not installed","duration":2.4483000000000175,"failureMessages":[],"meta":{}},{"ancestorTitles":["ZshInstaller","isInstalled"],"fullName":"ZshInstaller isInstalled should return true when installed","status":"passed","title":"should return true when installed","duration":11.232399999999984,"failureMessages":[],"meta":{}},{"ancestorTitles":["ZshInstaller","isInstalled"],"fullName":"ZshInstaller isInstalled should check correct location for Oh My Zsh","status":"passed","title":"should check correct location for Oh My Zsh","duration":10.745900000000006,"failureMessages":[],"meta":{}},{"ancestorTitles":["ZshInstaller","getInstallationInfo"],"fullName":"ZshInstaller getInstallationInfo should return not installed when script does not exist","status":"passed","title":"should return not installed when script does not exist","duration":2.8506999999999607,"failureMessages":[],"meta":{}},{"ancestorTitles":["ZshInstaller","getInstallationInfo"],"fullName":"ZshInstaller getInstallationInfo should return installation info when installed","status":"passed","title":"should return installation info when installed","duration":13.411799999999971,"failureMessages":[],"meta":{}},{"ancestorTitles":["ZshInstaller","getInstallationInfo"],"fullName":"ZshInstaller getInstallationInfo should indicate Oh My Zsh when installed there","status":"passed","title":"should indicate Oh My Zsh when installed there","duration":9.94240000000002,"failureMessages":[],"meta":{}},{"ancestorTitles":["ZshInstaller","constructor"],"fullName":"ZshInstaller constructor should use provided home directory","status":"passed","title":"should use provided home directory","duration":1.6065999999999576,"failureMessages":[],"meta":{}},{"ancestorTitles":["ZshInstaller","constructor"],"fullName":"ZshInstaller constructor should use os.homedir() by default","status":"passed","title":"should use os.homedir() by default","duration":1.5253000000000156,"failureMessages":[],"meta":{}},{"ancestorTitles":["ZshInstaller","configureZshrc"],"fullName":"ZshInstaller configureZshrc should create .zshrc with markers and config when file does not exist","status":"passed","title":"should create .zshrc with markers and config when file does not exist","duration":26.42579999999998,"failureMessages":[],"meta":{}},{"ancestorTitles":["ZshInstaller","configureZshrc"],"fullName":"ZshInstaller configureZshrc should prepend markers and config when .zshrc exists without markers","status":"passed","title":"should prepend markers and config when .zshrc exists without markers","duration":35.36809999999991,"failureMessages":[],"meta":{}},{"ancestorTitles":["ZshInstaller","configureZshrc"],"fullName":"ZshInstaller configureZshrc should replace an existing legacy OPENSPEC block with RASEN markers on reconfigure (upgrade path)","status":"passed","title":"should replace an existing legacy OPENSPEC block with RASEN markers on reconfigure (upgrade path)","duration":37.33490000000006,"failureMessages":[],"meta":{}},{"ancestorTitles":["ZshInstaller","configureZshrc"],"fullName":"ZshInstaller configureZshrc should dedupe to a single RASEN block when both a RASEN and an OPENSPEC block are present","status":"passed","title":"should dedupe to a single RASEN block when both a RASEN and an OPENSPEC block are present","duration":39.01570000000015,"failureMessages":[],"meta":{}},{"ancestorTitles":["ZshInstaller","configureZshrc"],"fullName":"ZshInstaller configureZshrc should preserve user content outside markers","status":"passed","title":"should preserve user content outside markers","duration":37.64200000000005,"failureMessages":[],"meta":{}},{"ancestorTitles":["ZshInstaller","configureZshrc"],"fullName":"ZshInstaller configureZshrc should not treat a user comment merely starting with the marker literal as a managed block (RASEN prefix collision)","status":"passed","title":"should not treat a user comment merely starting with the marker literal as a managed block (RASEN prefix collision)","duration":34.97600000000011,"failureMessages":[],"meta":{}},{"ancestorTitles":["ZshInstaller","configureZshrc"],"fullName":"ZshInstaller configureZshrc should not treat a user comment merely starting with the legacy marker literal as a managed block (OPENSPEC prefix collision)","status":"passed","title":"should not treat a user comment merely starting with the legacy marker literal as a managed block (OPENSPEC prefix collision)","duration":37.34220000000005,"failureMessages":[],"meta":{}},{"ancestorTitles":["ZshInstaller","configureZshrc"],"fullName":"ZshInstaller configureZshrc should return false when RASEN_NO_AUTO_CONFIG is set","status":"passed","title":"should return false when RASEN_NO_AUTO_CONFIG is set","duration":2.0273000000001957,"failureMessages":[],"meta":{}},{"ancestorTitles":["ZshInstaller","configureZshrc"],"fullName":"ZshInstaller configureZshrc should handle write permission errors gracefully","status":"skipped","title":"should handle write permission errors gracefully","failureMessages":[],"meta":{}},{"ancestorTitles":["ZshInstaller","removeZshrcConfig"],"fullName":"ZshInstaller removeZshrcConfig should return true when .zshrc does not exist","status":"passed","title":"should return true when .zshrc does not exist","duration":2.098500000000058,"failureMessages":[],"meta":{}},{"ancestorTitles":["ZshInstaller","removeZshrcConfig"],"fullName":"ZshInstaller removeZshrcConfig should return true when .zshrc exists but has no markers","status":"passed","title":"should return true when .zshrc exists but has no markers","duration":22.093399999999974,"failureMessages":[],"meta":{}},{"ancestorTitles":["ZshInstaller","removeZshrcConfig"],"fullName":"ZshInstaller removeZshrcConfig should remove markers and config when present","status":"passed","title":"should remove markers and config when present","duration":26.16910000000007,"failureMessages":[],"meta":{}},{"ancestorTitles":["ZshInstaller","removeZshrcConfig"],"fullName":"ZshInstaller removeZshrcConfig should remove leading empty lines when markers were at top","status":"passed","title":"should remove leading empty lines when markers were at top","duration":37.586500000000115,"failureMessages":[],"meta":{}},{"ancestorTitles":["ZshInstaller","removeZshrcConfig"],"fullName":"ZshInstaller removeZshrcConfig should handle invalid marker placement gracefully","status":"passed","title":"should handle invalid marker placement gracefully","duration":17.865600000000086,"failureMessages":[],"meta":{}},{"ancestorTitles":["ZshInstaller","removeZshrcConfig"],"fullName":"ZshInstaller removeZshrcConfig should return true when only one marker is present","status":"passed","title":"should return true when only one marker is present","duration":19.50999999999999,"failureMessages":[],"meta":{}},{"ancestorTitles":["ZshInstaller","removeZshrcConfig"],"fullName":"ZshInstaller removeZshrcConfig should remove both a RASEN and an OPENSPEC block when both are present","status":"passed","title":"should remove both a RASEN and an OPENSPEC block when both are present","duration":22.91469999999981,"failureMessages":[],"meta":{}},{"ancestorTitles":["ZshInstaller","removeZshrcConfig"],"fullName":"ZshInstaller removeZshrcConfig should not delete a user comment merely starting with the marker literal (prefix collision, not an exact bare marker line)","status":"passed","title":"should not delete a user comment merely starting with the marker literal (prefix collision, not an exact bare marker line)","duration":7.139699999999948,"failureMessages":[],"meta":{}},{"ancestorTitles":["ZshInstaller","install with .zshrc auto-configuration"],"fullName":"ZshInstaller install with .zshrc auto-configuration should auto-configure .zshrc for standard Zsh","status":"passed","title":"should auto-configure .zshrc for standard Zsh","duration":26.706700000000183,"failureMessages":[],"meta":{}},{"ancestorTitles":["ZshInstaller","install with .zshrc auto-configuration"],"fullName":"ZshInstaller install with .zshrc auto-configuration should not configure .zshrc for Oh My Zsh","status":"passed","title":"should not configure .zshrc for Oh My Zsh","duration":22.360799999999927,"failureMessages":[],"meta":{}},{"ancestorTitles":["ZshInstaller","install with .zshrc auto-configuration"],"fullName":"ZshInstaller install with .zshrc auto-configuration should not include manual instructions when .zshrc was auto-configured","status":"passed","title":"should not include manual instructions when .zshrc was auto-configured","duration":9.477600000000166,"failureMessages":[],"meta":{}},{"ancestorTitles":["ZshInstaller","install with .zshrc auto-configuration"],"fullName":"ZshInstaller install with .zshrc auto-configuration should include instructions when .zshrc auto-config fails","status":"passed","title":"should include instructions when .zshrc auto-config fails","duration":9.149699999999939,"failureMessages":[],"meta":{}},{"ancestorTitles":["ZshInstaller","install with .zshrc auto-configuration"],"fullName":"ZshInstaller install with .zshrc auto-configuration should update success message when .zshrc is configured","status":"passed","title":"should update success message when .zshrc is configured","duration":10.207899999999881,"failureMessages":[],"meta":{}},{"ancestorTitles":["ZshInstaller","uninstall with .zshrc cleanup"],"fullName":"ZshInstaller uninstall with .zshrc cleanup should remove .zshrc config when uninstalling","status":"passed","title":"should remove .zshrc config when uninstalling","duration":27.406999999999925,"failureMessages":[],"meta":{}},{"ancestorTitles":["ZshInstaller","uninstall with .zshrc cleanup"],"fullName":"ZshInstaller uninstall with .zshrc cleanup should not remove .zshrc config for Oh My Zsh users","status":"passed","title":"should not remove .zshrc config for Oh My Zsh users","duration":6.740000000000009,"failureMessages":[],"meta":{}},{"ancestorTitles":["ZshInstaller","uninstall with .zshrc cleanup"],"fullName":"ZshInstaller uninstall with .zshrc cleanup should succeed even if only .zshrc config is removed","status":"passed","title":"should succeed even if only .zshrc config is removed","duration":19.850799999999936,"failureMessages":[],"meta":{}},{"ancestorTitles":["ZshInstaller","uninstall with .zshrc cleanup"],"fullName":"ZshInstaller uninstall with .zshrc cleanup should fully remove a legacy OPENSPEC-only block via uninstall() that was never upgraded","status":"passed","title":"should fully remove a legacy OPENSPEC-only block via uninstall() that was never upgraded","duration":8.574100000000044,"failureMessages":[],"meta":{}},{"ancestorTitles":["ZshInstaller","uninstall with .zshrc cleanup"],"fullName":"ZshInstaller uninstall with .zshrc cleanup should include both messages when removing script and .zshrc","status":"passed","title":"should include both messages when removing script and .zshrc","duration":22.6400000000001,"failureMessages":[],"meta":{}}],"startTime":1785511732072,"endTime":1785511733027.64,"status":"passed","message":"","name":"E:/AI/ChatAI/Agents/VibeCodingProjects/workflow/Reference/OpenSpec-code-wt-pr121-review/test/core/completions/installers/zsh-installer.test.ts"}]}