{"numTotalTestSuites":139,"numPassedTestSuites":139,"numFailedTestSuites":0,"numPendingTestSuites":0,"numTotalTests":532,"numPassedTests":528,"numFailedTests":0,"numPendingTests":4,"numTodoTests":0,"snapshot":{"added":0,"failure":false,"filesAdded":0,"filesRemoved":0,"filesRemovedList":[],"filesUnmatched":0,"filesUpdated":0,"matched":0,"total":0,"unchecked":0,"uncheckedKeysByFile":[],"unmatched":0,"updated":0,"didUpdate":false},"startTime":1785514409390,"success":true,"testResults":[{"assertionResults":[{"ancestorTitles":["CLI: agent context --latest --runtime codex"],"fullName":"CLI: agent context --latest --runtime codex reports current occupancy after cumulative/current divergence and compaction","status":"passed","title":"reports current occupancy after cumulative/current divergence and compaction","duration":783.6733000000002,"failureMessages":[],"meta":{}},{"ancestorTitles":["CLI: agent context --latest --runtime codex"],"fullName":"CLI: agent context --latest --runtime codex exits non-zero without fabricating occupancy for a matching unsupported rollout","status":"passed","title":"exits non-zero without fabricating occupancy for a matching unsupported rollout","duration":771.7754,"failureMessages":[],"meta":{}},{"ancestorTitles":["CLI: agent context --latest --runtime codex"],"fullName":"CLI: agent context --latest --runtime codex reports the unavailable shape and exits 0 when no rollout matches","status":"passed","title":"reports the unavailable shape and exits 0 when no rollout matches","duration":835.4882999999998,"failureMessages":[],"meta":{}}],"startTime":1785514621844,"endTime":1785514624234.4883,"status":"passed","message":"","name":"E:/AI/ChatAI/Agents/VibeCodingProjects/workflow/Reference/OpenSpec-code-wt-pr121-review/test/cli-e2e/agent-context.test.ts"},{"assertionResults":[{"ancestorTitles":["openspec CLI e2e basics"],"fullName":"openspec CLI e2e basics shows help output","status":"passed","title":"shows help output","duration":883.523,"failureMessages":[],"meta":{}},{"ancestorTitles":["openspec CLI e2e basics"],"fullName":"openspec CLI e2e basics shows Japanese help when requested through the language override","status":"passed","title":"shows Japanese help when requested through the language override","duration":809.0992000000001,"failureMessages":[],"meta":{}},{"ancestorTitles":["openspec CLI e2e basics"],"fullName":"openspec CLI e2e basics shows Simplified Chinese root help and its root option description","status":"passed","title":"shows Simplified Chinese root help and its root option description","duration":833.7830000000004,"failureMessages":[],"meta":{}},{"ancestorTitles":["openspec CLI e2e basics"],"fullName":"openspec CLI e2e basics shows Simplified Chinese profile help","status":"passed","title":"shows Simplified Chinese profile help","duration":793.7687999999998,"failureMessages":[],"meta":{}},{"ancestorTitles":["openspec CLI e2e basics"],"fullName":"openspec CLI e2e basics shows Simplified Chinese pipeline help for every registered subcommand and flag","status":"passed","title":"shows Simplified Chinese pipeline help for every registered subcommand and flag","duration":2628.4061999999994,"failureMessages":[],"meta":{}},{"ancestorTitles":["openspec CLI e2e basics"],"fullName":"openspec CLI e2e basics uses persisted zh-cn in the next CLI process","status":"passed","title":"uses persisted zh-cn in the next CLI process","duration":1776.0135,"failureMessages":[],"meta":{}},{"ancestorTitles":["openspec CLI e2e basics"],"fullName":"openspec CLI e2e basics keeps dynamic tool ids exact in Simplified Chinese init help","status":"passed","title":"keeps dynamic tool ids exact in Simplified Chinese init help","duration":868.8207999999995,"failureMessages":[],"meta":{}},{"ancestorTitles":["openspec CLI e2e basics"],"fullName":"openspec CLI e2e basics localizes pipeline human output while preserving machine and user values","status":"passed","title":"localizes pipeline human output while preserving machine and user values","duration":1493.4712999999992,"failureMessages":[],"meta":{}},{"ancestorTitles":["openspec CLI e2e basics"],"fullName":"openspec CLI e2e basics uses the language persisted in the machine-global JSON config","status":"passed","title":"uses the language persisted in the machine-global JSON config","duration":4177.6754,"failureMessages":[],"meta":{}},{"ancestorTitles":["openspec CLI e2e basics"],"fullName":"openspec CLI e2e basics localizes every visible root option in Japanese help","status":"passed","title":"localizes every visible root option in Japanese help","duration":870.7019,"failureMessages":[],"meta":{}},{"ancestorTitles":["openspec CLI e2e basics"],"fullName":"openspec CLI e2e basics shows dynamic tool ids in init help","status":"passed","title":"shows dynamic tool ids in init help","duration":822.1082999999999,"failureMessages":[],"meta":{}},{"ancestorTitles":["openspec CLI e2e basics"],"fullName":"openspec CLI e2e basics reports the package version","status":"passed","title":"reports the package version","duration":868.1157999999996,"failureMessages":[],"meta":{}},{"ancestorTitles":["openspec CLI e2e basics"],"fullName":"openspec CLI e2e basics validates the tmp-init fixture with --all --json","status":"passed","title":"validates the tmp-init fixture with --all --json","duration":967.7619999999988,"failureMessages":[],"meta":{}},{"ancestorTitles":["openspec CLI e2e basics"],"fullName":"openspec CLI e2e basics keeps list --json free of spinner output","status":"passed","title":"keeps list --json free of spinner output","duration":908.5879999999997,"failureMessages":[],"meta":{}},{"ancestorTitles":["openspec CLI e2e basics"],"fullName":"openspec CLI e2e basics keeps schemas --json free of spinner output","status":"passed","title":"keeps schemas --json free of spinner output","duration":812.5769,"failureMessages":[],"meta":{}},{"ancestorTitles":["openspec CLI e2e basics"],"fullName":"openspec CLI e2e basics keeps status --json free of spinner output","status":"passed","title":"keeps status --json free of spinner output","duration":870.9494000000013,"failureMessages":[],"meta":{}},{"ancestorTitles":["openspec CLI e2e basics"],"fullName":"openspec CLI e2e basics keeps instructions --json free of spinner output","status":"passed","title":"keeps instructions --json free of spinner output","duration":844.6964000000007,"failureMessages":[],"meta":{}},{"ancestorTitles":["openspec CLI e2e basics"],"fullName":"openspec CLI e2e basics keeps instructions apply --json free of spinner output","status":"passed","title":"keeps instructions apply --json free of spinner output","duration":824.390199999998,"failureMessages":[],"meta":{}},{"ancestorTitles":["openspec CLI e2e basics"],"fullName":"openspec CLI e2e basics keeps templates --json free of spinner output","status":"passed","title":"keeps templates --json free of spinner output","duration":913.986399999998,"failureMessages":[],"meta":{}},{"ancestorTitles":["openspec CLI e2e basics"],"fullName":"openspec CLI e2e basics returns an error for unknown items in the fixture","status":"passed","title":"returns an error for unknown items in the fixture","duration":822.4128999999994,"failureMessages":[],"meta":{}},{"ancestorTitles":["openspec CLI e2e basics","init command non-interactive options"],"fullName":"openspec CLI e2e basics init command non-interactive options initializes with --tools all option","status":"passed","title":"initializes with --tools all option","duration":1941.8291000000027,"failureMessages":[],"meta":{}},{"ancestorTitles":["openspec CLI e2e basics","init command non-interactive options"],"fullName":"openspec CLI e2e basics init command non-interactive options initializes with --tools list option","status":"passed","title":"initializes with --tools list option","duration":1408.200499999999,"failureMessages":[],"meta":{}},{"ancestorTitles":["openspec CLI e2e basics","init command non-interactive options"],"fullName":"openspec CLI e2e basics init command non-interactive options initializes with --tools none option","status":"passed","title":"initializes with --tools none option","duration":1150.2358000000022,"failureMessages":[],"meta":{}},{"ancestorTitles":["openspec CLI e2e basics","init command non-interactive options"],"fullName":"openspec CLI e2e basics init command non-interactive options returns error for invalid tool names","status":"passed","title":"returns error for invalid tool names","duration":849.7281999999977,"failureMessages":[],"meta":{}},{"ancestorTitles":["openspec CLI e2e basics","init command non-interactive options"],"fullName":"openspec CLI e2e basics init command non-interactive options returns error when combining reserved keywords with explicit ids","status":"passed","title":"returns error when combining reserved keywords with explicit ids","duration":875.0905999999995,"failureMessages":[],"meta":{}}],"startTime":1785514504194,"endTime":1785514534216.0906,"status":"passed","message":"","name":"E:/AI/ChatAI/Agents/VibeCodingProjects/workflow/Reference/OpenSpec-code-wt-pr121-review/test/cli-e2e/basic.test.ts"},{"assertionResults":[{"ancestorTitles":["rasen agent wait"],"fullName":"rasen agent wait a timed-out beat reports progress and persists the count","status":"passed","title":"a timed-out beat reports progress and persists the count","duration":2041.7007999999998,"failureMessages":[],"meta":{}},{"ancestorTitles":["rasen agent wait"],"fullName":"rasen agent wait keeps the default enabled when no switch is configured","status":"passed","title":"keeps the default enabled when no switch is configured","duration":1012.9049,"failureMessages":[],"meta":{}},{"ancestorTitles":["rasen agent wait"],"fullName":"rasen agent wait a global disabled switch returns promptly without creating or mutating beat state","status":"passed","title":"a global disabled switch returns promptly without creating or mutating beat state","duration":28.17199999999957,"failureMessages":[],"meta":{}},{"ancestorTitles":["rasen agent wait"],"fullName":"rasen agent wait a project enabled value overrides a disabled global value","status":"passed","title":"a project enabled value overrides a disabled global value","duration":1035.1484999999993,"failureMessages":[],"meta":{}},{"ancestorTitles":["rasen agent wait"],"fullName":"rasen agent wait a project disabled value overrides an enabled global value without creating beat state","status":"passed","title":"a project disabled value overrides an enabled global value without creating beat state","duration":20.239700000000084,"failureMessages":[],"meta":{}},{"ancestorTitles":["rasen agent wait"],"fullName":"rasen agent wait a registered store root ignores a conflicting store-local enabled value","status":"passed","title":"a registered store root ignores a conflicting store-local enabled value","duration":1071.4932,"failureMessages":[],"meta":{}},{"ancestorTitles":["rasen agent wait"],"fullName":"rasen agent wait unflagged beat resolution uses project cadence over global cadence","status":"passed","title":"unflagged beat resolution uses project cadence over global cadence","duration":31.088400000000547,"failureMessages":[],"meta":{}},{"ancestorTitles":["rasen agent wait"],"fullName":"rasen agent wait command config resolution preserves the corrupt-global 100-second fuse","status":"passed","title":"command config resolution preserves the corrupt-global 100-second fuse","duration":52.63130000000001,"failureMessages":[],"meta":{}},{"ancestorTitles":["rasen agent wait"],"fullName":"rasen agent wait returns and consumes a pre-existing resume signal","status":"passed","title":"returns and consumes a pre-existing resume signal","duration":18.41479999999956,"failureMessages":[],"meta":{}},{"ancestorTitles":["rasen agent wait"],"fullName":"rasen agent wait a lead standDown signal stands the worker down and clears state","status":"passed","title":"a lead standDown signal stands the worker down and clears state","duration":2034.8467999999993,"failureMessages":[],"meta":{}},{"ancestorTitles":["rasen agent wait"],"fullName":"rasen agent wait reaching the beat cap returns standDown without blocking","status":"passed","title":"reaching the beat cap returns standDown without blocking","duration":4069.1706000000013,"failureMessages":[],"meta":{}},{"ancestorTitles":["rasen agent wait"],"fullName":"rasen agent wait --max-beats overrides the role-family cap","status":"passed","title":"--max-beats overrides the role-family cap","duration":1034.4470000000001,"failureMessages":[],"meta":{}},{"ancestorTitles":["rasen agent wait"],"fullName":"rasen agent wait codex runtime is gated off and mutates no state","status":"passed","title":"codex runtime is gated off and mutates no state","duration":1018.753999999999,"failureMessages":[],"meta":{}},{"ancestorTitles":["rasen agent wait"],"fullName":"rasen agent wait unknown runtime is gated off","status":"passed","title":"unknown runtime is gated off","duration":6.488699999999881,"failureMessages":[],"meta":{}},{"ancestorTitles":["rasen agent wait"],"fullName":"rasen agent wait a global-config override opens the codex gate","status":"passed","title":"a global-config override opens the codex gate","duration":1023.4926000000014,"failureMessages":[],"meta":{}},{"ancestorTitles":["rasen agent wait"],"fullName":"rasen agent wait the context floor is disabled by default — small contexts still beat","status":"passed","title":"the context floor is disabled by default — small contexts still beat","duration":1013.7852999999996,"failureMessages":[],"meta":{}},{"ancestorTitles":["rasen agent wait"],"fullName":"rasen agent wait a configured floor stands small contexts down and passes large ones","status":"passed","title":"a configured floor stands small contexts down and passes large ones","duration":1028.6591999999982,"failureMessages":[],"meta":{}},{"ancestorTitles":["rasen agent wait"],"fullName":"rasen agent wait a stale pre-existing signal is discarded on the first beat of an episode","status":"passed","title":"a stale pre-existing signal is discarded on the first beat of an episode","duration":1019.8332999999984,"failureMessages":[],"meta":{}},{"ancestorTitles":["rasen agent wait"],"fullName":"rasen agent wait a BOM-prefixed signal (PowerShell-written) is still parsed and delivered","status":"passed","title":"a BOM-prefixed signal (PowerShell-written) is still parsed and delivered","duration":24.181800000002113,"failureMessages":[],"meta":{}},{"ancestorTitles":["rasen agent wait"],"fullName":"rasen agent wait a fresh pre-existing signal is still delivered on the first beat","status":"passed","title":"a fresh pre-existing signal is still delivered on the first beat","duration":17.09729999999763,"failureMessages":[],"meta":{}},{"ancestorTitles":["rasen agent wait"],"fullName":"rasen agent wait a stale signal mid-episode (beats > 0) is still delivered","status":"passed","title":"a stale signal mid-episode (beats > 0) is still delivered","duration":1027.055900000003,"failureMessages":[],"meta":{}},{"ancestorTitles":["rasen agent wait"],"fullName":"rasen agent wait rejects a missing change and an invalid role key","status":"passed","title":"rejects a missing change and an invalid role key","duration":5.923299999998562,"failureMessages":[],"meta":{}},{"ancestorTitles":["rasen agent wait"],"fullName":"rasen agent wait clamps --beat-seconds to the hard cap without erroring","status":"passed","title":"clamps --beat-seconds to the hard cap without erroring","duration":17.518599999999424,"failureMessages":[],"meta":{}},{"ancestorTitles":["rasen agent wait"],"fullName":"rasen agent wait an explicit flag wins over a configured beatSeconds (returns promptly)","status":"passed","title":"an explicit flag wins over a configured beatSeconds (returns promptly)","duration":1026.5364999999983,"failureMessages":[],"meta":{}},{"ancestorTitles":["beat duration resolution priority"],"fullName":"beat duration resolution priority an explicit flag wins over the configured and default beat","status":"passed","title":"an explicit flag wins over the configured and default beat","duration":4.191200000001118,"failureMessages":[],"meta":{}},{"ancestorTitles":["beat duration resolution priority"],"fullName":"beat duration resolution priority falls back to the configured beat when no flag is given","status":"passed","title":"falls back to the configured beat when no flag is given","duration":4.329799999999523,"failureMessages":[],"meta":{}},{"ancestorTitles":["beat duration resolution priority"],"fullName":"beat duration resolution priority falls back to the registry default (270) when neither flag nor config is set","status":"passed","title":"falls back to the registry default (270) when neither flag nor config is set","duration":4.327199999999721,"failureMessages":[],"meta":{}},{"ancestorTitles":["beat duration resolution priority"],"fullName":"beat duration resolution priority clamps a large flag to the 300s hard cap","status":"passed","title":"clamps a large flag to the 300s hard cap","duration":4.934700000001612,"failureMessages":[],"meta":{}}],"startTime":1785514540431,"endTime":1785514560128.9348,"status":"passed","message":"","name":"E:/AI/ChatAI/Agents/VibeCodingProjects/workflow/Reference/OpenSpec-code-wt-pr121-review/test/commands/agent-wait.test.ts"},{"assertionResults":[{"ancestorTitles":["rasen context (4.1)"],"fullName":"rasen context (4.1) assembles the working set from declarations, all session shapes","status":"passed","title":"assembles the working set from declarations, all session shapes","duration":3516.7019,"failureMessages":[],"meta":{}},{"ancestorTitles":["rasen context (4.1)"],"fullName":"rasen context (4.1) distinguishes self-reference omission from nothing declared","status":"passed","title":"distinguishes self-reference omission from nothing declared","duration":999.3981000000003,"failureMessages":[],"meta":{}},{"ancestorTitles":["rasen context (4.1)"],"fullName":"rasen context (4.1) says so plainly when nothing is declared","status":"passed","title":"says so plainly when nothing is declared","duration":1804.8299000000006,"failureMessages":[],"meta":{}},{"ancestorTitles":["rasen context (4.1)"],"fullName":"rasen context (4.1) emits the code-workspace view with the pinned write matrix","status":"passed","title":"emits the code-workspace view with the pinned write matrix","duration":6244.106500000001,"failureMessages":[],"meta":{}},{"ancestorTitles":["rasen context (4.1)"],"fullName":"rasen context (4.1) is read-only except the requested file and fails with the null shape","status":"passed","title":"is read-only except the requested file and fails with the null shape","duration":1762.4030999999995,"failureMessages":[],"meta":{}},{"ancestorTitles":["rasen context (4.1)"],"fullName":"rasen context (4.1) exposes a workspace identity that differs per worktree and mints no workspaces/ state","status":"passed","title":"exposes a workspace identity that differs per worktree and mints no workspaces/ state","duration":2532.5962,"failureMessages":[],"meta":{}}],"startTime":1785514560939,"endTime":1785514577798.5962,"status":"passed","message":"","name":"E:/AI/ChatAI/Agents/VibeCodingProjects/workflow/Reference/OpenSpec-code-wt-pr121-review/test/commands/context.test.ts"},{"assertionResults":[{"ancestorTitles":["rasen doctor (3.6)"],"fullName":"rasen doctor (3.6) reports ok everywhere for a healthy store-backed root, all session shapes","status":"passed","title":"reports ok everywhere for a healthy store-backed root, all session shapes","duration":3575.0643,"failureMessages":[],"meta":{}},{"ancestorTitles":["rasen doctor (3.6)"],"fullName":"rasen doctor (3.6) renders none-declared sections distinguishably","status":"passed","title":"renders none-declared sections distinguishably","duration":1784.404700000001,"failureMessages":[],"meta":{}},{"ancestorTitles":["rasen doctor (3.6)"],"fullName":"rasen doctor (3.6) shows broken relationships with pasteable fixes at exit 0","status":"passed","title":"shows broken relationships with pasteable fixes at exit 0","duration":1844.1095999999998,"failureMessages":[],"meta":{}},{"ancestorTitles":["rasen doctor (3.6)"],"fullName":"rasen doctor (3.6) distinguishes an empty registry from an unreadable one","status":"passed","title":"distinguishes an empty registry from an unreadable one","duration":1749.8197,"failureMessages":[],"meta":{}},{"ancestorTitles":["rasen doctor (3.6)"],"fullName":"rasen doctor (3.6) surfaces the declared-store and inert-pointer wrong turns","status":"passed","title":"surfaces the declared-store and inert-pointer wrong turns","duration":2845.4006999999983,"failureMessages":[],"meta":{}},{"ancestorTitles":["rasen doctor (3.6)"],"fullName":"rasen doctor (3.6) notes remote divergence as info in the store section","status":"passed","title":"notes remote divergence as info in the store section","duration":1208.4599999999991,"failureMessages":[],"meta":{}},{"ancestorTitles":["rasen doctor (3.6)"],"fullName":"rasen doctor (3.6) fails with the null-shape payload on command failures","status":"passed","title":"fails with the null-shape payload on command failures","duration":1737.4658000000018,"failureMessages":[],"meta":{}},{"ancestorTitles":["rasen doctor (3.6)"],"fullName":"rasen doctor (3.6) prints taxonomy errors in human mode instead of stack traces","status":"passed","title":"prints taxonomy errors in human mode instead of stack traces","duration":836.2399000000005,"failureMessages":[],"meta":{}},{"ancestorTitles":["rasen doctor (3.6)"],"fullName":"rasen doctor (3.6) distinguishes self-reference omission from none declared","status":"passed","title":"distinguishes self-reference omission from none declared","duration":892.9110000000001,"failureMessages":[],"meta":{}},{"ancestorTitles":["rasen doctor (3.6)"],"fullName":"rasen doctor (3.6) surfaces a malformed pointer on a real root","status":"passed","title":"surfaces a malformed pointer on a real root","duration":893.8365000000013,"failureMessages":[],"meta":{}},{"ancestorTitles":["rasen doctor (3.6)"],"fullName":"rasen doctor (3.6) is read-only and changes nothing elsewhere","status":"passed","title":"is read-only and changes nothing elsewhere","duration":2525.9125999999997,"failureMessages":[],"meta":{}},{"ancestorTitles":["rasen doctor (3.6)","machine home (6.x)"],"fullName":"rasen doctor (3.6) machine home (6.x) reports this project's registered entry","status":"passed","title":"reports this project's registered entry","duration":1123.8512999999984,"failureMessages":[],"meta":{}},{"ancestorTitles":["rasen doctor (3.6)","machine home (6.x)"],"fullName":"rasen doctor (3.6) machine home (6.x) reports an unregistered project and no dangling entries by default","status":"passed","title":"reports an unregistered project and no dangling entries by default","duration":854.8590999999979,"failureMessages":[],"meta":{}},{"ancestorTitles":["rasen doctor (3.6)","machine home (6.x)"],"fullName":"rasen doctor (3.6) machine home (6.x) reports a dangling entry with a --gc suggestion in human output, and --gc removes it plus its orphaned home","status":"passed","title":"reports a dangling entry with a --gc suggestion in human output, and --gc removes it plus its orphaned home","duration":3046.935099999999,"failureMessages":[],"meta":{}},{"ancestorTitles":["rasen doctor (3.6)","machine home (6.x)"],"fullName":"rasen doctor (3.6) machine home (6.x) reports worktree-duplicate entries with a --gc hint, and --gc collapses them keeping the shared home (worktree-aware-spaces D5)","status":"passed","title":"reports worktree-duplicate entries with a --gc hint, and --gc collapses them keeping the shared home (worktree-aware-spaces D5)","duration":4459.322900000003,"failureMessages":[],"meta":{}},{"ancestorTitles":["rasen doctor (3.6)","machine home (6.x)"],"fullName":"rasen doctor (3.6) machine home (6.x) hints at migratable legacy state for a registered project (inverted migrator)","status":"passed","title":"hints at migratable legacy state for a registered project (inverted migrator)","duration":2004.933100000002,"failureMessages":[],"meta":{}},{"ancestorTitles":["rasen doctor (3.6)","machine home (6.x)"],"fullName":"rasen doctor (3.6) machine home (6.x) counts migratable legacy state by file type","status":"passed","title":"counts migratable legacy state by file type","duration":1170.586500000005,"failureMessages":[],"meta":{}},{"ancestorTitles":["rasen doctor (3.6)","machine home (6.x)"],"fullName":"rasen doctor (3.6) machine home (6.x) omits the migration hint for a clean registered project","status":"passed","title":"omits the migration hint for a clean registered project","duration":2015.5621000000028,"failureMessages":[],"meta":{}},{"ancestorTitles":["rasen doctor (3.6)","machine home (6.x)"],"fullName":"rasen doctor (3.6) machine home (6.x) surfaces a corrupt registry as a diagnostic instead of masking it as \"Not registered\" (MAJOR-2)","status":"passed","title":"surfaces a corrupt registry as a diagnostic instead of masking it as \"Not registered\" (MAJOR-2)","duration":1711.5190000000002,"failureMessages":[],"meta":{}},{"ancestorTitles":["rasen doctor (3.6)","machine-root relocation (relocate-machine-home D4)"],"fullName":"rasen doctor (3.6) machine-root relocation (relocate-machine-home D4) reports a clean state when no old-scheme directory exists","status":"passed","title":"reports a clean state when no old-scheme directory exists","duration":1775.6615999999995,"failureMessages":[],"meta":{}},{"ancestorTitles":["rasen doctor (3.6)","machine-root relocation (relocate-machine-home D4)"],"fullName":"rasen doctor (3.6) machine-root relocation (relocate-machine-home D4) notes a lingering old-scheme directory after a successful startup adoption","status":"passed","title":"notes a lingering old-scheme directory after a successful startup adoption","duration":1968.214,"failureMessages":[],"meta":{}},{"ancestorTitles":["rasen doctor (3.6)","machine-root relocation (relocate-machine-home D4)"],"fullName":"rasen doctor (3.6) machine-root relocation (relocate-machine-home D4) warns loudly when relocation failed and the old-scheme directory still exists","status":"passed","title":"warns loudly when relocation failed and the old-scheme directory still exists","duration":1709.6109999999971,"failureMessages":[],"meta":{}},{"ancestorTitles":["rasen doctor (3.6)","machine-root relocation (relocate-machine-home D4)"],"fullName":"rasen doctor (3.6) machine-root relocation (relocate-machine-home D4) keeps startup adoption skip notes on stderr, never corrupting --json stdout","status":"passed","title":"keeps startup adoption skip notes on stderr, never corrupting --json stdout","duration":863.5178999999989,"failureMessages":[],"meta":{}},{"ancestorTitles":["rasen doctor (3.6)","skill-version mismatch finding (delivery-reliability-version-guard)"],"fullName":"rasen doctor (3.6) skill-version mismatch finding (delivery-reliability-version-guard) reports the mismatch in human output with a Fix hint","status":"passed","title":"reports the mismatch in human output with a Fix hint","duration":886.4968999999983,"failureMessages":[],"meta":{}},{"ancestorTitles":["rasen doctor (3.6)","skill-version mismatch finding (delivery-reliability-version-guard)"],"fullName":"rasen doctor (3.6) skill-version mismatch finding (delivery-reliability-version-guard) includes the mismatch in --json output","status":"passed","title":"includes the mismatch in --json output","duration":840.7834999999977,"failureMessages":[],"meta":{}},{"ancestorTitles":["rasen doctor (3.6)","skill-version mismatch finding (delivery-reliability-version-guard)"],"fullName":"rasen doctor (3.6) skill-version mismatch finding (delivery-reliability-version-guard) reports nothing when the installed skills match the running CLI","status":"passed","title":"reports nothing when the installed skills match the running CLI","duration":1710.777399999999,"failureMessages":[],"meta":{}},{"ancestorTitles":["rasen doctor (3.6)","skill-version mismatch finding (delivery-reliability-version-guard)"],"fullName":"rasen doctor (3.6) skill-version mismatch finding (delivery-reliability-version-guard) still reports the mismatch even after the ambient warning already fired and debounced","status":"passed","title":"still reports the mismatch even after the ambient warning already fired and debounced","duration":2220.8631000000023,"failureMessages":[],"meta":{}},{"ancestorTitles":["rasen doctor (3.6)","cache/config drift advisory (project-install-manifest M6)"],"fullName":"rasen doctor (3.6) cache/config drift advisory (project-install-manifest M6) (M6a) matching tools produces no drift advisory","status":"passed","title":"(M6a) matching tools produces no drift advisory","duration":1101.536199999995,"failureMessages":[],"meta":{}},{"ancestorTitles":["rasen doctor (3.6)","cache/config drift advisory (project-install-manifest M6)"],"fullName":"rasen doctor (3.6) cache/config drift advisory (project-install-manifest M6) (M6b) mismatched tools produces advisory, neither side rewritten","status":"passed","title":"(M6b) mismatched tools produces advisory, neither side rewritten","duration":2095.7739999999976,"failureMessages":[],"meta":{}},{"ancestorTitles":["rasen doctor (3.6)","cache/config drift advisory (project-install-manifest M6)"],"fullName":"rasen doctor (3.6) cache/config drift advisory (project-install-manifest M6) (M6c) pinned project is still listed in the registry section","status":"passed","title":"(M6c) pinned project is still listed in the registry section","duration":1155.6549999999988,"failureMessages":[],"meta":{}},{"ancestorTitles":["rasen doctor (3.6)","cache/config drift advisory (project-install-manifest M6)"],"fullName":"rasen doctor (3.6) cache/config drift advisory (project-install-manifest M6) (M6d) missing installedVersion is surfaced as \"version unknown\"","status":"passed","title":"(M6d) missing installedVersion is surfaced as \"version unknown\"","duration":1089.5604000000021,"failureMessages":[],"meta":{}}],"startTime":1785514414144,"endTime":1785514467844.5603,"status":"passed","message":"","name":"E:/AI/ChatAI/Agents/VibeCodingProjects/workflow/Reference/OpenSpec-code-wt-pr121-review/test/commands/doctor.test.ts"},{"assertionResults":[{"ancestorTitles":["legacy command groups are removed"],"fullName":"legacy command groups are removed rejects the deleted groups as unknown commands","status":"passed","title":"rejects the deleted groups as unknown commands","duration":1553.2301,"failureMessages":[],"meta":{}},{"ancestorTitles":["legacy command groups are removed"],"fullName":"legacy command groups are removed lists neither group in --help","status":"passed","title":"lists neither group in --help","duration":770.6767,"failureMessages":[],"meta":{}},{"ancestorTitles":["legacy command groups are removed"],"fullName":"legacy command groups are removed update falls through to the standard no-project error in a view dir","status":"passed","title":"update falls through to the standard no-project error in a view dir","duration":799.9703,"failureMessages":[],"meta":{}},{"ancestorTitles":["legacy command groups are removed"],"fullName":"legacy command groups are removed keeps initiative data and view state byte-identical across surviving commands","status":"passed","title":"keeps initiative data and view state byte-identical across surviving commands","duration":4973.162200000001,"failureMessages":[],"meta":{}},{"ancestorTitles":["legacy command groups are removed"],"fullName":"legacy command groups are removed tolerates legacy initiative metadata without re-emitting it","status":"passed","title":"tolerates legacy initiative metadata without re-emitting it","duration":911.2106000000003,"failureMessages":[],"meta":{}},{"ancestorTitles":["legacy command groups are removed"],"fullName":"legacy command groups are removed reports repo-local in a view dir, exactly as before this slice","status":"passed","title":"reports repo-local in a view dir, exactly as before this slice","duration":858.9732999999997,"failureMessages":[],"meta":{}}],"startTime":1785514578569,"endTime":1785514588436.9734,"status":"passed","message":"","name":"E:/AI/ChatAI/Agents/VibeCodingProjects/workflow/Reference/OpenSpec-code-wt-pr121-review/test/commands/legacy-groups-removed.test.ts"},{"assertionResults":[{"ancestorTitles":["scheme commands"],"fullName":"scheme commands lists an empty headless library as JSON","status":"passed","title":"lists an empty headless library as JSON","duration":6.4757999999999925,"failureMessages":[],"meta":{}},{"ancestorTitles":["scheme commands"],"fullName":"scheme commands lists valid and malformed schemes in sorted JSON/text output","status":"passed","title":"lists valid and malformed schemes in sorted JSON/text output","duration":64.19099999999997,"failureMessages":[],"meta":{}},{"ancestorTitles":["scheme commands"],"fullName":"scheme commands shows a complete valid scheme as JSON","status":"passed","title":"shows a complete valid scheme as JSON","duration":14.896499999999946,"failureMessages":[],"meta":{}},{"ancestorTitles":["scheme commands"],"fullName":"scheme commands fails actionably for missing/invalid show target missing","status":"passed","title":"fails actionably for missing/invalid show target missing","duration":2.4792999999999665,"failureMessages":[],"meta":{}},{"ancestorTitles":["scheme commands"],"fullName":"scheme commands fails actionably for missing/invalid show target ../escape","status":"passed","title":"fails actionably for missing/invalid show target ../escape","duration":1.282199999999989,"failureMessages":[],"meta":{}},{"ancestorTitles":["scheme commands"],"fullName":"scheme commands fails actionably for missing/invalid show target default","status":"passed","title":"fails actionably for missing/invalid show target default","duration":1.078300000000013,"failureMessages":[],"meta":{}},{"ancestorTitles":["scheme commands"],"fullName":"scheme commands fails actionably for malformed show contents","status":"passed","title":"fails actionably for malformed show contents","duration":4.545999999999935,"failureMessages":[],"meta":{}}],"startTime":1785514634457,"endTime":1785514634551.546,"status":"passed","message":"","name":"E:/AI/ChatAI/Agents/VibeCodingProjects/workflow/Reference/OpenSpec-code-wt-pr121-review/test/commands/scheme.test.ts"},{"assertionResults":[{"ancestorTitles":["resolveLaunchSpaceQuery (management-ui-command spec / design D5)"],"fullName":"resolveLaunchSpaceQuery (management-ui-command spec / design D5) emits a resolvable ?space=project:<id> for a project cwd","status":"passed","title":"emits a resolvable ?space=project:<id> for a project cwd","duration":196.27030000000013,"failureMessages":[],"meta":{}},{"ancestorTitles":["resolveLaunchSpaceQuery (management-ui-command spec / design D5)"],"fullName":"resolveLaunchSpaceQuery (management-ui-command spec / design D5) registers an unregistered project during launch so its emitted selector resolves","status":"passed","title":"registers an unregistered project during launch so its emitted selector resolves","duration":195.21299999999974,"failureMessages":[],"meta":{}},{"ancestorTitles":["resolveLaunchSpaceQuery (management-ui-command spec / design D5)"],"fullName":"resolveLaunchSpaceQuery (management-ui-command spec / design D5) emits ?space=store:<id> for a pointer repo","status":"passed","title":"emits ?space=store:<id> for a pointer repo","duration":49.627700000000004,"failureMessages":[],"meta":{}},{"ancestorTitles":["resolveLaunchSpaceQuery (management-ui-command spec / design D5)"],"fullName":"resolveLaunchSpaceQuery (management-ui-command spec / design D5) emits no parameter when the cwd is outside any Rasen root","status":"passed","title":"emits no parameter when the cwd is outside any Rasen root","duration":3.626600000000053,"failureMessages":[],"meta":{}}],"startTime":1785514630619,"endTime":1785514631063.6267,"status":"passed","message":"","name":"E:/AI/ChatAI/Agents/VibeCodingProjects/workflow/Reference/OpenSpec-code-wt-pr121-review/test/commands/ui-launch-space.test.ts"},{"assertionResults":[{"ancestorTitles":["workflow command"],"fullName":"workflow command lists built-ins with a locale-neutral JSON contract","status":"passed","title":"lists built-ins with a locale-neutral JSON contract","duration":32.18349999999998,"failureMessages":[],"meta":{}},{"ancestorTitles":["workflow command"],"fullName":"workflow command JSON always includes internal and driver workflows annotated with kind, regardless of --all","status":"passed","title":"JSON always includes internal and driver workflows annotated with kind, regardless of --all","duration":11.798999999999978,"failureMessages":[],"meta":{}},{"ancestorTitles":["workflow command"],"fullName":"workflow command human list groups by kind, hides internal by default, and reveals it with --all","status":"passed","title":"human list groups by kind, hides internal by default, and reveals it with --all","duration":10.741999999999962,"failureMessages":[],"meta":{}},{"ancestorTitles":["workflow command"],"fullName":"workflow command aligns human list columns across mixed id lengths without tab characters","status":"passed","title":"aligns human list columns across mixed id lengths without tab characters","duration":76.98429999999996,"failureMessages":[],"meta":{}},{"ancestorTitles":["workflow command"],"fullName":"workflow command shows the expert group by default (unlike internal), and JSON tags experts with kind:expert","status":"passed","title":"shows the expert group by default (unlike internal), and JSON tags experts with kind:expert","duration":11.2817,"failureMessages":[],"meta":{}},{"ancestorTitles":["workflow command"],"fullName":"workflow command scans the catalog and usage sources once per list invocation","status":"passed","title":"scans the catalog and usage sources once per list invocation","duration":331.55099999999993,"failureMessages":[],"meta":{}},{"ancestorTitles":["workflow command"],"fullName":"workflow command hides OS metadata files from the list and exported packages without hiding stray files","status":"passed","title":"hides OS metadata files from the list and exported packages without hiding stray files","duration":95.7672,"failureMessages":[],"meta":{}},{"ancestorTitles":["workflow command"],"fullName":"workflow command runs the draft, validate, import, show, which, export, and delete journey","status":"passed","title":"runs the draft, validate, import, show, which, export, and delete journey","duration":69.21109999999999,"failureMessages":[],"meta":{}},{"ancestorTitles":["workflow command"],"fullName":"workflow command exposes a declared skill title verbatim in list and show output under en","status":"passed","title":"exposes a declared skill title verbatim in list and show output under en","duration":80.05179999999996,"failureMessages":[],"meta":{}},{"ancestorTitles":["workflow command"],"fullName":"workflow command exposes a declared skill title verbatim in list and show output under ja","status":"passed","title":"exposes a declared skill title verbatim in list and show output under ja","duration":57.149599999999964,"failureMessages":[],"meta":{}},{"ancestorTitles":["workflow command"],"fullName":"workflow command exposes a declared skill title verbatim in list and show output under zh-cn","status":"passed","title":"exposes a declared skill title verbatim in list and show output under zh-cn","duration":58.419399999999996,"failureMessages":[],"meta":{}},{"ancestorTitles":["workflow command"],"fullName":"workflow command keeps JSON failures to one document with a stable code","status":"passed","title":"keeps JSON failures to one document with a stable code","duration":5.18730000000005,"failureMessages":[],"meta":{}},{"ancestorTitles":["workflow command"],"fullName":"workflow command requires explicit confirmation for delete in non-interactive mode","status":"passed","title":"requires explicit confirmation for delete in non-interactive mode","duration":1.786299999999983,"failureMessages":[],"meta":{}},{"ancestorTitles":["workflow command"],"fullName":"workflow command blocks deletion from a nested project directory with a pipeline reference","status":"passed","title":"blocks deletion from a nested project directory with a pipeline reference","duration":50.1554000000001,"failureMessages":[],"meta":{}},{"ancestorTitles":["workflow command"],"fullName":"workflow command blocks deletion from a nested project directory with a ledger reference","status":"passed","title":"blocks deletion from a nested project directory with a ledger reference","duration":49.841899999999896,"failureMessages":[],"meta":{}},{"ancestorTitles":["workflow command"],"fullName":"workflow command deletes a referenced workflow with --force and reports the dangling referrers","status":"passed","title":"deletes a referenced workflow with --force and reports the dangling referrers","duration":69.62850000000003,"failureMessages":[],"meta":{}},{"ancestorTitles":["workflow command"],"fullName":"workflow command localizes human output while preserving machine IDs and diagnostic codes","status":"passed","title":"localizes human output while preserving machine IDs and diagnostic codes","duration":18.104499999999916,"failureMessages":[],"meta":{}},{"ancestorTitles":["workflow command"],"fullName":"workflow command localizes Simplified Chinese human output while preserving JSON and user-authored content","status":"passed","title":"localizes Simplified Chinese human output while preserving JSON and user-authored content","duration":65.72079999999983,"failureMessages":[],"meta":{}}],"startTime":1785514597190,"endTime":1785514598285.7207,"status":"passed","message":"","name":"E:/AI/ChatAI/Agents/VibeCodingProjects/workflow/Reference/OpenSpec-code-wt-pr121-review/test/commands/workflow-library.test.ts"},{"assertionResults":[{"ancestorTitles":["shared agent CLI process helper"],"fullName":"shared agent CLI process helper keeps direct executable launches shell-free and hidden","status":"passed","title":"keeps direct executable launches shell-free and hidden","duration":2.3125,"failureMessages":[],"meta":{}},{"ancestorTitles":["shared agent CLI process helper"],"fullName":"shared agent CLI process helper routes a Windows .cmd shim through the escaped cmd.exe path","status":"passed","title":"routes a Windows .cmd shim through the escaped cmd.exe path","duration":3.099200000000053,"failureMessages":[],"meta":{}},{"ancestorTitles":["shared agent CLI process helper"],"fullName":"shared agent CLI process helper round-trips multiline CJK and metacharacters through stdin followed by EOF","status":"passed","title":"round-trips multiline CJK and metacharacters through stdin followed by EOF","duration":130.11219999999997,"failureMessages":[],"meta":{}},{"ancestorTitles":["shared agent CLI process helper"],"fullName":"shared agent CLI process helper rejects an oversized stdin payload before spawning","status":"passed","title":"rejects an oversized stdin payload before spawning","duration":0.8427000000000362,"failureMessages":[],"meta":{}}],"startTime":1785514631960,"endTime":1785514632096.8428,"status":"passed","message":"","name":"E:/AI/ChatAI/Agents/VibeCodingProjects/workflow/Reference/OpenSpec-code-wt-pr121-review/test/core/agent-cli-process.test.ts"},{"assertionResults":[{"ancestorTitles":["ArchiveCommand — ephemera cleaner integration","--dry-run"],"fullName":"ArchiveCommand — ephemera cleaner integration --dry-run reports pending deletes and spec syncs without changing disk","status":"passed","title":"reports pending deletes and spec syncs without changing disk","duration":210.75679999999988,"failureMessages":[],"meta":{}},{"ancestorTitles":["ArchiveCommand — ephemera cleaner integration","--keep-ephemera"],"fullName":"ArchiveCommand — ephemera cleaner integration --keep-ephemera preserves ephemera files and writes empty ephemeraDiscarded","status":"passed","title":"preserves ephemera files and writes empty ephemeraDiscarded","duration":571.6752000000001,"failureMessages":[],"meta":{}},{"ancestorTitles":["ArchiveCommand — ephemera cleaner integration","full archive (no flags)"],"fullName":"ArchiveCommand — ephemera cleaner integration full archive (no flags) cleans ephemera, writes archive.json, moves change directory","status":"passed","title":"cleans ephemera, writes archive.json, moves change directory","duration":611.2198000000003,"failureMessages":[],"meta":{}},{"ancestorTitles":["ArchiveCommand — ephemera cleaner integration","full archive (no flags)"],"fullName":"ArchiveCommand — ephemera cleaner integration full archive (no flags) cleans ephemera in a git repo and records the codeCommit","status":"passed","title":"cleans ephemera in a git repo and records the codeCommit","duration":1377.5147000000002,"failureMessages":[],"meta":{}}],"startTime":1785514590223,"endTime":1785514592994.5146,"status":"passed","message":"","name":"E:/AI/ChatAI/Agents/VibeCodingProjects/workflow/Reference/OpenSpec-code-wt-pr121-review/test/core/archive-ephemera.test.ts"},{"assertionResults":[{"ancestorTitles":["per-class landing resolvers"],"fullName":"per-class landing resolvers evidenceDir appends evidence to the change root","status":"passed","title":"evidenceDir appends evidence to the change root","duration":1.1981999999999857,"failureMessages":[],"meta":{}},{"ancestorTitles":["per-class landing resolvers"],"fullName":"per-class landing resolvers handoffDir appends handoff to the change root","status":"passed","title":"handoffDir appends handoff to the change root","duration":0.205600000000004,"failureMessages":[],"meta":{}},{"ancestorTitles":["per-class landing resolvers"],"fullName":"per-class landing resolvers ephemeraDir lands under the execution root .rasen tree","status":"passed","title":"ephemeraDir lands under the execution root .rasen tree","duration":0.16859999999996944,"failureMessages":[],"meta":{}},{"ancestorTitles":["per-class landing resolvers"],"fullName":"per-class landing resolvers probesFallbackDir lands under the execution root .rasen probes tree","status":"passed","title":"probesFallbackDir lands under the execution root .rasen probes tree","duration":0.1453000000000202,"failureMessages":[],"meta":{}},{"ancestorTitles":["per-class landing resolvers"],"fullName":"per-class landing resolvers designDocsDir is root-level in the planning root","status":"passed","title":"designDocsDir is root-level in the planning root","duration":0.169399999999996,"failureMessages":[],"meta":{}},{"ancestorTitles":["per-class landing resolvers"],"fullName":"per-class landing resolvers archiveBookkeepingDir is always the in-repo archive directory","status":"passed","title":"archiveBookkeepingDir is always the in-repo archive directory","duration":0.1594000000000051,"failureMessages":[],"meta":{}},{"ancestorTitles":["per-class landing resolvers"],"fullName":"per-class landing resolvers uses the platform separator, never a hardcoded one","status":"passed","title":"uses the platform separator, never a hardcoded one","duration":0.26780000000002246,"failureMessages":[],"meta":{}},{"ancestorTitles":["per-class landing resolvers"],"fullName":"per-class landing resolvers produces POSIX-shaped paths for POSIX-shaped roots on POSIX platforms","status":"passed","title":"produces POSIX-shaped paths for POSIX-shaped roots on POSIX platforms","duration":0.13179999999999836,"failureMessages":[],"meta":{}},{"ancestorTitles":["per-class landing resolvers"],"fullName":"per-class landing resolvers performs no I/O and creates nothing","status":"passed","title":"performs no I/O and creates nothing","duration":1.5799000000000092,"failureMessages":[],"meta":{}},{"ancestorTitles":["per-class landing resolvers"],"fullName":"per-class landing resolvers resolves without any machine identity or registry","status":"passed","title":"resolves without any machine identity or registry","duration":0.22879999999997835,"failureMessages":[],"meta":{}},{"ancestorTitles":["resolveExecutionRoot"],"fullName":"resolveExecutionRoot equals the planning root for an in-repo project","status":"passed","title":"equals the planning root for an in-repo project","duration":0.14889999999996917,"failureMessages":[],"meta":{}},{"ancestorTitles":["resolveExecutionRoot"],"fullName":"resolveExecutionRoot for a store-selected run resolves the cwd code project root","status":"passed","title":"for a store-selected run resolves the cwd code project root","duration":3.8174999999999955,"failureMessages":[],"meta":{}},{"ancestorTitles":["resolveExecutionRoot"],"fullName":"resolveExecutionRoot for a store-selected run with no enclosing checkout falls back to the cwd","status":"passed","title":"for a store-selected run with no enclosing checkout falls back to the cwd","duration":2.2001999999999953,"failureMessages":[],"meta":{}},{"ancestorTitles":["deriveWorkspaceIdentity"],"fullName":"deriveWorkspaceIdentity derives a semantic name plus a short anti-collision id","status":"passed","title":"derives a semantic name plus a short anti-collision id","duration":2.70859999999999,"failureMessages":[],"meta":{}},{"ancestorTitles":["deriveWorkspaceIdentity"],"fullName":"deriveWorkspaceIdentity two worktrees of one project derive DISTINCT identities","status":"passed","title":"two worktrees of one project derive DISTINCT identities","duration":2.536800000000028,"failureMessages":[],"meta":{}},{"ancestorTitles":["deriveWorkspaceIdentity"],"fullName":"deriveWorkspaceIdentity is stable for the same worktree across calls","status":"passed","title":"is stable for the same worktree across calls","duration":1.9603999999999928,"failureMessages":[],"meta":{}},{"ancestorTitles":["deriveWorkspaceIdentity"],"fullName":"deriveWorkspaceIdentity never creates a workspaces/ directory (no speculative state)","status":"passed","title":"never creates a workspaces/ directory (no speculative state)","duration":2.2524999999999977,"failureMessages":[],"meta":{}},{"ancestorTitles":["probe placement guidance reaches the generated templates"],"fullName":"probe placement guidance reaches the generated templates names every project convention and the fixed fallback, with no machine-root option","status":"passed","title":"names every project convention and the fixed fallback, with no machine-root option","duration":0.29309999999998126,"failureMessages":[],"meta":{}},{"ancestorTitles":["probe placement guidance reaches the generated templates"],"fullName":"probe placement guidance reaches the generated templates states a fallback shape that matches probesFallbackDir","status":"passed","title":"states a fallback shape that matches probesFallbackDir","duration":0.21059999999999945,"failureMessages":[],"meta":{}},{"ancestorTitles":["probe placement guidance reaches the generated templates"],"fullName":"probe placement guidance reaches the generated templates is carried by the skills that authorize writing probe code","status":"passed","title":"is carried by the skills that authorize writing probe code","duration":0.2687999999999988,"failureMessages":[],"meta":{}}],"startTime":1785514637720,"endTime":1785514637741.2932,"status":"passed","message":"","name":"E:/AI/ChatAI/Agents/VibeCodingProjects/workflow/Reference/OpenSpec-code-wt-pr121-review/test/core/file-placement.test.ts"},{"assertionResults":[{"ancestorTitles":["getGlobalConfig default-reporter fallback on locale/catalog failure"],"fullName":"getGlobalConfig default-reporter fallback on locale/catalog failure deliveryRetired still prints, using the English fallback text, and getGlobalConfig() does not throw","status":"passed","title":"deliveryRetired still prints, using the English fallback text, and getGlobalConfig() does not throw","duration":151.5507,"failureMessages":[],"meta":{}},{"ancestorTitles":["getGlobalConfig default-reporter fallback on locale/catalog failure"],"fullName":"getGlobalConfig default-reporter fallback on locale/catalog failure invalidGlobalJson still prints, using the English fallback text, and getGlobalConfig() does not throw","status":"passed","title":"invalidGlobalJson still prints, using the English fallback text, and getGlobalConfig() does not throw","duration":28.9135,"failureMessages":[],"meta":{}}],"startTime":1785514631430,"endTime":1785514631610.9136,"status":"passed","message":"","name":"E:/AI/ChatAI/Agents/VibeCodingProjects/workflow/Reference/OpenSpec-code-wt-pr121-review/test/core/global-config-diagnostic-fallback.test.ts"},{"assertionResults":[{"ancestorTitles":["InitCommand profile lock persistence (init-profile-lock)"],"fullName":"InitCommand profile lock persistence (init-profile-lock) fresh init with --profile core writes the lock into config.yaml","status":"passed","title":"fresh init with --profile core writes the lock into config.yaml","duration":426.24980000000005,"failureMessages":[],"meta":{}},{"ancestorTitles":["InitCommand profile lock persistence (init-profile-lock)"],"fullName":"InitCommand profile lock persistence (init-profile-lock) fresh init with a saved named profile writes the lock and installs its selection","status":"passed","title":"fresh init with a saved named profile writes the lock and installs its selection","duration":295.93970000000013,"failureMessages":[],"meta":{}},{"ancestorTitles":["InitCommand profile lock persistence (init-profile-lock)"],"fullName":"InitCommand profile lock persistence (init-profile-lock) a ship-only named profile installs the canonical retention runner without changing its snapshot","status":"passed","title":"a ship-only named profile installs the canonical retention runner without changing its snapshot","duration":285.21119999999996,"failureMessages":[],"meta":{}},{"ancestorTitles":["InitCommand profile lock persistence (init-profile-lock)"],"fullName":"InitCommand profile lock persistence (init-profile-lock) init without --profile writes no profile key","status":"passed","title":"init without --profile writes no profile key","duration":536.0573000000002,"failureMessages":[],"meta":{}},{"ancestorTitles":["InitCommand profile lock persistence (init-profile-lock)"],"fullName":"InitCommand profile lock persistence (init-profile-lock) --profile custom is applied for the run but never persisted","status":"passed","title":"--profile custom is applied for the run but never persisted","duration":248.69849999999997,"failureMessages":[],"meta":{}},{"ancestorTitles":["InitCommand profile lock persistence (init-profile-lock)"],"fullName":"InitCommand profile lock persistence (init-profile-lock) extend mode updates the lock in an existing config, preserving comments and other keys","status":"passed","title":"extend mode updates the lock in an existing config, preserving comments and other keys","duration":452.1448999999998,"failureMessages":[],"meta":{}},{"ancestorTitles":["InitCommand profile lock persistence (init-profile-lock)"],"fullName":"InitCommand profile lock persistence (init-profile-lock) extend mode without --profile honors an existing lock","status":"passed","title":"extend mode without --profile honors an existing lock","duration":296.3434000000002,"failureMessages":[],"meta":{}},{"ancestorTitles":["InitCommand profile lock persistence (init-profile-lock)"],"fullName":"InitCommand profile lock persistence (init-profile-lock) an unknown --profile name fails listing built-ins and saved profiles","status":"passed","title":"an unknown --profile name fails listing built-ins and saved profiles","duration":33.064400000000205,"failureMessages":[],"meta":{}}],"startTime":1785514593876,"endTime":1785514596449.0645,"status":"passed","message":"","name":"E:/AI/ChatAI/Agents/VibeCodingProjects/workflow/Reference/OpenSpec-code-wt-pr121-review/test/core/init-profile-lock.test.ts"},{"assertionResults":[{"ancestorTitles":["openers core","built-in table"],"fullName":"openers core built-in table carries the locked v1 rows","status":"passed","title":"carries the locked v1 rows","duration":2.6287000000000376,"failureMessages":[],"meta":{}},{"ancestorTitles":["openers core","config merge"],"fullName":"openers core config merge returns built-ins for an absent openers key","status":"passed","title":"returns built-ins for an absent openers key","duration":0.5343000000000302,"failureMessages":[],"meta":{}},{"ancestorTitles":["openers core","config merge"],"fullName":"openers core config merge adds a new workspace-file tool with defaults from its id","status":"passed","title":"adds a new workspace-file tool with defaults from its id","duration":1.7407999999999788,"failureMessages":[],"meta":{}},{"ancestorTitles":["openers core","config merge"],"fullName":"openers core config merge overrides only the fields a built-in row sets","status":"passed","title":"overrides only the fields a built-in row sets","duration":0.6089000000000055,"failureMessages":[],"meta":{}},{"ancestorTitles":["openers core","config merge"],"fullName":"openers core config merge rejects an unknown style naming the two valid styles","status":"passed","title":"rejects an unknown style naming the two valid styles","duration":1.148300000000006,"failureMessages":[],"meta":{}},{"ancestorTitles":["openers core","config merge"],"fullName":"openers core config merge rejects a new tool that omits style","status":"passed","title":"rejects a new tool that omits style","duration":1.1085999999999672,"failureMessages":[],"meta":{}},{"ancestorTitles":["openers core","config merge"],"fullName":"openers core config merge rejects malformed rows instead of ignoring them","status":"passed","title":"rejects malformed rows instead of ignoring them","duration":0.5704000000000065,"failureMessages":[],"meta":{}},{"ancestorTitles":["openers core","availability scan"],"fullName":"openers core availability scan finds an executable on the posix PATH","status":"skipped","title":"finds an executable on the posix PATH","failureMessages":[],"meta":{}},{"ancestorTitles":["openers core","availability scan"],"fullName":"openers core availability scan honors the case-insensitive Path key","status":"skipped","title":"honors the case-insensitive Path key","failureMessages":[],"meta":{}},{"ancestorTitles":["openers core","availability scan"],"fullName":"openers core availability scan requires the execute bit on posix","status":"skipped","title":"requires the execute bit on posix","failureMessages":[],"meta":{}},{"ancestorTitles":["openers core","availability scan"],"fullName":"openers core availability scan stats separator-bearing commands directly","status":"passed","title":"stats separator-bearing commands directly","duration":2.8682999999999765,"failureMessages":[],"meta":{}},{"ancestorTitles":["openers core","availability scan"],"fullName":"openers core availability scan walks the win32 PATHEXT matrix through the injected stat seam","status":"passed","title":"walks the win32 PATHEXT matrix through the injected stat seam","duration":1.7876999999999725,"failureMessages":[],"meta":{}},{"ancestorTitles":["openers core","availability scan"],"fullName":"openers core availability scan honors a custom PATHEXT","status":"passed","title":"honors a custom PATHEXT","duration":0.969099999999969,"failureMessages":[],"meta":{}},{"ancestorTitles":["openers core","availability scan"],"fullName":"openers core availability scan matches a command already carrying a known extension as-is, never doubled","status":"passed","title":"matches a command already carrying a known extension as-is, never doubled","duration":0.894800000000032,"failureMessages":[],"meta":{}},{"ancestorTitles":["openers core","availability scan"],"fullName":"openers core availability scan sorts choices available-first preserving table order","status":"skipped","title":"sorts choices available-first preserving table order","failureMessages":[],"meta":{}},{"ancestorTitles":["openers core","launch command builder"],"fullName":"openers core launch command builder workspace-file style passes pre-args plus the file path only","status":"passed","title":"workspace-file style passes pre-args plus the file path only","duration":0.22719999999998208,"failureMessages":[],"meta":{}},{"ancestorTitles":["openers core","launch command builder"],"fullName":"openers core launch command builder attach-dirs style attaches every member, the primary included","status":"passed","title":"attach-dirs style attaches every member, the primary included","duration":0.16739999999998645,"failureMessages":[],"meta":{}},{"ancestorTitles":["openers core","launch command builder"],"fullName":"openers core launch command builder codex carries its sandbox pre-args before the attach pairs","status":"passed","title":"codex carries its sandbox pre-args before the attach pairs","duration":0.17500000000001137,"failureMessages":[],"meta":{}},{"ancestorTitles":["openers core","launch command builder"],"fullName":"openers core launch command builder never emits a positional argument for attach-dirs tools","status":"passed","title":"never emits a positional argument for attach-dirs tools","duration":0.17899999999997362,"failureMessages":[],"meta":{}},{"ancestorTitles":["openers core","launch command builder"],"fullName":"openers core launch command builder a configured attach_flag rename flows into the argv","status":"passed","title":"a configured attach_flag rename flows into the argv","duration":0.1945999999999799,"failureMessages":[],"meta":{}}],"startTime":1785514639201,"endTime":1785514639217.1946,"status":"passed","message":"","name":"E:/AI/ChatAI/Agents/VibeCodingProjects/workflow/Reference/OpenSpec-code-wt-pr121-review/test/core/openers.test.ts"},{"assertionResults":[{"ancestorTitles":["canonical project knowledge home"],"fullName":"canonical project knowledge home resolves one location per project identity, composed with platform path resolution","status":"passed","title":"resolves one location per project identity, composed with platform path resolution","duration":2.9472999999999274,"failureMessages":[],"meta":{}},{"ancestorTitles":["canonical project knowledge home"],"fullName":"canonical project knowledge home refuses an identity that cannot name a directory instead of inventing one","status":"passed","title":"refuses an identity that cannot name a directory instead of inventing one","duration":1.7218000000000302,"failureMessages":[],"meta":{}},{"ancestorTitles":["canonical project knowledge home"],"fullName":"canonical project knowledge home keeps the canonical location out of the clone-specific working ephemera","status":"passed","title":"keeps the canonical location out of the clone-specific working ephemera","duration":202.4842,"failureMessages":[],"meta":{}},{"ancestorTitles":["canonical project knowledge home"],"fullName":"canonical project knowledge home finds every clone that carries the same project identity","status":"passed","title":"finds every clone that carries the same project identity","duration":504.7892999999999,"failureMessages":[],"meta":{}},{"ancestorTitles":["canonical project knowledge home"],"fullName":"canonical project knowledge home previews the plan and writes absolutely nothing","status":"passed","title":"previews the plan and writes absolutely nothing","duration":203.00549999999998,"failureMessages":[],"meta":{}},{"ancestorTitles":["canonical project knowledge home"],"fullName":"canonical project knowledge home moves a single catalog and leaves nothing behind","status":"passed","title":"moves a single catalog and leaves nothing behind","duration":196.5507,"failureMessages":[],"meta":{}},{"ancestorTitles":["canonical project knowledge home"],"fullName":"canonical project knowledge home deduplicates identical catalogs, moving one and reporting the rest","status":"passed","title":"deduplicates identical catalogs, moving one and reporting the rest","duration":524.3894000000003,"failureMessages":[],"meta":{}},{"ancestorTitles":["canonical project knowledge home"],"fullName":"canonical project knowledge home reports divergent catalogs and chooses, moves, and deletes nothing","status":"passed","title":"reports divergent catalogs and chooses, moves, and deletes nothing","duration":547.6313,"failureMessages":[],"meta":{}},{"ancestorTitles":["canonical project knowledge home"],"fullName":"canonical project knowledge home migrates the knowledge two clones agree on and leaves only the conflict alone","status":"passed","title":"migrates the knowledge two clones agree on and leaves only the conflict alone","duration":565.6409999999996,"failureMessages":[],"meta":{}},{"ancestorTitles":["canonical project knowledge home"],"fullName":"canonical project knowledge home re-runs safely and reports there is nothing left to do","status":"passed","title":"re-runs safely and reports there is nothing left to do","duration":201.00589999999966,"failureMessages":[],"meta":{}},{"ancestorTitles":["canonical project knowledge home"],"fullName":"canonical project knowledge home completes an interrupted run without duplicating what already moved","status":"passed","title":"completes an interrupted run without duplicating what already moved","duration":560.2816999999995,"failureMessages":[],"meta":{}},{"ancestorTitles":["canonical project knowledge home"],"fullName":"canonical project knowledge home leaves every original in place when the canonical copy cannot be verified","status":"passed","title":"leaves every original in place when the canonical copy cannot be verified","duration":193.16930000000048,"failureMessages":[],"meta":{}},{"ancestorTitles":["canonical project knowledge home"],"fullName":"canonical project knowledge home reads a plan without writing anything, so a read-only surface can report it","status":"passed","title":"reads a plan without writing anything, so a read-only surface can report it","duration":188.7396000000008,"failureMessages":[],"meta":{}},{"ancestorTitles":["canonical project knowledge home"],"fullName":"canonical project knowledge home reads two catalogs differing only in line endings as the same knowledge","status":"passed","title":"reads two catalogs differing only in line endings as the same knowledge","duration":589.1569,"failureMessages":[],"meta":{}}],"startTime":1785514599051,"endTime":1785514603533.157,"status":"passed","message":"","name":"E:/AI/ChatAI/Agents/VibeCodingProjects/workflow/Reference/OpenSpec-code-wt-pr121-review/test/core/project-knowledge-home.test.ts"},{"assertionResults":[{"ancestorTitles":["retention codify end-to-end"],"fullName":"retention codify end-to-end codify -> knowledge apply -> archive -> materialize on the next reconciliation","status":"passed","title":"codify -> knowledge apply -> archive -> materialize on the next reconciliation","duration":1544.9917,"failureMessages":[],"meta":{}},{"ancestorTitles":["retention codify end-to-end"],"fullName":"retention codify end-to-end does not persist prompt-like evidence verbatim and does not let it escalate scope","status":"passed","title":"does not persist prompt-like evidence verbatim and does not let it escalate scope","duration":231.42489999999998,"failureMessages":[],"meta":{}},{"ancestorTitles":["retention codify end-to-end"],"fullName":"retention codify end-to-end blocks a global promotion that lacks two-project evidence or explicit approval","status":"passed","title":"blocks a global promotion that lacks two-project evidence or explicit approval","duration":219.5054,"failureMessages":[],"meta":{}},{"ancestorTitles":["retention codify end-to-end"],"fullName":"retention codify end-to-end never modifies a human-authored skill directory during materialization","status":"passed","title":"never modifies a human-authored skill directory during materialization","duration":855.9411,"failureMessages":[],"meta":{}}],"startTime":1785514604917,"endTime":1785514607768.9412,"status":"passed","message":"","name":"E:/AI/ChatAI/Agents/VibeCodingProjects/workflow/Reference/OpenSpec-code-wt-pr121-review/test/core/retention-codify-e2e.test.ts"},{"assertionResults":[{"ancestorTitles":["runtime adapter registry"],"fullName":"runtime adapter registry declares the exact shipped capability matrix","status":"passed","title":"declares the exact shipped capability matrix","duration":1.4150000000000205,"failureMessages":[],"meta":{}},{"ancestorTitles":["runtime adapter registry"],"fullName":"runtime adapter registry derives deterministic capability sets in registry order","status":"passed","title":"derives deterministic capability sets in registry order","duration":0.32229999999998427,"failureMessages":[],"meta":{}},{"ancestorTitles":["runtime adapter registry"],"fullName":"runtime adapter registry checks membership against the requested capability","status":"passed","title":"checks membership against the requested capability","duration":0.37800000000004275,"failureMessages":[],"meta":{}},{"ancestorTitles":["runtime adapter registry"],"fullName":"runtime adapter registry exposes immutable registry and derived lists","status":"passed","title":"exposes immutable registry and derived lists","duration":0.17339999999995825,"failureMessages":[],"meta":{}},{"ancestorTitles":["host runtime detection"],"fullName":"host runtime detection detects unrestricted Codex from CODEX_THREAD_ID alone","status":"passed","title":"detects unrestricted Codex from CODEX_THREAD_ID alone","duration":0.18580000000002883,"failureMessages":[],"meta":{}},{"ancestorTitles":["host runtime detection"],"fullName":"host runtime detection lets Codex fingerprints outrank inherited Claude fingerprints","status":"passed","title":"lets Codex fingerprints outrank inherited Claude fingerprints","duration":0.1530999999999949,"failureMessages":[],"meta":{}},{"ancestorTitles":["host runtime detection"],"fullName":"host runtime detection lets a valid explicit override outrank fingerprints","status":"passed","title":"lets a valid explicit override outrank fingerprints","duration":0.15750000000002728,"failureMessages":[],"meta":{}},{"ancestorTitles":["host runtime detection"],"fullName":"host runtime detection falls through an invalid override to real fingerprints","status":"passed","title":"falls through an invalid override to real fingerprints","duration":0.16219999999998436,"failureMessages":[],"meta":{}},{"ancestorTitles":["host runtime detection"],"fullName":"host runtime detection reports unknown host provenance without recognized fingerprints","status":"passed","title":"reports unknown host provenance without recognized fingerprints","duration":0.2095000000000482,"failureMessages":[],"meta":{}},{"ancestorTitles":["host x target dispatch routes"],"fullName":"host x target dispatch routes resolves claude -> claude as native","status":"passed","title":"resolves claude -> claude as native","duration":0.6739000000000033,"failureMessages":[],"meta":{}},{"ancestorTitles":["host x target dispatch routes"],"fullName":"host x target dispatch routes resolves claude -> codex as exec-bridge","status":"passed","title":"resolves claude -> codex as exec-bridge","duration":0.12899999999996226,"failureMessages":[],"meta":{}},{"ancestorTitles":["host x target dispatch routes"],"fullName":"host x target dispatch routes resolves codex -> claude as exec-bridge","status":"passed","title":"resolves codex -> claude as exec-bridge","duration":0.10190000000000055,"failureMessages":[],"meta":{}},{"ancestorTitles":["host x target dispatch routes"],"fullName":"host x target dispatch routes resolves codex -> codex as native","status":"passed","title":"resolves codex -> codex as native","duration":0.06770000000000209,"failureMessages":[],"meta":{}},{"ancestorTitles":["host x target dispatch routes"],"fullName":"host x target dispatch routes resolves unknown -> claude as legacy-fallback","status":"passed","title":"resolves unknown -> claude as legacy-fallback","duration":0.07130000000000791,"failureMessages":[],"meta":{}},{"ancestorTitles":["host x target dispatch routes"],"fullName":"host x target dispatch routes resolves unknown -> codex as legacy-fallback","status":"passed","title":"resolves unknown -> codex as legacy-fallback","duration":0.06580000000002428,"failureMessages":[],"meta":{}},{"ancestorTitles":["host x target dispatch routes"],"fullName":"host x target dispatch routes identifies each cross-host bridge explicitly","status":"passed","title":"identifies each cross-host bridge explicitly","duration":0.6607000000000198,"failureMessages":[],"meta":{}}],"startTime":1785514625013,"endTime":1785514625018.6606,"status":"passed","message":"","name":"E:/AI/ChatAI/Agents/VibeCodingProjects/workflow/Reference/OpenSpec-code-wt-pr121-review/test/core/runtime-adapters.test.ts"},{"assertionResults":[{"ancestorTitles":["resolveThreshold"],"fullName":"resolveThreshold keeps configured-stage and stage YAML above schemes","status":"passed","title":"keeps configured-stage and stage YAML above schemes","duration":3.192099999999982,"failureMessages":[],"meta":{}},{"ancestorTitles":["resolveThreshold"],"fullName":"resolveThreshold selects rows before scopes so store runtime beats project default","status":"passed","title":"selects rows before scopes so store runtime beats project default","duration":0.481899999999996,"failureMessages":[],"meta":{}},{"ancestorTitles":["resolveThreshold"],"fullName":"resolveThreshold keeps every runtime/default row and scope candidate in row-first order","status":"passed","title":"keeps every runtime/default row and scope candidate in row-first order","duration":1.0294000000000096,"failureMessages":[],"meta":{}},{"ancestorTitles":["resolveThreshold"],"fullName":"resolveThreshold uses scheme role override and preserves dual forms","status":"passed","title":"uses scheme role override and preserves dual forms","duration":0.30009999999998627,"failureMessages":[],"meta":{}},{"ancestorTitles":["resolveThreshold"],"fullName":"resolveThreshold uses only default rows for absent/unrecognized runtimes","status":"passed","title":"uses only default rows for absent/unrecognized runtimes","duration":0.24190000000004375,"failureMessages":[],"meta":{}},{"ancestorTitles":["resolveThreshold"],"fullName":"resolveThreshold diagnoses dangling/invalid candidates and falls through deterministically","status":"passed","title":"diagnoses dangling/invalid candidates and falls through deterministically","duration":0.49919999999997344,"failureMessages":[],"meta":{}},{"ancestorTitles":["resolveThreshold"],"fullName":"resolveThreshold treats inherited object properties as missing schemes","status":"passed","title":"treats inherited object properties as missing schemes","duration":0.32850000000001955,"failureMessages":[],"meta":{}},{"ancestorTitles":["resolveThreshold"],"fullName":"resolveThreshold ignores inherited 'codex' binding rows","status":"passed","title":"ignores inherited 'codex' binding rows","duration":0.28040000000004284,"failureMessages":[],"meta":{}},{"ancestorTitles":["resolveThreshold"],"fullName":"resolveThreshold ignores inherited 'default' binding rows","status":"passed","title":"ignores inherited 'default' binding rows","duration":0.176400000000001,"failureMessages":[],"meta":{}},{"ancestorTitles":["resolveThreshold"],"fullName":"resolveThreshold preserves the complete no-binding precedence chain","status":"passed","title":"preserves the complete no-binding precedence chain","duration":0.6165999999999485,"failureMessages":[],"meta":{}},{"ancestorTitles":["resolveThreshold"],"fullName":"resolveThreshold preserves every reuse fallback edge below scheme selection","status":"passed","title":"preserves every reuse fallback edge below scheme selection","duration":0.22579999999999245,"failureMessages":[],"meta":{}}],"startTime":1785514618070,"endTime":1785514618078.2258,"status":"passed","message":"","name":"E:/AI/ChatAI/Agents/VibeCodingProjects/workflow/Reference/OpenSpec-code-wt-pr121-review/test/core/threshold-resolver.test.ts"},{"assertionResults":[{"ancestorTitles":["UpdateCommand","basic validation"],"fullName":"UpdateCommand basic validation should throw error if openspec directory does not exist","status":"passed","title":"should throw error if openspec directory does not exist","duration":6.972099999999955,"failureMessages":[],"meta":{}},{"ancestorTitles":["UpdateCommand","basic validation"],"fullName":"UpdateCommand basic validation should report no configured tools when none exist","status":"passed","title":"should report no configured tools when none exist","duration":96.00369999999975,"failureMessages":[],"meta":{}},{"ancestorTitles":["UpdateCommand","expert-selection migration notice locale (locale-diagnostic-reporter)"],"fullName":"UpdateCommand expert-selection migration notice locale (locale-diagnostic-reporter) renders the notice in the resolved CLI locale","status":"passed","title":"renders the notice in the resolved CLI locale","duration":68.87760000000026,"failureMessages":[],"meta":{}},{"ancestorTitles":["UpdateCommand","skill updates"],"fullName":"UpdateCommand skill updates should update skill files for configured Claude tool","status":"passed","title":"should update skill files for configured Claude tool","duration":332.42700000000013,"failureMessages":[],"meta":{}},{"ancestorTitles":["UpdateCommand","skill updates"],"fullName":"UpdateCommand skill updates should update core profile skill files when tool is configured","status":"passed","title":"should update core profile skill files when tool is configured","duration":284.7851999999998,"failureMessages":[],"meta":{}},{"ancestorTitles":["UpdateCommand","command updates (retired)"],"fullName":"UpdateCommand command updates (retired) never creates a command file for a configured Claude tool — skills are the only delivery surface","status":"passed","title":"never creates a command file for a configured Claude tool — skills are the only delivery surface","duration":341.0657000000001,"failureMessages":[],"meta":{}},{"ancestorTitles":["UpdateCommand","command updates (retired)"],"fullName":"UpdateCommand command updates (retired) updates core profile skills, and never creates a command file, when a tool is configured","status":"passed","title":"updates core profile skills, and never creates a command file, when a tool is configured","duration":333.38160000000016,"failureMessages":[],"meta":{}},{"ancestorTitles":["UpdateCommand","multi-tool support"],"fullName":"UpdateCommand multi-tool support should update multiple configured tools","status":"passed","title":"should update multiple configured tools","duration":569.1877,"failureMessages":[],"meta":{}},{"ancestorTitles":["UpdateCommand","multi-tool support"],"fullName":"UpdateCommand multi-tool support updates Qwen skills and never creates a command file","status":"passed","title":"updates Qwen skills and never creates a command file","duration":326.6705000000002,"failureMessages":[],"meta":{}},{"ancestorTitles":["UpdateCommand","multi-tool support"],"fullName":"UpdateCommand multi-tool support updates Windsurf skills and never creates a command file","status":"passed","title":"updates Windsurf skills and never creates a command file","duration":561.0643,"failureMessages":[],"meta":{}},{"ancestorTitles":["UpdateCommand","multi-tool support"],"fullName":"UpdateCommand multi-tool support should treat Hermes as configured via its global skills home and refresh only rasen- skills there","status":"passed","title":"should treat Hermes as configured via its global skills home and refresh only rasen- skills there","duration":300.7662,"failureMessages":[],"meta":{}},{"ancestorTitles":["UpdateCommand","error handling"],"fullName":"UpdateCommand error handling should handle tool update failures gracefully","status":"passed","title":"should handle tool update failures gracefully","duration":120.22620000000006,"failureMessages":[],"meta":{}},{"ancestorTitles":["UpdateCommand","error handling"],"fullName":"UpdateCommand error handling should continue updating other tools when one fails","status":"passed","title":"should continue updating other tools when one fails","duration":339.8175000000001,"failureMessages":[],"meta":{}},{"ancestorTitles":["UpdateCommand","tool detection"],"fullName":"UpdateCommand tool detection should detect too
[...]
ullName":"createWorkflowSubmitter (workflow-http-api design D4) input guards (400, no spawn — the echoing fake would 200/201 if reached) relative init output → 400","status":"passed","title":"relative init output → 400","duration":0.18860000000017862,"failureMessages":[],"meta":{}},{"ancestorTitles":["createWorkflowSubmitter (workflow-http-api design D4)","input guards (400, no spawn — the echoing fake would 200/201 if reached)"],"fullName":"createWorkflowSubmitter (workflow-http-api design D4) input guards (400, no spawn — the echoing fake would 200/201 if reached) option-shaped id (leading hyphen) → 400 on every id-bearing op","status":"passed","title":"option-shaped id (leading hyphen) → 400 on every id-bearing op","duration":0.2880000000000109,"failureMessages":[],"meta":{}},{"ancestorTitles":["createWorkflowSubmitter (workflow-http-api design D4)","input guards (400, no spawn — the echoing fake would 200/201 if reached)"],"fullName":"createWorkflowSubmitter (workflow-http-api design D4) input guards (400, no spawn — the echoing fake would 200/201 if reached) an id with characters outside the manifest identifier form → 400 (never refuses an id the CLI accepts)","status":"passed","title":"an id with characters outside the manifest identifier form → 400 (never refuses an id the CLI accepts)","duration":0.1894999999999527,"failureMessages":[],"meta":{}},{"ancestorTitles":["createWorkflowSubmitter (workflow-http-api design D4)","subprocess outcomes"],"fullName":"createWorkflowSubmitter (workflow-http-api design D4) subprocess outcomes passes a CLI failure message through verbatim as 422","status":"passed","title":"passes a CLI failure message through verbatim as 422","duration":102.52559999999994,"failureMessages":[],"meta":{}},{"ancestorTitles":["createWorkflowSubmitter (workflow-http-api design D4)","subprocess outcomes"],"fullName":"createWorkflowSubmitter (workflow-http-api design D4) subprocess outcomes passes a built-in delete refusal through verbatim as 422","status":"passed","title":"passes a built-in delete refusal through verbatim as 422","duration":99.47719999999981,"failureMessages":[],"meta":{}},{"ancestorTitles":["createWorkflowSubmitter (workflow-http-api design D4)","subprocess outcomes"],"fullName":"createWorkflowSubmitter (workflow-http-api design D4) subprocess outcomes refuses an overlapping mutation with 409 busy (cap-1)","status":"passed","title":"refuses an overlapping mutation with 409 busy (cap-1)","duration":402.11649999999986,"failureMessages":[],"meta":{}},{"ancestorTitles":["createWorkflowSubmitter (workflow-http-api design D4)","subprocess outcomes"],"fullName":"createWorkflowSubmitter (workflow-http-api design D4) subprocess outcomes an unknown op is rejected before it can occupy the cap-1 slot","status":"passed","title":"an unknown op is rejected before it can occupy the cap-1 slot","duration":386.69309999999996,"failureMessages":[],"meta":{}},{"ancestorTitles":["createWorkflowSubmitter (workflow-http-api design D4)","subprocess outcomes"],"fullName":"createWorkflowSubmitter (workflow-http-api design D4) subprocess outcomes times out a hung subprocess with 504","status":"passed","title":"times out a hung subprocess with 504","duration":564.6757000000002,"failureMessages":[],"meta":{}}],"startTime":1785514618756,"endTime":1785514620856.6758,"status":"passed","message":"","name":"E:/AI/ChatAI/Agents/VibeCodingProjects/workflow/Reference/OpenSpec-code-wt-pr121-review/test/core/management-api/workflow-submit.test.ts"},{"assertionResults":[{"ancestorTitles":["retired-command-paths"],"fullName":"retired-command-paths freezes exactly the 19 built-in command ids","status":"passed","title":"freezes exactly the 19 built-in command ids","duration":2.0533000000000357,"failureMessages":[],"meta":{}},{"ancestorTitles":["retired-command-paths"],"fullName":"retired-command-paths strips the -command suffix from fusion workflow ids","status":"passed","title":"strips the -command suffix from fusion workflow ids","duration":0.3532000000000153,"failureMessages":[],"meta":{}},{"ancestorTitles":["retired-command-paths"],"fullName":"retired-command-paths resolves a current path for a known tool, built with path.join","status":"passed","title":"resolves a current path for a known tool, built with path.join","duration":0.3213000000000079,"failureMessages":[],"meta":{}},{"ancestorTitles":["retired-command-paths"],"fullName":"retired-command-paths returns null for an unknown tool id","status":"passed","title":"returns null for an unknown tool id","duration":0.1198999999999728,"failureMessages":[],"meta":{}},{"ancestorTitles":["retired-command-paths"],"fullName":"retired-command-paths candidates for a fusion workflow id include current, -command legacy, and opsx variants","status":"passed","title":"candidates for a fusion workflow id include current, -command legacy, and opsx variants","duration":0.5944000000000074,"failureMessages":[],"meta":{}},{"ancestorTitles":["retired-command-paths"],"fullName":"retired-command-paths candidates for a hyphen-form tool include the current and opsx-prefixed dash variants","status":"passed","title":"candidates for a hyphen-form tool include the current and opsx-prefixed dash variants","duration":0.3490000000000464,"failureMessages":[],"meta":{}},{"ancestorTitles":["retired-command-paths"],"fullName":"retired-command-paths getLegacyCommandFilePath is null when the workflow id carries no -command suffix","status":"passed","title":"getLegacyCommandFilePath is null when the workflow id carries no -command suffix","duration":0.169399999999996,"failureMessages":[],"meta":{}},{"ancestorTitles":["retired-command-paths"],"fullName":"retired-command-paths getAllRetiredCommandFilePathCandidates covers every one of the 19 ids for a tool","status":"passed","title":"getAllRetiredCommandFilePathCandidates covers every one of the 19 ids for a tool","duration":0.6410000000000196,"failureMessages":[],"meta":{}},{"ancestorTitles":["retired-command-paths"],"fullName":"retired-command-paths builds every path with path.join (no hardcoded separators)","status":"passed","title":"builds every path with path.join (no hardcoded separators)","duration":1.056100000000015,"failureMessages":[],"meta":{}}],"startTime":1785514639861,"endTime":1785514639867.0562,"status":"passed","message":"","name":"E:/AI/ChatAI/Agents/VibeCodingProjects/workflow/Reference/OpenSpec-code-wt-pr121-review/test/core/shared/retired-command-paths.test.ts"},{"assertionResults":[{"ancestorTitles":["skill sidecar install (init + update real run)"],"fullName":"skill sidecar install (init + update real run) installs sidecars on init and stays idempotent on update","status":"passed","title":"installs sidecars on init and stays idempotent on update","duration":1210.4252999999999,"failureMessages":[],"meta":{}}],"startTime":1785514625928,"endTime":1785514627138.4253,"status":"passed","message":"","name":"E:/AI/ChatAI/Agents/VibeCodingProjects/workflow/Reference/OpenSpec-code-wt-pr121-review/test/core/shared/skill-sidecar-install.test.ts"},{"assertionResults":[{"ancestorTitles":["M11 — probeStoreMetadataState"],"fullName":"M11 — probeStoreMetadataState returns absent when neither modern nor legacy metadata exists","status":"passed","title":"returns absent when neither modern nor legacy metadata exists","duration":7.046999999999969,"failureMessages":[],"meta":{}},{"ancestorTitles":["M11 — probeStoreMetadataState"],"fullName":"M11 — probeStoreMetadataState returns valid when only legacy metadata exists","status":"passed","title":"returns valid when only legacy metadata exists","duration":24.198199999999986,"failureMessages":[],"meta":{}},{"ancestorTitles":["M11 — probeStoreMetadataState"],"fullName":"M11 — probeStoreMetadataState returns unreadable when legacy metadata exists but is corrupt","status":"passed","title":"returns unreadable when legacy metadata exists but is corrupt","duration":17.127099999999984,"failureMessages":[],"meta":{}},{"ancestorTitles":["M11 — probeStoreMetadataState"],"fullName":"M11 — probeStoreMetadataState returns unreadable when modern metadata is corrupt","status":"passed","title":"returns unreadable when modern metadata is corrupt","duration":7.737599999999986,"failureMessages":[],"meta":{}},{"ancestorTitles":["M11 — probeStoreMetadataState"],"fullName":"M11 — probeStoreMetadataState returns valid when modern metadata exists","status":"passed","title":"returns valid when modern metadata exists","duration":15.183499999999981,"failureMessages":[],"meta":{}}],"startTime":1785514635595,"endTime":1785514635667.1836,"status":"passed","message":"","name":"E:/AI/ChatAI/Agents/VibeCodingProjects/workflow/Reference/OpenSpec-code-wt-pr121-review/test/core/store/bootstrap-metadata-probe.test.ts"},{"assertionResults":[{"ancestorTitles":["store metadata legacy compatibility"],"fullName":"store metadata legacy compatibility uses the rasen name as the canonical constant","status":"passed","title":"uses the rasen name as the canonical constant","duration":2.9160999999999717,"failureMessages":[],"meta":{}},{"ancestorTitles":["store metadata legacy compatibility"],"fullName":"store metadata legacy compatibility new registration writes .rasen-store and never creates .openspec-store","status":"passed","title":"new registration writes .rasen-store and never creates .openspec-store","duration":11.83420000000001,"failureMessages":[],"meta":{}},{"ancestorTitles":["store metadata legacy compatibility"],"fullName":"store metadata legacy compatibility recognizes and reads a legacy-only store root","status":"passed","title":"recognizes and reads a legacy-only store root","duration":21.51139999999998,"failureMessages":[],"meta":{}},{"ancestorTitles":["store metadata legacy compatibility"],"fullName":"store metadata legacy compatibility copies legacy metadata forward to .rasen-store, leaving the legacy dir intact","status":"passed","title":"copies legacy metadata forward to .rasen-store, leaving the legacy dir intact","duration":10.485199999999963,"failureMessages":[],"meta":{}},{"ancestorTitles":["store metadata legacy compatibility"],"fullName":"store metadata legacy compatibility copy-forward is a no-op when rasen metadata already exists","status":"passed","title":"copy-forward is a no-op when rasen metadata already exists","duration":7.601400000000012,"failureMessages":[],"meta":{}}],"startTime":1785514636219,"endTime":1785514636272.6013,"status":"passed","message":"","name":"E:/AI/ChatAI/Agents/VibeCodingProjects/workflow/Reference/OpenSpec-code-wt-pr121-review/test/core/store/legacy-metadata.test.ts"},{"assertionResults":[{"ancestorTitles":["migration engine"],"fullName":"migration engine detects case-insensitive collisions on all platforms","status":"passed","title":"detects case-insensitive collisions on all platforms","duration":3.084600000000023,"failureMessages":[],"meta":{}},{"ancestorTitles":["migration engine"],"fullName":"migration engine copies then verifies a tree by count and size","status":"passed","title":"copies then verifies a tree by count and size","duration":18.552999999999997,"failureMessages":[],"meta":{}},{"ancestorTitles":["migration engine"],"fullName":"migration engine verify fails on a size mismatch","status":"passed","title":"verify fails on a size mismatch","duration":4.1836999999999875,"failureMessages":[],"meta":{}},{"ancestorTitles":["migration engine"],"fullName":"migration engine moveTreeVerified deletes the source only after a passing verify","status":"passed","title":"moveTreeVerified deletes the source only after a passing verify","duration":17.587500000000034,"failureMessages":[],"meta":{}},{"ancestorTitles":["migration engine"],"fullName":"migration engine renders a pathspec-scoped commit command without executing it","status":"passed","title":"renders a pathspec-scoped commit command without executing it","duration":1.589999999999975,"failureMessages":[],"meta":{}},{"ancestorTitles":["migration engine"],"fullName":"migration engine round-trips the adoption manifest","status":"passed","title":"round-trips the adoption manifest","duration":40.301999999999964,"failureMessages":[],"meta":{}}],"startTime":1785514633876,"endTime":1785514633961.302,"status":"passed","message":"","name":"E:/AI/ChatAI/Agents/VibeCodingProjects/workflow/Reference/OpenSpec-code-wt-pr121-review/test/core/store/migration.test.ts"},{"assertionResults":[{"ancestorTitles":["generated archive consumers use the authoritative engine"],"fullName":"generated archive consumers use the authoritative engine single contains plan and apply engine invocations","status":"passed","title":"single contains plan and apply engine invocations","duration":1.266999999999996,"failureMessages":[],"meta":{}},{"ancestorTitles":["generated archive consumers use the authoritative engine"],"fullName":"generated archive consumers use the authoritative engine bulk contains plan and apply engine invocations","status":"passed","title":"bulk contains plan and apply engine invocations","duration":0.2452000000000112,"failureMessages":[],"meta":{}},{"ancestorTitles":["generated archive consumers use the authoritative engine"],"fullName":"generated archive consumers use the authoritative engine in-ship contains plan and apply engine invocations","status":"passed","title":"in-ship contains plan and apply engine invocations","duration":0.26809999999994716,"failureMessages":[],"meta":{}},{"ancestorTitles":["generated archive consumers use the authoritative engine"],"fullName":"generated archive consumers use the authoritative engine single contains no direct archive filesystem command","status":"passed","title":"single contains no direct archive filesystem command","duration":0.6265999999999963,"failureMessages":[],"meta":{}},{"ancestorTitles":["generated archive consumers use the authoritative engine"],"fullName":"generated archive consumers use the authoritative engine bulk contains no direct archive filesystem command","status":"passed","title":"bulk contains no direct archive filesystem command","duration":0.12379999999996016,"failureMessages":[],"meta":{}},{"ancestorTitles":["generated archive consumers use the authoritative engine"],"fullName":"generated archive consumers use the authoritative engine in-ship contains no direct archive filesystem command","status":"passed","title":"in-ship contains no direct archive filesystem command","duration":0.1268000000000029,"failureMessages":[],"meta":{}},{"ancestorTitles":["generated archive consumers use the authoritative engine"],"fullName":"generated archive consumers use the authoritative engine single archive emits strict versioned, change-bound handoff intent","status":"passed","title":"single archive emits strict versioned, change-bound handoff intent","duration":0.19069999999999254,"failureMessages":[],"meta":{}},{"ancestorTitles":["generated archive consumers use the authoritative engine"],"fullName":"generated archive consumers use the authoritative engine bulk summary describes only pre-hash archive facts","status":"passed","title":"bulk summary describes only pre-hash archive facts","duration":0.14470000000000027,"failureMessages":[],"meta":{}}],"startTime":1785514640181,"endTime":1785514640184.1907,"status":"passed","message":"","name":"E:/AI/ChatAI/Agents/VibeCodingProjects/workflow/Reference/OpenSpec-code-wt-pr121-review/test/core/templates/archive-engine-consumers.test.ts"},{"assertionResults":[{"ancestorTitles":["rasen-retain router and sidecars"],"fullName":"rasen-retain router and sidecars is a shallow router that loads only the matching branch","status":"passed","title":"is a shallow router that loads only the matching branch","duration":1.647899999999936,"failureMessages":[],"meta":{}},{"ancestorTitles":["rasen-retain router and sidecars"],"fullName":"rasen-retain router and sidecars uses the LEAD-frozen mode for every canonical retain stage","status":"passed","title":"uses the LEAD-frozen mode for every canonical retain stage","duration":0.3371999999999389,"failureMessages":[],"meta":{}},{"ancestorTitles":["rasen-retain router and sidecars"],"fullName":"rasen-retain router and sidecars ships the report and codify sidecars in the published skills tree","status":"passed","title":"ships the report and codify sidecars in the published skills tree","duration":1.598799999999983,"failureMessages":[],"meta":{}},{"ancestorTitles":["rasen-retain router and sidecars"],"fullName":"rasen-retain router and sidecars copies the retain sidecars next to a generated SKILL.md","status":"passed","title":"copies the retain sidecars next to a generated SKILL.md","duration":23.718200000000024,"failureMessages":[],"meta":{}},{"ancestorTitles":["rasen-retro compatibility wrapper"],"fullName":"rasen-retro compatibility wrapper is user-invoked only and forces report mode","status":"passed","title":"is user-invoked only and forces report mode","duration":0.3668999999999869,"failureMessages":[],"meta":{}}],"startTime":1785514637328,"endTime":1785514637356.367,"status":"passed","message":"","name":"E:/AI/ChatAI/Agents/VibeCodingProjects/workflow/Reference/OpenSpec-code-wt-pr121-review/test/core/templates/retain.test.ts"},{"assertionResults":[{"ancestorTitles":["workflow author and review expert skills"],"fullName":"workflow author and review expert skills registers both skills as always-installed experts with localized descriptions","status":"passed","title":"registers both skills as always-installed experts with localized descriptions","duration":3.4890000000000327,"failureMessages":[],"meta":{}},{"ancestorTitles":["workflow author and review expert skills"],"fullName":"workflow author and review expert skills keeps authoring in staging and delegates all permanent writes to workflow import","status":"passed","title":"keeps authoring in staging and delegates all permanent writes to workflow import","duration":0.5550000000000637,"failureMessages":[],"meta":{}},{"ancestorTitles":["workflow author and review expert skills"],"fullName":"workflow author and review expert skills requires an independent semantic review with structured security findings","status":"passed","title":"requires an independent semantic review with structured security findings","duration":0.3147000000000162,"failureMessages":[],"meta":{}},{"ancestorTitles":["workflow author and review expert skills"],"fullName":"workflow author and review expert skills packages the review checklist beside the generated skill","status":"passed","title":"packages the review checklist beside the generated skill","duration":30.295200000000023,"failureMessages":[],"meta":{}}],"startTime":1785514638325,"endTime":1785514638359.2952,"status":"passed","message":"","name":"E:/AI/ChatAI/Agents/VibeCodingProjects/workflow/Reference/OpenSpec-code-wt-pr121-review/test/core/templates/workflow-author-review.test.ts"},{"assertionResults":[{"ancestorTitles":["computeWorkflowDependencyGraph — decompose childPipeline traversal (design D7)"],"fullName":"computeWorkflowDependencyGraph — decompose childPipeline traversal (design D7) walks a decompose stage’s child pipeline: strong owner via child, weak owner via gated child stage","status":"passed","title":"walks a decompose stage’s child pipeline: strong owner via child, weak owner via gated child stage","duration":3.106700000000046,"failureMessages":[],"meta":{}},{"ancestorTitles":["computeWorkflowDependencyGraph — decompose childPipeline traversal (design D7)"],"fullName":"computeWorkflowDependencyGraph — decompose childPipeline traversal (design D7) a unit in the transitive strong closure is not also listed as a weak enhancer (t7)","status":"passed","title":"a unit in the transitive strong closure is not also listed as a weak enhancer (t7)","duration":0.8233000000000175,"failureMessages":[],"meta":{}}],"startTime":1785514641234,"endTime":1785514641237.8232,"status":"passed","message":"","name":"E:/AI/ChatAI/Agents/VibeCodingProjects/workflow/Reference/OpenSpec-code-wt-pr121-review/test/core/workflow-registry/dependency-graph-decompose.test.ts"}]}